<?xml version="1.0" encoding="utf-8"?><testsuites system="YI3" client="000" executedBy="BENTELER" time="1.793" timestamp="2021-11-29T09:19:47Z" failures="3" errors="0" skipped="0" asserts="1" tests="10"><testsuite name="" tests="1" failures="0" errors="0" skipped="0" asserts="0" package="/build/aunit_dummy_tests" timestamp="2021-11-29T09:19:47Z" time="0.000" hostname="ldai1yi3"><testcase classname="/build/aunit_dummy_tests.clas:/build/aunit_dummy_test_clas_g---/build/aunit_dummy_test_clas_g" name="test1" time="0.004" asserts="0"/></testsuite><testsuite name="" tests="0" failures="0" errors="0" skipped="0" asserts="0" package="/build/aunit_dummy_tests" timestamp="" time="0.000" hostname=""/><testsuite name="" tests="1" failures="0" errors="0" skipped="0" asserts="0" package="/build/aunit_dummy_tests" timestamp="2021-11-29T09:19:47Z" time="0.000" hostname="ldai1yi3"><testcase classname="/build/aunit_dummy_tests.clas:/build/aunit_dummy_test_clas_l---ltc_dangerous" name="test_dangerous" time="0.004" asserts="0"/></testsuite><testsuite name="" tests="2" failures="2" errors="0" skipped="0" asserts="1" package="/build/aunit_dummy_tests" timestamp="2021-11-29T09:19:47Z" time="0.000" hostname="ldai1yi3"><testcase classname="/build/aunit_dummy_tests.clas:/build/aunit_dummy_test_clas_l---ltc_fail" name="test_fail" time="0.004" asserts="1"><failure message="Critical Assertion Error: 'Test_Fail: ASSERT_EQUALS'" type="Assert Failure">Different values
  Expected [2] Actual [1]
Test 'LTC_FAIL-&gt;TEST_FAIL' in Main Program '/BUILD/AUNIT_DUMMY_TEST_CLAS_LCP'
Stack: 
Include: &lt;/BUILD/AUNIT_DUMMY_TEST_CLAS_LCCAU&gt; Line: &lt;85&gt; (TEST_FAIL)
</failure></testcase><testcase classname="/build/aunit_dummy_tests.clas:/build/aunit_dummy_test_clas_l---ltc_fail" name="test_fail_ex" time="0.003" asserts="0"><failure message="Exception Error &lt;/BUILD/CX_BUILD&gt;" type="Assert Failure">
Test 'LTC_FAIL-&gt;TEST_FAIL_EX' in Main Program '/BUILD/AUNIT_DUMMY_TEST_CLAS_LCP'
Stack: 
Include: &lt;/BUILD/AUNIT_DUMMY_TEST_CLAS_LCCAU&gt; Line: &lt;89&gt;
</failure></testcase></testsuite><testsuite name="" tests="0" failures="0" errors="0" skipped="0" asserts="0" package="/build/aunit_dummy_tests" timestamp="" time="0.000" hostname=""/><testsuite name="" tests="0" failures="0" errors="0" skipped="0" asserts="0" package="/build/aunit_dummy_tests" timestamp="" time="0.000" hostname=""/><testsuite name="" tests="2" failures="0" errors="0" skipped="0" asserts="0" package="/build/aunit_dummy_tests" timestamp="2021-11-29T09:19:47Z" time="0.000" hostname="ldai1yi3"><testcase classname="/build/aunit_dummy_tests.clas:/build/aunit_dummy_test_clas_l---ltc_short" name="test_short" time="0.004" asserts="0"/><testcase classname="/build/aunit_dummy_tests.clas:/build/aunit_dummy_test_clas_l---ltc_short" name="test_short2" time="0.004" asserts="0"/></testsuite><testsuite name="" tests="2" failures="0" errors="0" skipped="0" asserts="0" package="/build/aunit_dummy_tests" timestamp="2021-11-29T09:19:47Z" time="0.000" hostname="ldai1yi3"><testcase classname="/build/aunit_dummy_tests.prog:/build/aunit_dummy_test_prog---ltc_short" name="test_short" time="0.004" asserts="0"/><testcase classname="/build/aunit_dummy_tests.prog:/build/aunit_dummy_test_prog---ltc_short" name="test_short2" time="0.004" asserts="0"/></testsuite><testsuite name="" tests="2" failures="1" errors="0" skipped="0" asserts="0" package="/build/aunit_dummy_tests" timestamp="2021-11-29T09:19:47Z" time="0.000" hostname="ldai1yi3"><testcase classname="/build/aunit_dummy_tests.fugr:/build/aunit_dummy_test_fu---ltc_short" name="test_short" time="0.004" asserts="0"><failure message="Exception Error &lt;CX_SY_DYN_CALL_ILLEGAL_FUNC&gt;" type="Assert Failure">The function call failed; the function /BUILD/AUNIT_DUMMY_TEST_FUNC01 EXPORTING is either not activated or contains no code
Test 'LTC_SHORT-&gt;TEST_SHORT' in Main Program '/BUILD/SAPLAUNIT_DUMMY_TEST_FU'
Stack: 
Include: &lt;/BUILD/SAPLAUNIT_DUMMY_TEST_FU&gt; Line: &lt;28&gt;
</failure></testcase><testcase classname="/build/aunit_dummy_tests.fugr:/build/aunit_dummy_test_fu---ltc_short" name="test_short2" time="0.004" asserts="0"/></testsuite></testsuites>