<?xml version="1.0" encoding="utf-8"?>
<coverage branch-rate="0.500" branches-covered="1" branches-valid="1" line-rate="0.500" lines-covered="6" lines-valid="12" timestamp="1638177586.0000000000" version="1.2.3"><sources><source>any source</source></sources><packages><package branch-rate="0.500" complexity="1.5" line-rate="0.500" name="/BUILD/AUNIT_DUMMY_TESTS"><classes><class branch-rate="1.000" complexity="1.5" filename="/BUILD/AUNIT_DUMMY_TEST_CLAS_LCP.CLAS" line-rate="1.000" name="/BUILD/AUNIT_DUMMY_TEST_CLAS_L"><methods><method branch-rate="1.000" line-rate="1.000" name="DUMMY_ADD.METH" signature="S"><lines><line branch="true" condition-coverage="100% (1/1)" hits="1" number="1"><conditions><condition coverage="100%" number="0" type="jump"/></conditions></line><line branch="false" condition-coverage="100% (1/1)" hits="1" number="2"/></lines></method></methods><lines><line branch="true" condition-coverage="100% (1/1)" hits="1" number="1"><conditions><condition coverage="100%" number="0" type="jump"/></conditions></line><line branch="false" condition-coverage="100% (1/1)" hits="1" number="2"/></lines></class><class branch-rate="1.000" complexity="1.5" filename="/BUILD/AUNIT_DUMMY_TEST_PROG.PROG" line-rate="1.000" name="LCL_DUMMY"><methods><method branch-rate="1.000" line-rate="1.000" name="ADD.METH" signature="S"><lines><line branch="true" condition-coverage="100% (1/1)" hits="1" number="7"><conditions><condition coverage="100%" number="0" type="jump"/></conditions></line><line branch="false" condition-coverage="100% (1/1)" hits="1" number="8"/></lines></method></methods><lines><line branch="true" condition-coverage="100% (1/1)" hits="1" number="7"><conditions><condition coverage="100%" number="0" type="jump"/></conditions></line><line branch="false" condition-coverage="100% (1/1)" hits="1" number="8"/></lines></class><class branch-rate="0.500" complexity="1.5" filename="/BUILD/AUNIT_DUMMY_TEST_PROG.PROG" line-rate="0.500" name="/BUILD/AUNIT_DUMMY_TEST_PROG"><methods><method branch-rate="1.000" line-rate="1.000" name="SUBROUTINE_ADD.FORM" signature="S"><lines><line branch="true" condition-coverage="100% (1/1)" hits="1" number="1"><conditions><condition coverage="100%" number="0" type="jump"/></conditions></line><line branch="false" condition-coverage="100% (1/1)" hits="1" number="2"/></lines></method><method branch-rate="0.000" line-rate="0.000" name="START-OF-SELECTION:01.SSEL" signature="S"><lines><line branch="true" condition-coverage="0% (0/1)" hits="0" number="3"><conditions><condition coverage="0%" number="0" type="jump"/></conditions></line><line branch="false" condition-coverage="0% (0/1)" hits="0" number="4"/><line branch="false" condition-coverage="0% (0/1)" hits="0" number="5"/><line branch="false" condition-coverage="0% (0/1)" hits="0" number="6"/></lines></method></methods><lines><line branch="true" condition-coverage="100% (1/1)" hits="1" number="1"><conditions><condition coverage="100%" number="0" type="jump"/></conditions></line><line branch="false" condition-coverage="100% (1/1)" hits="1" number="2"/><line branch="true" condition-coverage="0% (0/1)" hits="0" number="3"><conditions><condition coverage="0%" number="0" type="jump"/></conditions></line><line branch="false" condition-coverage="0% (0/1)" hits="0" number="4"/><line branch="false" condition-coverage="0% (0/1)" hits="0" number="5"/><line branch="false" condition-coverage="0% (0/1)" hits="0" number="6"/></lines></class><class branch-rate="0.000" complexity="1.5" filename="/BUILD/AUNIT_DUMMY_TEST_PROG_F.PROG" line-rate="0.000" name="/BUILD/AUNIT_DUMMY_TEST_PROG_F"><methods><method branch-rate="0.000" line-rate="" name="START-OF-SELECTION:00.SSEL" signature="S"><lines/></method></methods><lines/></class><class branch-rate="0.000" complexity="1.5" filename="/BUILD/SAPLAUNIT_DUMMY_TEST_FU.FUGR" line-rate="0.000" name="/BUILD/SAPLAUNIT_DUMMY_TEST_FU"><methods><method branch-rate="0.000" line-rate="0.000" name="/BUILD/AUNIT_DUMMY_TEST_FUNC01.FUNC" signature="S"><lines><line branch="true" condition-coverage="0% (0/1)" hits="0" number="1"><conditions><condition coverage="0%" number="0" type="jump"/></conditions></line><line branch="false" condition-coverage="0% (0/1)" hits="0" number="2"/></lines></method></methods><lines><line branch="true" condition-coverage="0% (0/1)" hits="0" number="1"><conditions><condition coverage="0%" number="0" type="jump"/></conditions></line><line branch="false" condition-coverage="0% (0/1)" hits="0" number="2"/></lines></class></classes></package></packages></coverage>