<?xml version="1.0" encoding="utf-8"?><coverage line-rate="0.500" branch-rate="0.500" version="1.0" timestamp="1638177590000"><packages><package name="$SELECTION" line-rate="0.500" branch-rate="0.500"><classes><class name="/BUILD/AUNIT_DUMMY_TEST_CLAS_L" filename="/BUILD/AUNIT_DUMMY_TEST_CLAS_L" line-rate="1.000" branch-rate="1.000"><methods><method signature="" name="DUMMY_ADD" line-rate="1.000" branch-rate="1.000"><lines><line number="1" hits="1" branch="false"/><line number="2" hits="1" branch="false"/></lines></method></methods><lines><line number="1" hits="1" branch="false"/><line number="2" hits="1" branch="false"/></lines></class><class name="/BUILD/AUNIT_DUMMY_TEST_PROG" filename="/BUILD/AUNIT_DUMMY_TEST_PROG" line-rate="0.333" branch-rate="0.500"><methods><method signature="" name="START-OF-SELECTION:01" line-rate="0.000" branch-rate="0.000"><lines><line number="3" hits="0" branch="false"/><line number="4" hits="0" branch="false"/><line number="5" hits="0" branch="false"/><line number="6" hits="0" branch="false"/></lines></method><method signature="" name="SUBROUTINE_ADD" line-rate="1.000" branch-rate="1.000"><lines><line number="1" hits="1" branch="false"/><line number="2" hits="1" branch="false"/></lines></method></methods><lines><line number="1" hits="1" branch="false"/><line number="2" hits="1" branch="false"/><line number="3" hits="0" branch="false"/><line number="4" hits="0" branch="false"/><line number="5" hits="0" branch="false"/><line number="6" hits="0" branch="false"/></lines></class><class name="LCL_DUMMY" filename="/BUILD/AUNIT_DUMMY_TEST_PROG" line-rate="1.000" branch-rate="1.000"><methods><method signature="" name="ADD" line-rate="1.000" branch-rate="1.000"><lines><line number="7" hits="1" branch="false"/><line number="8" hits="1" branch="false"/></lines></method></methods><lines><line number="7" hits="1" branch="false"/><line number="8" hits="1" branch="false"/></lines></class><class name="/BUILD/AUNIT_DUMMY_TEST_PROG_F" filename="/BUILD/AUNIT_DUMMY_TEST_PROG_F" line-rate="0.000" branch-rate="0.000"><methods><method signature="" name="START-OF-SELECTION:00" line-rate="0.000" branch-rate="0.000"/></methods></class><class name="/BUILD/SAPLAUNIT_DUMMY_TEST_FU" filename="/BUILD/SAPLAUNIT_DUMMY_TEST_FU" line-rate="0.000" branch-rate="0.000"><methods><method signature="" name="/BUILD/AUNIT_DUMMY_TEST_FUNC01" line-rate="0.000" branch-rate="0.000"><lines><line number="1" hits="0" branch="false"/><line number="2" hits="0" branch="false"/></lines></method></methods><lines><line number="1" hits="0" branch="false"/><line number="2" hits="0" branch="false"/></lines></class></classes></package></packages></coverage>