mode: set
github.com/SAP/jenkins-library/pkg/cloudfoundry/Authentication.go:13.67,15.2 1 1
github.com/SAP/jenkins-library/pkg/cloudfoundry/Authentication.go:19.54,24.15 3 1
github.com/SAP/jenkins-library/pkg/cloudfoundry/Authentication.go:24.15,26.3 1 0
github.com/SAP/jenkins-library/pkg/cloudfoundry/Authentication.go:28.2,28.133 1 1
github.com/SAP/jenkins-library/pkg/cloudfoundry/Authentication.go:28.133,30.3 1 1
github.com/SAP/jenkins-library/pkg/cloudfoundry/Authentication.go:32.2,36.22 3 1
github.com/SAP/jenkins-library/pkg/cloudfoundry/Authentication.go:36.22,38.3 1 0
github.com/SAP/jenkins-library/pkg/cloudfoundry/Authentication.go:40.2,40.16 1 1
github.com/SAP/jenkins-library/pkg/cloudfoundry/Authentication.go:40.16,55.3 4 1
github.com/SAP/jenkins-library/pkg/cloudfoundry/Authentication.go:57.2,57.16 1 1
github.com/SAP/jenkins-library/pkg/cloudfoundry/Authentication.go:57.16,59.3 1 1
github.com/SAP/jenkins-library/pkg/cloudfoundry/Authentication.go:60.2,62.12 3 1
github.com/SAP/jenkins-library/pkg/cloudfoundry/Authentication.go:67.35,71.15 2 1
github.com/SAP/jenkins-library/pkg/cloudfoundry/Authentication.go:71.15,73.3 1 0
github.com/SAP/jenkins-library/pkg/cloudfoundry/Authentication.go:75.2,80.16 4 1
github.com/SAP/jenkins-library/pkg/cloudfoundry/Authentication.go:80.16,82.3 1 0
github.com/SAP/jenkins-library/pkg/cloudfoundry/Authentication.go:83.2,85.12 3 1
github.com/SAP/jenkins-library/pkg/cloudfoundry/Authentication.go:122.58,124.2 1 0
github.com/SAP/jenkins-library/pkg/cloudfoundry/Authentication.go:127.39,129.2 1 0
github.com/SAP/jenkins-library/pkg/cloudfoundry/Authentication.go:132.34,135.2 2 0
github.com/SAP/jenkins-library/pkg/cloudfoundry/ManifestUtils.go:40.50,47.16 4 1
github.com/SAP/jenkins-library/pkg/cloudfoundry/ManifestUtils.go:47.16,49.3 1 0
github.com/SAP/jenkins-library/pkg/cloudfoundry/ManifestUtils.go:51.2,52.16 2 1
github.com/SAP/jenkins-library/pkg/cloudfoundry/ManifestUtils.go:52.16,54.3 1 0
github.com/SAP/jenkins-library/pkg/cloudfoundry/ManifestUtils.go:56.2,58.15 2 1
github.com/SAP/jenkins-library/pkg/cloudfoundry/ManifestUtils.go:64.42,67.16 2 1
github.com/SAP/jenkins-library/pkg/cloudfoundry/ManifestUtils.go:67.16,69.3 1 0
github.com/SAP/jenkins-library/pkg/cloudfoundry/ManifestUtils.go:71.2,74.16 3 1
github.com/SAP/jenkins-library/pkg/cloudfoundry/ManifestUtils.go:74.16,76.3 1 1
github.com/SAP/jenkins-library/pkg/cloudfoundry/ManifestUtils.go:78.2,79.12 2 1
github.com/SAP/jenkins-library/pkg/cloudfoundry/ManifestUtils.go:83.41,85.2 1 1
github.com/SAP/jenkins-library/pkg/cloudfoundry/ManifestUtils.go:90.72,92.16 2 1
github.com/SAP/jenkins-library/pkg/cloudfoundry/ManifestUtils.go:92.16,94.3 1 1
github.com/SAP/jenkins-library/pkg/cloudfoundry/ManifestUtils.go:96.2,98.27 2 1
github.com/SAP/jenkins-library/pkg/cloudfoundry/ManifestUtils.go:98.27,99.51 1 1
github.com/SAP/jenkins-library/pkg/cloudfoundry/ManifestUtils.go:99.51,101.4 1 1
github.com/SAP/jenkins-library/pkg/cloudfoundry/ManifestUtils.go:101.9,103.4 1 0
github.com/SAP/jenkins-library/pkg/cloudfoundry/ManifestUtils.go:105.2,105.20 1 1
github.com/SAP/jenkins-library/pkg/cloudfoundry/ManifestUtils.go:109.81,112.16 2 1
github.com/SAP/jenkins-library/pkg/cloudfoundry/ManifestUtils.go:112.16,114.3 1 0
github.com/SAP/jenkins-library/pkg/cloudfoundry/ManifestUtils.go:116.2,116.26 1 1
github.com/SAP/jenkins-library/pkg/cloudfoundry/ManifestUtils.go:116.26,118.3 1 1
github.com/SAP/jenkins-library/pkg/cloudfoundry/ManifestUtils.go:120.2,121.16 2 1
github.com/SAP/jenkins-library/pkg/cloudfoundry/ManifestUtils.go:121.16,123.3 1 0
github.com/SAP/jenkins-library/pkg/cloudfoundry/ManifestUtils.go:125.2,127.16 2 1
github.com/SAP/jenkins-library/pkg/cloudfoundry/ManifestUtils.go:131.88,134.16 2 1
github.com/SAP/jenkins-library/pkg/cloudfoundry/ManifestUtils.go:134.16,136.3 1 0
github.com/SAP/jenkins-library/pkg/cloudfoundry/ManifestUtils.go:138.2,138.26 1 1
github.com/SAP/jenkins-library/pkg/cloudfoundry/ManifestUtils.go:138.26,140.3 1 0
github.com/SAP/jenkins-library/pkg/cloudfoundry/ManifestUtils.go:142.2,143.16 2 1
github.com/SAP/jenkins-library/pkg/cloudfoundry/ManifestUtils.go:143.16,145.3 1 0
github.com/SAP/jenkins-library/pkg/cloudfoundry/ManifestUtils.go:147.2,148.12 2 1
github.com/SAP/jenkins-library/pkg/cloudfoundry/ManifestUtils.go:148.12,150.3 1 1
github.com/SAP/jenkins-library/pkg/cloudfoundry/ManifestUtils.go:152.2,152.103 1 1
github.com/SAP/jenkins-library/pkg/cloudfoundry/ManifestUtils.go:156.58,159.16 2 1
github.com/SAP/jenkins-library/pkg/cloudfoundry/ManifestUtils.go:159.16,161.3 1 0
github.com/SAP/jenkins-library/pkg/cloudfoundry/ManifestUtils.go:163.2,163.38 1 1
github.com/SAP/jenkins-library/pkg/cloudfoundry/ManifestUtils.go:163.38,165.3 1 1
github.com/SAP/jenkins-library/pkg/cloudfoundry/ManifestUtils.go:167.2,167.86 1 0
github.com/SAP/jenkins-library/pkg/cloudfoundry/ManifestUtils.go:173.38,176.16 2 1
github.com/SAP/jenkins-library/pkg/cloudfoundry/ManifestUtils.go:176.16,178.3 1 0
github.com/SAP/jenkins-library/pkg/cloudfoundry/ManifestUtils.go:180.2,180.29 1 1
github.com/SAP/jenkins-library/pkg/cloudfoundry/ManifestUtils.go:180.29,182.17 2 1
github.com/SAP/jenkins-library/pkg/cloudfoundry/ManifestUtils.go:182.17,184.4 1 0
github.com/SAP/jenkins-library/pkg/cloudfoundry/ManifestUtils.go:186.3,187.17 2 1
github.com/SAP/jenkins-library/pkg/cloudfoundry/ManifestUtils.go:187.17,189.4 1 1
github.com/SAP/jenkins-library/pkg/cloudfoundry/ManifestUtils.go:192.2,192.12 1 1
github.com/SAP/jenkins-library/pkg/cloudfoundry/ManifestUtils.go:195.66,199.42 2 1
github.com/SAP/jenkins-library/pkg/cloudfoundry/ManifestUtils.go:199.42,200.20 1 1
github.com/SAP/jenkins-library/pkg/cloudfoundry/ManifestUtils.go:200.20,202.4 1 1
github.com/SAP/jenkins-library/pkg/cloudfoundry/ManifestUtils.go:205.2,205.37 1 1
github.com/SAP/jenkins-library/pkg/cloudfoundry/ManifestUtils.go:205.37,210.3 1 1
github.com/SAP/jenkins-library/pkg/cloudfoundry/ManifestUtils.go:212.2,213.16 2 1
github.com/SAP/jenkins-library/pkg/cloudfoundry/ManifestUtils.go:213.16,215.3 1 0
github.com/SAP/jenkins-library/pkg/cloudfoundry/ManifestUtils.go:217.2,217.25 1 1
github.com/SAP/jenkins-library/pkg/cloudfoundry/ManifestUtils.go:217.25,219.3 1 1
github.com/SAP/jenkins-library/pkg/cloudfoundry/ManifestUtils.go:221.2,221.26 1 1
github.com/SAP/jenkins-library/pkg/cloudfoundry/ManifestUtils.go:221.26,225.3 3 1
github.com/SAP/jenkins-library/pkg/cloudfoundry/ManifestUtils.go:227.2,227.12 1 1
github.com/SAP/jenkins-library/pkg/cloudfoundry/ManifestUtils.go:231.38,233.2 1 1
github.com/SAP/jenkins-library/pkg/cloudfoundry/ManifestUtils.go:235.59,237.45 1 1
github.com/SAP/jenkins-library/pkg/cloudfoundry/ManifestUtils.go:237.45,239.3 1 1
github.com/SAP/jenkins-library/pkg/cloudfoundry/ManifestUtils.go:240.2,240.85 1 0
github.com/SAP/jenkins-library/pkg/cloudfoundry/ManifestUtils.go:243.52,245.36 1 1
github.com/SAP/jenkins-library/pkg/cloudfoundry/ManifestUtils.go:245.36,247.3 1 1
github.com/SAP/jenkins-library/pkg/cloudfoundry/ManifestUtils.go:248.2,248.87 1 1
github.com/SAP/jenkins-library/pkg/cloudfoundry/Services.go:13.78,17.15 2 1
github.com/SAP/jenkins-library/pkg/cloudfoundry/Services.go:17.15,19.3 1 0
github.com/SAP/jenkins-library/pkg/cloudfoundry/Services.go:20.2,29.16 3 1
github.com/SAP/jenkins-library/pkg/cloudfoundry/Services.go:29.16,32.3 1 0
github.com/SAP/jenkins-library/pkg/cloudfoundry/Services.go:33.2,41.16 6 1
github.com/SAP/jenkins-library/pkg/cloudfoundry/Services.go:41.16,45.3 2 0
github.com/SAP/jenkins-library/pkg/cloudfoundry/Services.go:48.2,49.39 2 1
github.com/SAP/jenkins-library/pkg/cloudfoundry/Services.go:49.39,52.3 2 1
github.com/SAP/jenkins-library/pkg/cloudfoundry/Services.go:54.2,55.16 2 1
github.com/SAP/jenkins-library/pkg/cloudfoundry/Services.go:55.16,57.3 1 0
github.com/SAP/jenkins-library/pkg/cloudfoundry/Services.go:59.2,59.28 1 1
github.com/SAP/jenkins-library/pkg/cloudfoundry/Vars.go:16.49,18.2 1 1
github.com/SAP/jenkins-library/pkg/cloudfoundry/Vars.go:28.63,32.37 4 1
github.com/SAP/jenkins-library/pkg/cloudfoundry/Vars.go:32.37,34.17 2 1
github.com/SAP/jenkins-library/pkg/cloudfoundry/Vars.go:34.17,36.4 1 0
github.com/SAP/jenkins-library/pkg/cloudfoundry/Vars.go:37.3,37.21 1 1
github.com/SAP/jenkins-library/pkg/cloudfoundry/Vars.go:37.21,39.4 1 1
github.com/SAP/jenkins-library/pkg/cloudfoundry/Vars.go:39.9,41.4 1 1
github.com/SAP/jenkins-library/pkg/cloudfoundry/Vars.go:43.2,43.23 1 1
github.com/SAP/jenkins-library/pkg/cloudfoundry/Vars.go:43.23,48.3 1 1
github.com/SAP/jenkins-library/pkg/cloudfoundry/Vars.go:49.2,49.27 1 1
github.com/SAP/jenkins-library/pkg/cloudfoundry/Vars.go:54.54,58.25 4 1
github.com/SAP/jenkins-library/pkg/cloudfoundry/Vars.go:58.25,60.15 2 1
github.com/SAP/jenkins-library/pkg/cloudfoundry/Vars.go:60.15,62.4 1 0
github.com/SAP/jenkins-library/pkg/cloudfoundry/Vars.go:63.3,63.13 1 1
github.com/SAP/jenkins-library/pkg/cloudfoundry/Vars.go:63.13,65.12 2 0
github.com/SAP/jenkins-library/pkg/cloudfoundry/Vars.go:67.3,67.46 1 1
github.com/SAP/jenkins-library/pkg/cloudfoundry/Vars.go:70.2,70.26 1 1
github.com/SAP/jenkins-library/pkg/cloudfoundry/Vars.go:70.26,72.3 1 0
github.com/SAP/jenkins-library/pkg/cloudfoundry/Vars.go:73.2,73.24 1 1
github.com/SAP/jenkins-library/pkg/cloudfoundry/Vars.go:76.42,78.2 1 1
github.com/SAP/jenkins-library/pkg/abap/build/bfw.go:168.63,169.49 1 1
github.com/SAP/jenkins-library/pkg/abap/build/bfw.go:169.49,171.3 1 0
github.com/SAP/jenkins-library/pkg/abap/build/bfw.go:172.2,177.16 3 1
github.com/SAP/jenkins-library/pkg/abap/build/bfw.go:177.16,179.3 1 0
github.com/SAP/jenkins-library/pkg/abap/build/bfw.go:181.2,182.16 2 1
github.com/SAP/jenkins-library/pkg/abap/build/bfw.go:182.16,184.3 1 0
github.com/SAP/jenkins-library/pkg/abap/build/bfw.go:186.2,187.54 2 1
github.com/SAP/jenkins-library/pkg/abap/build/bfw.go:187.54,189.3 1 0
github.com/SAP/jenkins-library/pkg/abap/build/bfw.go:190.2,198.12 9 1
github.com/SAP/jenkins-library/pkg/abap/build/bfw.go:202.30,205.6 3 1
github.com/SAP/jenkins-library/pkg/abap/build/bfw.go:205.6,206.10 1 1
github.com/SAP/jenkins-library/pkg/abap/build/bfw.go:207.18,208.84 1 1
github.com/SAP/jenkins-library/pkg/abap/build/bfw.go:209.17,211.23 2 1
github.com/SAP/jenkins-library/pkg/abap/build/bfw.go:211.23,213.5 1 1
github.com/SAP/jenkins-library/pkg/abap/build/bfw.go:213.10,215.5 1 1
github.com/SAP/jenkins-library/pkg/abap/build/bfw.go:221.75,222.26 1 1
github.com/SAP/jenkins-library/pkg/abap/build/bfw.go:222.26,224.3 1 1
github.com/SAP/jenkins-library/pkg/abap/build/bfw.go:225.2,225.54 1 1
github.com/SAP/jenkins-library/pkg/abap/build/bfw.go:225.54,227.3 1 1
github.com/SAP/jenkins-library/pkg/abap/build/bfw.go:228.2,228.64 1 1
github.com/SAP/jenkins-library/pkg/abap/build/bfw.go:228.64,230.3 1 1
github.com/SAP/jenkins-library/pkg/abap/build/bfw.go:231.2,231.12 1 1
github.com/SAP/jenkins-library/pkg/abap/build/bfw.go:235.29,238.16 3 1
github.com/SAP/jenkins-library/pkg/abap/build/bfw.go:238.16,240.3 1 0
github.com/SAP/jenkins-library/pkg/abap/build/bfw.go:241.2,242.54 2 1
github.com/SAP/jenkins-library/pkg/abap/build/bfw.go:242.54,244.3 1 0
github.com/SAP/jenkins-library/pkg/abap/build/bfw.go:245.2,252.12 8 1
github.com/SAP/jenkins-library/pkg/abap/build/bfw.go:255.34,256.23 1 1
github.com/SAP/jenkins-library/pkg/abap/build/bfw.go:256.23,259.17 3 1
github.com/SAP/jenkins-library/pkg/abap/build/bfw.go:259.17,261.4 1 0
github.com/SAP/jenkins-library/pkg/abap/build/bfw.go:262.3,263.17 2 1
github.com/SAP/jenkins-library/pkg/abap/build/bfw.go:263.17,265.4 1 0
github.com/SAP/jenkins-library/pkg/abap/build/bfw.go:266.3,266.43 1 1
github.com/SAP/jenkins-library/pkg/abap/build/bfw.go:266.43,268.4 1 1
github.com/SAP/jenkins-library/pkg/abap/build/bfw.go:270.2,270.12 1 1
github.com/SAP/jenkins-library/pkg/abap/build/bfw.go:274.35,275.24 1 1
github.com/SAP/jenkins-library/pkg/abap/build/bfw.go:275.24,278.17 3 1
github.com/SAP/jenkins-library/pkg/abap/build/bfw.go:278.17,280.4 1 0
github.com/SAP/jenkins-library/pkg/abap/build/bfw.go:281.3,282.56 2 1
github.com/SAP/jenkins-library/pkg/abap/build/bfw.go:282.56,284.4 1 0
github.com/SAP/jenkins-library/pkg/abap/build/bfw.go:285.3,286.27 2 1
github.com/SAP/jenkins-library/pkg/abap/build/bfw.go:286.27,288.4 1 1
github.com/SAP/jenkins-library/pkg/abap/build/bfw.go:290.2,290.12 1 1
github.com/SAP/jenkins-library/pkg/abap/build/bfw.go:293.33,294.37 1 1
github.com/SAP/jenkins-library/pkg/abap/build/bfw.go:294.37,296.3 1 0
github.com/SAP/jenkins-library/pkg/abap/build/bfw.go:297.2,297.25 1 1
github.com/SAP/jenkins-library/pkg/abap/build/bfw.go:297.25,298.46 1 1
github.com/SAP/jenkins-library/pkg/abap/build/bfw.go:298.46,300.4 1 0
github.com/SAP/jenkins-library/pkg/abap/build/bfw.go:302.2,302.12 1 1
github.com/SAP/jenkins-library/pkg/abap/build/bfw.go:306.35,307.37 1 0
github.com/SAP/jenkins-library/pkg/abap/build/bfw.go:307.37,309.3 1 0
github.com/SAP/jenkins-library/pkg/abap/build/bfw.go:310.2,310.25 1 0
github.com/SAP/jenkins-library/pkg/abap/build/bfw.go:310.25,311.48 1 0
github.com/SAP/jenkins-library/pkg/abap/build/bfw.go:311.48,313.4 1 0
github.com/SAP/jenkins-library/pkg/abap/build/bfw.go:315.2,315.12 1 0
github.com/SAP/jenkins-library/pkg/abap/build/bfw.go:318.57,319.37 1 1
github.com/SAP/jenkins-library/pkg/abap/build/bfw.go:319.37,321.3 1 0
github.com/SAP/jenkins-library/pkg/abap/build/bfw.go:323.2,323.31 1 1
github.com/SAP/jenkins-library/pkg/abap/build/bfw.go:323.31,324.67 1 1
github.com/SAP/jenkins-library/pkg/abap/build/bfw.go:324.67,325.41 1 1
github.com/SAP/jenkins-library/pkg/abap/build/bfw.go:325.41,327.5 1 0
github.com/SAP/jenkins-library/pkg/abap/build/bfw.go:328.4,328.44 1 1
github.com/SAP/jenkins-library/pkg/abap/build/bfw.go:329.9,330.12 1 1
github.com/SAP/jenkins-library/pkg/abap/build/bfw.go:333.2,333.16 1 1
github.com/SAP/jenkins-library/pkg/abap/build/bfw.go:336.47,338.33 2 1
github.com/SAP/jenkins-library/pkg/abap/build/bfw.go:338.33,339.63 1 1
github.com/SAP/jenkins-library/pkg/abap/build/bfw.go:339.63,341.4 1 1
github.com/SAP/jenkins-library/pkg/abap/build/bfw.go:343.2,344.20 2 1
github.com/SAP/jenkins-library/pkg/abap/build/bfw.go:348.36,349.37 1 1
github.com/SAP/jenkins-library/pkg/abap/build/bfw.go:349.37,351.3 1 0
github.com/SAP/jenkins-library/pkg/abap/build/bfw.go:352.2,352.25 1 1
github.com/SAP/jenkins-library/pkg/abap/build/bfw.go:352.25,353.49 1 1
github.com/SAP/jenkins-library/pkg/abap/build/bfw.go:353.49,355.4 1 0
github.com/SAP/jenkins-library/pkg/abap/build/bfw.go:357.2,357.12 1 1
github.com/SAP/jenkins-library/pkg/abap/build/bfw.go:360.34,361.36 1 0
github.com/SAP/jenkins-library/pkg/abap/build/bfw.go:361.36,363.3 1 0
github.com/SAP/jenkins-library/pkg/abap/build/bfw.go:364.2,364.30 1 0
github.com/SAP/jenkins-library/pkg/abap/build/bfw.go:364.30,366.3 1 0
github.com/SAP/jenkins-library/pkg/abap/build/bfw.go:367.2,367.12 1 0
github.com/SAP/jenkins-library/pkg/abap/build/bfw.go:371.57,374.39 3 1
github.com/SAP/jenkins-library/pkg/abap/build/bfw.go:374.39,376.3 1 0
github.com/SAP/jenkins-library/pkg/abap/build/bfw.go:377.2,377.30 1 1
github.com/SAP/jenkins-library/pkg/abap/build/bfw.go:377.30,378.49 1 1
github.com/SAP/jenkins-library/pkg/abap/build/bfw.go:378.49,379.54 1 1
github.com/SAP/jenkins-library/pkg/abap/build/bfw.go:379.54,381.5 1 1
github.com/SAP/jenkins-library/pkg/abap/build/bfw.go:384.2,384.22 1 1
github.com/SAP/jenkins-library/pkg/abap/build/bfw.go:385.9,386.77 1 1
github.com/SAP/jenkins-library/pkg/abap/build/bfw.go:387.9,388.25 1 1
github.com/SAP/jenkins-library/pkg/abap/build/bfw.go:389.10,390.96 1 0
github.com/SAP/jenkins-library/pkg/abap/build/bfw.go:395.35,396.52 1 1
github.com/SAP/jenkins-library/pkg/abap/build/bfw.go:396.52,398.3 1 1
github.com/SAP/jenkins-library/pkg/abap/build/bfw.go:399.2,399.14 1 1
github.com/SAP/jenkins-library/pkg/abap/build/bfw.go:402.32,403.22 1 1
github.com/SAP/jenkins-library/pkg/abap/build/bfw.go:403.22,406.17 3 1
github.com/SAP/jenkins-library/pkg/abap/build/bfw.go:406.17,408.4 1 0
github.com/SAP/jenkins-library/pkg/abap/build/bfw.go:409.3,410.54 2 1
github.com/SAP/jenkins-library/pkg/abap/build/bfw.go:410.54,412.4 1 0
github.com/SAP/jenkins-library/pkg/abap/build/bfw.go:413.3,413.33 1 1
github.com/SAP/jenkins-library/pkg/abap/build/bfw.go:415.2,415.12 1 1
github.com/SAP/jenkins-library/pkg/abap/build/bfw.go:418.35,419.25 1 1
github.com/SAP/jenkins-library/pkg/abap/build/bfw.go:419.25,422.17 3 1
github.com/SAP/jenkins-library/pkg/abap/build/bfw.go:422.17,424.4 1 0
github.com/SAP/jenkins-library/pkg/abap/build/bfw.go:425.3,426.57 2 1
github.com/SAP/jenkins-library/pkg/abap/build/bfw.go:426.57,428.4 1 0
github.com/SAP/jenkins-library/pkg/abap/build/bfw.go:429.3,430.28 2 1
github.com/SAP/jenkins-library/pkg/abap/build/bfw.go:430.28,432.4 1 1
github.com/SAP/jenkins-library/pkg/abap/build/bfw.go:433.3,433.26 1 1
github.com/SAP/jenkins-library/pkg/abap/build/bfw.go:433.26,436.4 1 1
github.com/SAP/jenkins-library/pkg/abap/build/bfw.go:438.2,438.12 1 1
github.com/SAP/jenkins-library/pkg/abap/build/bfw.go:442.82,443.39 1 1
github.com/SAP/jenkins-library/pkg/abap/build/bfw.go:443.39,445.3 1 0
github.com/SAP/jenkins-library/pkg/abap/build/bfw.go:446.2,446.30 1 1
github.com/SAP/jenkins-library/pkg/abap/build/bfw.go:446.30,448.57 1 1
github.com/SAP/jenkins-library/pkg/abap/build/bfw.go:448.57,449.50 1 1
github.com/SAP/jenkins-library/pkg/abap/build/bfw.go:449.50,450.132 1 1
github.com/SAP/jenkins-library/pkg/abap/build/bfw.go:450.132,452.6 1 0
github.com/SAP/jenkins-library/pkg/abap/build/bfw.go:456.2,456.12 1 1
github.com/SAP/jenkins-library/pkg/abap/build/bfw.go:460.99,461.33 1 1
github.com/SAP/jenkins-library/pkg/abap/build/bfw.go:461.33,463.17 2 1
github.com/SAP/jenkins-library/pkg/abap/build/bfw.go:463.17,466.4 2 1
github.com/SAP/jenkins-library/pkg/abap/build/bfw.go:467.3,467.103 1 1
github.com/SAP/jenkins-library/pkg/abap/build/bfw.go:467.103,469.4 1 0
github.com/SAP/jenkins-library/pkg/abap/build/bfw.go:471.2,471.12 1 1
github.com/SAP/jenkins-library/pkg/abap/build/bfw.go:475.90,477.30 2 1
github.com/SAP/jenkins-library/pkg/abap/build/bfw.go:477.30,478.49 1 1
github.com/SAP/jenkins-library/pkg/abap/build/bfw.go:478.49,479.57 1 1
github.com/SAP/jenkins-library/pkg/abap/build/bfw.go:479.57,482.5 1 1
github.com/SAP/jenkins-library/pkg/abap/build/bfw.go:485.2,485.29 1 1
github.com/SAP/jenkins-library/pkg/abap/build/bfw.go:485.29,486.101 1 1
github.com/SAP/jenkins-library/pkg/abap/build/bfw.go:486.101,488.4 1 0
github.com/SAP/jenkins-library/pkg/abap/build/bfw.go:493.113,495.27 2 1
github.com/SAP/jenkins-library/pkg/abap/build/bfw.go:495.27,497.17 2 1
github.com/SAP/jenkins-library/pkg/abap/build/bfw.go:497.17,500.4 2 0
github.com/SAP/jenkins-library/pkg/abap/build/bfw.go:501.3,501.29 1 1
github.com/SAP/jenkins-library/pkg/abap/build/bfw.go:501.29,503.4 1 1
github.com/SAP/jenkins-library/pkg/abap/build/bfw.go:503.9,506.4 2 1
github.com/SAP/jenkins-library/pkg/abap/build/bfw.go:508.2,508.29 1 1
github.com/SAP/jenkins-library/pkg/abap/build/bfw.go:508.29,509.101 1 1
github.com/SAP/jenkins-library/pkg/abap/build/bfw.go:509.101,511.4 1 0
github.com/SAP/jenkins-library/pkg/abap/build/bfw.go:513.2,513.12 1 1
github.com/SAP/jenkins-library/pkg/abap/build/bfw.go:517.59,521.2 3 0
github.com/SAP/jenkins-library/pkg/abap/build/bfw.go:524.114,526.16 2 1
github.com/SAP/jenkins-library/pkg/abap/build/bfw.go:526.16,528.3 1 0
github.com/SAP/jenkins-library/pkg/abap/build/bfw.go:529.2,530.16 2 1
github.com/SAP/jenkins-library/pkg/abap/build/bfw.go:530.16,532.3 1 0
github.com/SAP/jenkins-library/pkg/abap/build/bfw.go:533.2,536.74 4 1
github.com/SAP/jenkins-library/pkg/abap/build/bfw.go:536.74,539.3 2 0
github.com/SAP/jenkins-library/pkg/abap/build/bfw.go:540.2,543.12 4 1
github.com/SAP/jenkins-library/pkg/abap/build/bfw.go:546.73,547.25 1 1
github.com/SAP/jenkins-library/pkg/abap/build/bfw.go:547.25,549.3 1 1
github.com/SAP/jenkins-library/pkg/abap/build/bfw.go:550.2,550.81 1 1
github.com/SAP/jenkins-library/pkg/abap/build/bfw.go:550.81,552.23 2 1
github.com/SAP/jenkins-library/pkg/abap/build/bfw.go:553.18,554.30 1 1
github.com/SAP/jenkins-library/pkg/abap/build/bfw.go:555.17,556.43 1 1
github.com/SAP/jenkins-library/pkg/abap/build/bfw.go:557.11,559.60 2 0
github.com/SAP/jenkins-library/pkg/abap/build/bfw.go:561.8,563.3 1 1
github.com/SAP/jenkins-library/pkg/abap/build/bfw.go:566.44,567.67 1 1
github.com/SAP/jenkins-library/pkg/abap/build/bfw.go:567.67,569.3 1 1
github.com/SAP/jenkins-library/pkg/abap/build/bfw.go:569.8,571.3 1 1
github.com/SAP/jenkins-library/pkg/abap/build/bfw.go:574.35,575.23 1 0
github.com/SAP/jenkins-library/pkg/abap/build/bfw.go:576.15,577.78 1 0
github.com/SAP/jenkins-library/pkg/abap/build/bfw.go:578.18,579.78 1 0
github.com/SAP/jenkins-library/pkg/abap/build/bfw.go:580.16,581.79 1 0
github.com/SAP/jenkins-library/pkg/abap/build/bfw.go:582.18,583.79 1 0
github.com/SAP/jenkins-library/pkg/abap/build/bfw.go:584.10,584.10 0 0
github.com/SAP/jenkins-library/pkg/abap/build/bfw.go:589.71,594.54 4 1
github.com/SAP/jenkins-library/pkg/abap/build/bfw.go:594.54,596.3 1 0
github.com/SAP/jenkins-library/pkg/abap/build/bfw.go:597.2,597.49 1 1
github.com/SAP/jenkins-library/pkg/abap/build/bfw.go:597.49,607.3 9 1
github.com/SAP/jenkins-library/pkg/abap/build/bfw.go:608.2,608.19 1 1
github.com/SAP/jenkins-library/pkg/abap/build/bfw_mock.go:16.116,18.2 1 1
github.com/SAP/jenkins-library/pkg/abap/build/bfw_mock.go:21.73,21.74 0 0
github.com/SAP/jenkins-library/pkg/abap/build/bfw_mock.go:31.60,31.61 0 0
github.com/SAP/jenkins-library/pkg/abap/build/bfw_mock.go:34.137,35.41 1 1
github.com/SAP/jenkins-library/pkg/abap/build/bfw_mock.go:35.41,41.3 2 1
github.com/SAP/jenkins-library/pkg/abap/build/bfw_mock.go:41.8,41.29 1 1
github.com/SAP/jenkins-library/pkg/abap/build/bfw_mock.go:41.29,51.3 5 1
github.com/SAP/jenkins-library/pkg/abap/build/bfw_mock.go:51.8,53.3 1 0
github.com/SAP/jenkins-library/pkg/abap/build/bfw_mock.go:56.53,57.22 1 1
github.com/SAP/jenkins-library/pkg/abap/build/bfw_mock.go:57.22,59.3 1 1
github.com/SAP/jenkins-library/pkg/abap/build/bfw_mock.go:60.2,60.69 1 1
github.com/SAP/jenkins-library/pkg/abap/build/bfw_mock.go:60.69,62.3 1 1
github.com/SAP/jenkins-library/pkg/abap/build/bfw_mock.go:62.8,62.82 1 1
github.com/SAP/jenkins-library/pkg/abap/build/bfw_mock.go:62.82,64.3 1 1
github.com/SAP/jenkins-library/pkg/abap/build/bfw_mock.go:64.8,64.99 1 1
github.com/SAP/jenkins-library/pkg/abap/build/bfw_mock.go:64.99,66.3 1 1
github.com/SAP/jenkins-library/pkg/abap/build/bfw_mock.go:66.8,66.99 1 1
github.com/SAP/jenkins-library/pkg/abap/build/bfw_mock.go:66.99,68.3 1 1
github.com/SAP/jenkins-library/pkg/abap/build/bfw_mock.go:68.8,68.83 1 1
github.com/SAP/jenkins-library/pkg/abap/build/bfw_mock.go:68.83,70.3 1 1
github.com/SAP/jenkins-library/pkg/abap/build/bfw_mock.go:70.8,70.101 1 1
github.com/SAP/jenkins-library/pkg/abap/build/bfw_mock.go:70.101,72.3 1 1
github.com/SAP/jenkins-library/pkg/abap/build/bfw_mock.go:72.8,72.101 1 1
github.com/SAP/jenkins-library/pkg/abap/build/bfw_mock.go:72.101,74.3 1 1
github.com/SAP/jenkins-library/pkg/abap/build/bfw_mock.go:75.2,75.11 1 0
github.com/SAP/jenkins-library/pkg/abap/build/bfw_mock.go:271.46,310.2 6 1
github.com/SAP/jenkins-library/pkg/abap/build/connector.go:62.56,66.16 4 1
github.com/SAP/jenkins-library/pkg/abap/build/connector.go:66.16,67.22 1 0
github.com/SAP/jenkins-library/pkg/abap/build/connector.go:67.22,69.4 1 0
github.com/SAP/jenkins-library/pkg/abap/build/connector.go:70.3,72.107 3 0
github.com/SAP/jenkins-library/pkg/abap/build/connector.go:75.2,80.62 5 1
github.com/SAP/jenkins-library/pkg/abap/build/connector.go:80.62,81.92 1 0
github.com/SAP/jenkins-library/pkg/abap/build/connector.go:81.92,85.4 3 0
github.com/SAP/jenkins-library/pkg/abap/build/connector.go:88.2,88.12 1 1
github.com/SAP/jenkins-library/pkg/abap/build/connector.go:92.60,95.16 3 1
github.com/SAP/jenkins-library/pkg/abap/build/connector.go:95.16,96.46 1 1
github.com/SAP/jenkins-library/pkg/abap/build/connector.go:96.46,98.4 1 1
github.com/SAP/jenkins-library/pkg/abap/build/connector.go:99.3,101.100 3 0
github.com/SAP/jenkins-library/pkg/abap/build/connector.go:104.2,106.18 3 1
github.com/SAP/jenkins-library/pkg/abap/build/connector.go:110.80,114.22 4 1
github.com/SAP/jenkins-library/pkg/abap/build/connector.go:114.22,116.3 1 0
github.com/SAP/jenkins-library/pkg/abap/build/connector.go:116.8,118.3 1 1
github.com/SAP/jenkins-library/pkg/abap/build/connector.go:119.2,119.16 1 1
github.com/SAP/jenkins-library/pkg/abap/build/connector.go:119.16,120.22 1 0
github.com/SAP/jenkins-library/pkg/abap/build/connector.go:120.22,122.4 1 0
github.com/SAP/jenkins-library/pkg/abap/build/connector.go:123.3,125.101 3 0
github.com/SAP/jenkins-library/pkg/abap/build/connector.go:128.2,130.18 3 1
github.com/SAP/jenkins-library/pkg/abap/build/connector.go:134.76,138.2 3 1
github.com/SAP/jenkins-library/pkg/abap/build/connector.go:141.57,143.31 2 1
github.com/SAP/jenkins-library/pkg/abap/build/connector.go:143.31,145.3 1 1
github.com/SAP/jenkins-library/pkg/abap/build/connector.go:146.2,147.14 2 1
github.com/SAP/jenkins-library/pkg/abap/build/connector.go:151.181,157.22 6 1
github.com/SAP/jenkins-library/pkg/abap/build/connector.go:157.22,160.3 2 1
github.com/SAP/jenkins-library/pkg/abap/build/connector.go:162.2,166.16 4 1
github.com/SAP/jenkins-library/pkg/abap/build/connector.go:166.16,168.3 1 0
github.com/SAP/jenkins-library/pkg/abap/build/connector.go:170.2,178.28 2 1
github.com/SAP/jenkins-library/pkg/abap/build/connector.go:178.28,181.3 2 0
github.com/SAP/jenkins-library/pkg/abap/build/connector.go:181.8,181.45 1 1
github.com/SAP/jenkins-library/pkg/abap/build/connector.go:181.45,183.3 1 0
github.com/SAP/jenkins-library/pkg/abap/build/connector.go:183.8,186.3 2 1
github.com/SAP/jenkins-library/pkg/abap/build/connector.go:189.101,191.38 2 1
github.com/SAP/jenkins-library/pkg/abap/build/connector.go:191.38,193.17 2 0
github.com/SAP/jenkins-library/pkg/abap/build/connector.go:193.17,195.4 1 0
github.com/SAP/jenkins-library/pkg/abap/build/connector.go:197.3,198.17 2 0
github.com/SAP/jenkins-library/pkg/abap/build/connector.go:198.17,200.4 1 0
github.com/SAP/jenkins-library/pkg/abap/build/connector.go:202.3,205.38 3 0
github.com/SAP/jenkins-library/pkg/abap/build/connector.go:205.38,206.38 1 0
github.com/SAP/jenkins-library/pkg/abap/build/connector.go:206.38,208.5 1 0
github.com/SAP/jenkins-library/pkg/abap/build/connector.go:210.4,210.38 1 0
github.com/SAP/jenkins-library/pkg/abap/build/connector.go:210.38,212.19 2 0
github.com/SAP/jenkins-library/pkg/abap/build/connector.go:212.19,214.6 1 0
github.com/SAP/jenkins-library/pkg/abap/build/connector.go:216.5,216.31 1 0
github.com/SAP/jenkins-library/pkg/abap/build/connector.go:216.31,218.6 1 0
github.com/SAP/jenkins-library/pkg/abap/build/connector.go:222.3,223.17 2 0
github.com/SAP/jenkins-library/pkg/abap/build/connector.go:223.17,225.4 1 0
github.com/SAP/jenkins-library/pkg/abap/build/connector.go:227.3,227.48 1 0
github.com/SAP/jenkins-library/pkg/abap/build/connector.go:229.8,231.3 1 1
github.com/SAP/jenkins-library/pkg/abap/build/connector.go:235.137,256.16 17 0
github.com/SAP/jenkins-library/pkg/abap/build/connector.go:256.16,258.3 1 0
github.com/SAP/jenkins-library/pkg/abap/build/connector.go:260.2,274.12 6 0
github.com/SAP/jenkins-library/pkg/abap/build/connector.go:278.76,281.16 3 0
github.com/SAP/jenkins-library/pkg/abap/build/connector.go:281.16,285.3 3 0
github.com/SAP/jenkins-library/pkg/abap/build/connector.go:286.2,287.12 2 0
github.com/SAP/jenkins-library/pkg/abap/build/connector.go:291.101,308.30 8 0
github.com/SAP/jenkins-library/pkg/abap/build/connector.go:308.30,316.17 7 0
github.com/SAP/jenkins-library/pkg/abap/build/connector.go:316.17,317.47 1 0
github.com/SAP/jenkins-library/pkg/abap/build/connector.go:317.47,321.5 3 0
github.com/SAP/jenkins-library/pkg/abap/build/connector.go:321.10,323.5 1 0
github.com/SAP/jenkins-library/pkg/abap/build/connector.go:326.3,326.24 1 0
github.com/SAP/jenkins-library/pkg/abap/build/connector.go:328.2,328.12 1 0
github.com/SAP/jenkins-library/pkg/abap/build/gwError.go:42.60,44.52 2 1
github.com/SAP/jenkins-library/pkg/abap/build/gwError.go:44.52,46.3 1 1
github.com/SAP/jenkins-library/pkg/abap/build/gwError.go:47.2,47.32 1 1
github.com/SAP/jenkins-library/pkg/abap/build/gwError.go:50.60,51.60 1 1
github.com/SAP/jenkins-library/pkg/abap/build/gwError.go:51.60,53.3 1 1
github.com/SAP/jenkins-library/pkg/abap/build/gwError.go:54.2,54.12 1 1
github.com/SAP/jenkins-library/pkg/abap/build/gwError.go:57.49,60.68 3 1
github.com/SAP/jenkins-library/pkg/abap/build/gwError.go:60.68,61.40 1 1
github.com/SAP/jenkins-library/pkg/abap/build/gwError.go:61.40,62.12 1 1
github.com/SAP/jenkins-library/pkg/abap/build/gwError.go:64.3,65.69 2 1
github.com/SAP/jenkins-library/pkg/abap/build/gwError.go:67.2,67.23 1 1
github.com/SAP/jenkins-library/pkg/abap/build/mockClient.go:28.33,32.2 3 1
github.com/SAP/jenkins-library/pkg/abap/build/mockClient.go:35.79,37.9 2 1
github.com/SAP/jenkins-library/pkg/abap/build/mockClient.go:37.9,39.3 1 1
github.com/SAP/jenkins-library/pkg/abap/build/mockClient.go:40.2,42.36 2 1
github.com/SAP/jenkins-library/pkg/abap/build/mockClient.go:46.53,52.2 1 0
github.com/SAP/jenkins-library/pkg/abap/build/mockClient.go:55.93,61.2 1 0
github.com/SAP/jenkins-library/pkg/abap/build/mockClient.go:64.46,70.2 1 1
github.com/SAP/jenkins-library/pkg/abap/build/mockClient.go:72.77,74.9 2 1
github.com/SAP/jenkins-library/pkg/abap/build/mockClient.go:74.9,76.3 1 0
github.com/SAP/jenkins-library/pkg/abap/build/mockClient.go:77.2,78.27 2 1
github.com/SAP/jenkins-library/pkg/abap/build/mockClient.go:78.27,80.3 1 1
github.com/SAP/jenkins-library/pkg/abap/build/mockClient.go:80.8,82.3 1 1
github.com/SAP/jenkins-library/pkg/abap/build/mockClient.go:84.2,84.23 1 1
github.com/SAP/jenkins-library/pkg/abap/build/mockClient.go:88.65,88.66 0 0
github.com/SAP/jenkins-library/pkg/abap/build/mockClient.go:91.135,93.9 2 1
github.com/SAP/jenkins-library/pkg/abap/build/mockClient.go:93.9,95.3 1 0
github.com/SAP/jenkins-library/pkg/abap/build/mockClient.go:96.2,96.23 1 1
github.com/SAP/jenkins-library/pkg/abap/build/mockClient.go:100.108,102.2 1 0
github.com/SAP/jenkins-library/pkg/abap/build/mockClient.go:109.38,147.2 35 0
github.com/SAP/jenkins-library/pkg/abap/build/mockClient.go:149.48,160.2 8 0
github.com/SAP/jenkins-library/pkg/abap/build/mockClient.go:163.49,243.2 68 0
github.com/SAP/jenkins-library/pkg/ans/ans.go:37.92,38.78 1 1
github.com/SAP/jenkins-library/pkg/ans/ans.go:38.78,40.3 1 1
github.com/SAP/jenkins-library/pkg/ans/ans.go:41.2,41.8 1 1
github.com/SAP/jenkins-library/pkg/ans/ans.go:45.54,52.2 2 1
github.com/SAP/jenkins-library/pkg/ans/ans.go:55.43,60.16 4 1
github.com/SAP/jenkins-library/pkg/ans/ans.go:60.16,62.3 1 0
github.com/SAP/jenkins-library/pkg/ans/ans.go:64.2,64.61 1 1
github.com/SAP/jenkins-library/pkg/ans/ans.go:68.41,73.16 4 1
github.com/SAP/jenkins-library/pkg/ans/ans.go:73.16,75.3 1 0
github.com/SAP/jenkins-library/pkg/ans/ans.go:77.2,78.16 2 1
github.com/SAP/jenkins-library/pkg/ans/ans.go:78.16,80.3 1 0
github.com/SAP/jenkins-library/pkg/ans/ans.go:82.2,82.67 1 1
github.com/SAP/jenkins-library/pkg/ans/ans.go:85.102,87.16 2 1
github.com/SAP/jenkins-library/pkg/ans/ans.go:87.16,89.3 1 0
github.com/SAP/jenkins-library/pkg/ans/ans.go:91.2,92.31 2 1
github.com/SAP/jenkins-library/pkg/ans/ans.go:95.99,97.68 2 1
github.com/SAP/jenkins-library/pkg/ans/ans.go:97.68,99.3 1 0
github.com/SAP/jenkins-library/pkg/ans/ans.go:101.2,102.16 2 1
github.com/SAP/jenkins-library/pkg/ans/ans.go:102.16,104.3 1 0
github.com/SAP/jenkins-library/pkg/ans/ans.go:105.2,108.8 3 1
github.com/SAP/jenkins-library/pkg/ans/ans.go:111.95,112.43 1 1
github.com/SAP/jenkins-library/pkg/ans/ans.go:112.43,116.17 3 1
github.com/SAP/jenkins-library/pkg/ans/ans.go:116.17,118.4 1 0
github.com/SAP/jenkins-library/pkg/ans/ans.go:118.9,120.4 1 1
github.com/SAP/jenkins-library/pkg/ans/ans.go:121.3,121.13 1 1
github.com/SAP/jenkins-library/pkg/ans/ans.go:123.2,123.12 1 1
github.com/SAP/jenkins-library/pkg/ans/ans.go:126.64,127.21 1 1
github.com/SAP/jenkins-library/pkg/ans/ans.go:127.21,129.3 1 1
github.com/SAP/jenkins-library/pkg/ans/ans.go:130.2,132.20 3 1
github.com/SAP/jenkins-library/pkg/ans/ans.go:132.20,134.3 1 0
github.com/SAP/jenkins-library/pkg/ans/ans.go:135.2,135.22 1 1
github.com/SAP/jenkins-library/pkg/ans/event.go:57.65,58.58 1 1
github.com/SAP/jenkins-library/pkg/ans/event.go:58.58,60.3 1 1
github.com/SAP/jenkins-library/pkg/ans/event.go:61.2,61.8 1 1
github.com/SAP/jenkins-library/pkg/ans/event.go:65.44,68.46 2 1
github.com/SAP/jenkins-library/pkg/ans/event.go:68.46,72.57 4 1
github.com/SAP/jenkins-library/pkg/ans/event.go:72.57,74.4 1 1
github.com/SAP/jenkins-library/pkg/ans/event.go:76.2,76.8 1 1
github.com/SAP/jenkins-library/pkg/ans/event.go:80.59,82.55 2 1
github.com/SAP/jenkins-library/pkg/ans/event.go:82.55,84.3 1 0
github.com/SAP/jenkins-library/pkg/ans/event.go:85.2,86.8 2 1
github.com/SAP/jenkins-library/pkg/ans/event.go:90.64,91.15 1 1
github.com/SAP/jenkins-library/pkg/ans/event.go:92.24,94.40 2 1
github.com/SAP/jenkins-library/pkg/ans/event.go:95.25,97.40 2 1
github.com/SAP/jenkins-library/pkg/ans/event.go:98.24,100.33 2 1
github.com/SAP/jenkins-library/pkg/ans/event.go:101.25,103.37 2 1
github.com/SAP/jenkins-library/pkg/ans/event.go:104.25,106.37 2 1
github.com/SAP/jenkins-library/pkg/ans/event.go:107.25,109.37 2 1
github.com/SAP/jenkins-library/pkg/ans/event.go:113.56,117.2 3 1
github.com/SAP/jenkins-library/pkg/ans/event.go:119.64,127.2 5 1
github.com/SAP/jenkins-library/pkg/btp/authentication.go:10.56,11.21 1 1
github.com/SAP/jenkins-library/pkg/btp/authentication.go:11.21,13.3 1 0
github.com/SAP/jenkins-library/pkg/btp/authentication.go:15.2,20.21 2 1
github.com/SAP/jenkins-library/pkg/btp/authentication.go:20.21,23.24 3 1
github.com/SAP/jenkins-library/pkg/btp/authentication.go:23.24,25.4 1 1
github.com/SAP/jenkins-library/pkg/btp/authentication.go:26.3,26.30 1 1
github.com/SAP/jenkins-library/pkg/btp/authentication.go:26.30,28.4 1 1
github.com/SAP/jenkins-library/pkg/btp/authentication.go:29.3,29.25 1 1
github.com/SAP/jenkins-library/pkg/btp/authentication.go:29.25,31.4 1 1
github.com/SAP/jenkins-library/pkg/btp/authentication.go:32.3,32.29 1 1
github.com/SAP/jenkins-library/pkg/btp/authentication.go:32.29,34.4 1 1
github.com/SAP/jenkins-library/pkg/btp/authentication.go:35.3,37.69 2 1
github.com/SAP/jenkins-library/pkg/btp/authentication.go:40.2,40.21 1 1
github.com/SAP/jenkins-library/pkg/btp/authentication.go:40.21,42.3 1 1
github.com/SAP/jenkins-library/pkg/btp/authentication.go:44.2,51.36 2 1
github.com/SAP/jenkins-library/pkg/btp/authentication.go:51.36,53.3 1 1
github.com/SAP/jenkins-library/pkg/btp/authentication.go:55.2,61.16 4 1
github.com/SAP/jenkins-library/pkg/btp/authentication.go:61.16,63.3 1 1
github.com/SAP/jenkins-library/pkg/btp/authentication.go:64.2,64.21 1 1
github.com/SAP/jenkins-library/pkg/btp/authentication.go:64.21,66.3 1 1
github.com/SAP/jenkins-library/pkg/btp/authentication.go:67.2,67.12 1 1
github.com/SAP/jenkins-library/pkg/btp/authentication.go:70.37,71.21 1 1
github.com/SAP/jenkins-library/pkg/btp/authentication.go:71.21,73.3 1 0
github.com/SAP/jenkins-library/pkg/btp/authentication.go:75.2,84.16 5 1
github.com/SAP/jenkins-library/pkg/btp/authentication.go:84.16,86.3 1 0
github.com/SAP/jenkins-library/pkg/btp/authentication.go:87.2,88.12 2 1
github.com/SAP/jenkins-library/pkg/btp/checkFunctions.go:7.95,10.16 2 1
github.com/SAP/jenkins-library/pkg/btp/checkFunctions.go:10.16,12.17 2 1
github.com/SAP/jenkins-library/pkg/btp/checkFunctions.go:12.17,14.4 1 1
github.com/SAP/jenkins-library/pkg/btp/checkFunctions.go:15.3,15.77 1 0
github.com/SAP/jenkins-library/pkg/btp/checkFunctions.go:18.2,22.16 3 1
github.com/SAP/jenkins-library/pkg/btp/checkFunctions.go:22.16,24.3 1 0
github.com/SAP/jenkins-library/pkg/btp/checkFunctions.go:26.2,26.58 1 1
github.com/SAP/jenkins-library/pkg/btp/checkFunctions.go:29.95,32.16 2 1
github.com/SAP/jenkins-library/pkg/btp/checkFunctions.go:32.16,34.17 2 1
github.com/SAP/jenkins-library/pkg/btp/checkFunctions.go:34.17,36.4 1 0
github.com/SAP/jenkins-library/pkg/btp/checkFunctions.go:37.3,37.36 1 1
github.com/SAP/jenkins-library/pkg/btp/checkFunctions.go:37.36,39.4 1 1
github.com/SAP/jenkins-library/pkg/btp/checkFunctions.go:40.3,40.77 1 0
github.com/SAP/jenkins-library/pkg/btp/checkFunctions.go:43.2,43.54 1 1
github.com/SAP/jenkins-library/pkg/btp/checkFunctions.go:46.93,49.16 2 1
github.com/SAP/jenkins-library/pkg/btp/checkFunctions.go:49.16,51.17 2 1
github.com/SAP/jenkins-library/pkg/btp/checkFunctions.go:51.17,53.4 1 1
github.com/SAP/jenkins-library/pkg/btp/checkFunctions.go:54.3,54.77 1 0
github.com/SAP/jenkins-library/pkg/btp/checkFunctions.go:57.2,60.16 3 1
github.com/SAP/jenkins-library/pkg/btp/checkFunctions.go:60.16,62.3 1 0
github.com/SAP/jenkins-library/pkg/btp/checkFunctions.go:64.2,64.58 1 1
github.com/SAP/jenkins-library/pkg/btp/checkFunctions.go:67.93,70.16 2 1
github.com/SAP/jenkins-library/pkg/btp/checkFunctions.go:70.16,72.17 2 1
github.com/SAP/jenkins-library/pkg/btp/checkFunctions.go:72.17,75.29 1 0
github.com/SAP/jenkins-library/pkg/btp/checkFunctions.go:75.29,77.5 1 0
github.com/SAP/jenkins-library/pkg/btp/checkFunctions.go:77.10,79.5 1 0
github.com/SAP/jenkins-library/pkg/btp/checkFunctions.go:81.3,81.36 1 1
github.com/SAP/jenkins-library/pkg/btp/checkFunctions.go:81.36,83.4 1 1
github.com/SAP/jenkins-library/pkg/btp/checkFunctions.go:84.3,84.77 1 0
github.com/SAP/jenkins-library/pkg/btp/checkFunctions.go:87.2,87.54 1 1
github.com/SAP/jenkins-library/pkg/btp/commandBuilder.go:9.48,11.2 1 1
github.com/SAP/jenkins-library/pkg/btp/commandBuilder.go:14.56,21.2 5 1
github.com/SAP/jenkins-library/pkg/btp/commandBuilder.go:24.74,27.2 2 1
github.com/SAP/jenkins-library/pkg/btp/commandBuilder.go:30.74,33.2 2 1
github.com/SAP/jenkins-library/pkg/btp/commandBuilder.go:36.74,39.2 2 1
github.com/SAP/jenkins-library/pkg/btp/commandBuilder.go:42.72,45.2 2 1
github.com/SAP/jenkins-library/pkg/btp/commandBuilder.go:48.82,51.2 2 1
github.com/SAP/jenkins-library/pkg/btp/commandBuilder.go:54.79,57.2 2 0
github.com/SAP/jenkins-library/pkg/btp/commandBuilder.go:60.79,63.2 2 1
github.com/SAP/jenkins-library/pkg/btp/commandBuilder.go:66.66,69.2 2 1
github.com/SAP/jenkins-library/pkg/btp/commandBuilder.go:72.70,75.2 2 1
github.com/SAP/jenkins-library/pkg/btp/commandBuilder.go:78.78,81.2 2 1
github.com/SAP/jenkins-library/pkg/btp/commandBuilder.go:84.76,87.2 2 1
github.com/SAP/jenkins-library/pkg/btp/commandBuilder.go:90.73,93.2 2 1
github.com/SAP/jenkins-library/pkg/btp/commandBuilder.go:96.70,99.2 2 1
github.com/SAP/jenkins-library/pkg/btp/commandBuilder.go:102.74,105.2 2 1
github.com/SAP/jenkins-library/pkg/btp/commandBuilder.go:108.78,111.2 2 1
github.com/SAP/jenkins-library/pkg/btp/commandBuilder.go:114.76,117.2 2 1
github.com/SAP/jenkins-library/pkg/btp/commandBuilder.go:120.72,123.2 2 1
github.com/SAP/jenkins-library/pkg/btp/commandBuilder.go:126.71,129.2 2 1
github.com/SAP/jenkins-library/pkg/btp/commandBuilder.go:132.77,135.2 2 1
github.com/SAP/jenkins-library/pkg/btp/commandBuilder.go:138.85,141.2 2 1
github.com/SAP/jenkins-library/pkg/btp/commandBuilder.go:144.81,147.2 2 1
github.com/SAP/jenkins-library/pkg/btp/commandBuilder.go:150.68,153.2 2 1
github.com/SAP/jenkins-library/pkg/btp/commandBuilder.go:156.84,159.2 2 1
github.com/SAP/jenkins-library/pkg/btp/commandBuilder.go:162.70,165.2 2 1
github.com/SAP/jenkins-library/pkg/btp/commandBuilder.go:168.78,171.2 2 1
github.com/SAP/jenkins-library/pkg/btp/commandBuilder.go:173.62,176.2 2 1
github.com/SAP/jenkins-library/pkg/btp/commandBuilder.go:179.74,182.2 2 1
github.com/SAP/jenkins-library/pkg/btp/commandBuilder.go:185.62,188.2 2 1
github.com/SAP/jenkins-library/pkg/btp/commandBuilder.go:191.88,194.2 2 1
github.com/SAP/jenkins-library/pkg/btp/commandBuilder.go:197.55,198.20 1 1
github.com/SAP/jenkins-library/pkg/btp/commandBuilder.go:198.20,200.3 1 1
github.com/SAP/jenkins-library/pkg/btp/commandBuilder.go:202.2,209.20 5 1
github.com/SAP/jenkins-library/pkg/btp/commandBuilder.go:209.20,211.3 1 1
github.com/SAP/jenkins-library/pkg/btp/commandBuilder.go:212.2,214.21 2 1
github.com/SAP/jenkins-library/pkg/btp/executor.go:14.43,16.2 1 0
github.com/SAP/jenkins-library/pkg/btp/executor.go:19.45,21.2 1 0
github.com/SAP/jenkins-library/pkg/btp/executor.go:24.45,26.2 1 0
github.com/SAP/jenkins-library/pkg/btp/executor.go:28.44,30.2 1 0
github.com/SAP/jenkins-library/pkg/btp/executor.go:32.44,34.2 1 0
github.com/SAP/jenkins-library/pkg/btp/executor.go:36.56,37.76 1 0
github.com/SAP/jenkins-library/pkg/btp/executor.go:37.76,39.3 1 0
github.com/SAP/jenkins-library/pkg/btp/executor.go:40.2,40.12 1 0
github.com/SAP/jenkins-library/pkg/btp/executor.go:48.55,52.34 3 0
github.com/SAP/jenkins-library/pkg/btp/executor.go:52.34,54.17 2 0
github.com/SAP/jenkins-library/pkg/btp/executor.go:54.17,56.4 1 0
github.com/SAP/jenkins-library/pkg/btp/executor.go:59.2,59.28 1 0
github.com/SAP/jenkins-library/pkg/btp/executor.go:62.65,64.16 2 0
github.com/SAP/jenkins-library/pkg/btp/executor.go:64.16,66.3 1 0
github.com/SAP/jenkins-library/pkg/btp/executor.go:68.2,68.35 1 0
github.com/SAP/jenkins-library/pkg/btp/executor.go:68.35,72.3 2 0
github.com/SAP/jenkins-library/pkg/btp/executor.go:72.8,73.35 1 0
github.com/SAP/jenkins-library/pkg/btp/executor.go:73.35,75.4 1 0
github.com/SAP/jenkins-library/pkg/btp/executor.go:77.2,77.12 1 0
github.com/SAP/jenkins-library/pkg/btp/executor.go:80.47,88.25 5 0
github.com/SAP/jenkins-library/pkg/btp/executor.go:88.25,90.3 1 0
github.com/SAP/jenkins-library/pkg/btp/executor.go:92.2,93.29 2 0
github.com/SAP/jenkins-library/pkg/btp/executor.go:93.29,95.3 1 0
github.com/SAP/jenkins-library/pkg/btp/executor.go:98.2,104.46 5 0
github.com/SAP/jenkins-library/pkg/btp/executor.go:104.46,105.31 1 0
github.com/SAP/jenkins-library/pkg/btp/executor.go:105.31,107.4 1 0
github.com/SAP/jenkins-library/pkg/btp/executor.go:108.3,108.40 1 0
github.com/SAP/jenkins-library/pkg/btp/executor.go:108.40,110.4 1 0
github.com/SAP/jenkins-library/pkg/btp/executor.go:113.3,118.23 4 0
github.com/SAP/jenkins-library/pkg/btp/executor.go:118.23,119.18 1 0
github.com/SAP/jenkins-library/pkg/btp/executor.go:119.18,122.5 2 0
github.com/SAP/jenkins-library/pkg/btp/executor.go:122.10,127.5 4 0
github.com/SAP/jenkins-library/pkg/btp/executor.go:128.9,130.18 2 0
github.com/SAP/jenkins-library/pkg/btp/executor.go:130.18,132.5 1 0
github.com/SAP/jenkins-library/pkg/btp/executor.go:135.4,137.23 2 0
github.com/SAP/jenkins-library/pkg/btp/executor.go:137.23,140.5 2 0
github.com/SAP/jenkins-library/pkg/btp/executor.go:140.10,141.46 1 0
github.com/SAP/jenkins-library/pkg/btp/executor.go:141.46,144.6 2 0
github.com/SAP/jenkins-library/pkg/btp/executor.go:144.11,146.6 1 0
github.com/SAP/jenkins-library/pkg/btp/executor.go:151.2,151.74 1 0
github.com/SAP/jenkins-library/pkg/btp/executor.go:154.52,155.41 1 0
github.com/SAP/jenkins-library/pkg/btp/executor.go:155.41,157.3 1 0
github.com/SAP/jenkins-library/pkg/btp/executor.go:158.2,158.12 1 0
github.com/SAP/jenkins-library/pkg/btp/executor.go:161.109,165.2 3 0
github.com/SAP/jenkins-library/pkg/btp/executorUtils.go:15.56,18.36 2 1
github.com/SAP/jenkins-library/pkg/btp/executorUtils.go:18.36,21.17 2 1
github.com/SAP/jenkins-library/pkg/btp/executorUtils.go:21.17,25.18 3 1
github.com/SAP/jenkins-library/pkg/btp/executorUtils.go:25.18,27.5 1 0
github.com/SAP/jenkins-library/pkg/btp/executorUtils.go:29.4,29.25 1 1
github.com/SAP/jenkins-library/pkg/btp/executorUtils.go:32.2,32.59 1 1
github.com/SAP/jenkins-library/pkg/btp/executorUtils.go:35.58,41.23 4 1
github.com/SAP/jenkins-library/pkg/btp/executorUtils.go:41.23,43.3 1 1
github.com/SAP/jenkins-library/pkg/btp/executorUtils.go:46.2,47.23 2 1
github.com/SAP/jenkins-library/pkg/btp/executor_mock.go:14.47,16.2 1 0
github.com/SAP/jenkins-library/pkg/btp/executor_mock.go:18.49,20.2 1 1
github.com/SAP/jenkins-library/pkg/btp/executor_mock.go:22.52,24.2 1 1
github.com/SAP/jenkins-library/pkg/btp/executor_mock.go:26.51,28.2 1 1
github.com/SAP/jenkins-library/pkg/btp/executor_mock.go:30.51,32.2 1 1
github.com/SAP/jenkins-library/pkg/btp/executor_mock.go:34.63,39.2 3 1
github.com/SAP/jenkins-library/pkg/btp/executor_mock.go:41.62,43.16 2 1
github.com/SAP/jenkins-library/pkg/btp/executor_mock.go:43.16,45.3 1 1
github.com/SAP/jenkins-library/pkg/btp/executor_mock.go:47.2,53.36 4 1
github.com/SAP/jenkins-library/pkg/btp/executor_mock.go:53.36,56.3 2 1
github.com/SAP/jenkins-library/pkg/btp/executor_mock.go:56.8,58.3 1 1
github.com/SAP/jenkins-library/pkg/btp/executor_mock.go:60.2,60.73 1 1
github.com/SAP/jenkins-library/pkg/btp/executor_mock.go:64.165,66.44 1 1
github.com/SAP/jenkins-library/pkg/btp/executor_mock.go:66.44,67.34 1 1
github.com/SAP/jenkins-library/pkg/btp/executor_mock.go:67.34,70.4 2 1
github.com/SAP/jenkins-library/pkg/btp/executor_mock.go:74.2,74.48 1 1
github.com/SAP/jenkins-library/pkg/btp/executor_mock.go:74.48,75.34 1 1
github.com/SAP/jenkins-library/pkg/btp/executor_mock.go:75.34,78.4 2 1
github.com/SAP/jenkins-library/pkg/btp/executor_mock.go:81.2,81.12 1 1
github.com/SAP/jenkins-library/pkg/btp/executor_mock.go:85.58,86.43 1 1
github.com/SAP/jenkins-library/pkg/btp/executor_mock.go:86.43,88.3 1 1
github.com/SAP/jenkins-library/pkg/btp/executor_mock.go:89.2,90.64 2 1
github.com/SAP/jenkins-library/pkg/btp/services.go:13.96,14.21 1 1
github.com/SAP/jenkins-library/pkg/btp/services.go:14.21,16.3 1 0
github.com/SAP/jenkins-library/pkg/btp/services.go:17.2,32.16 7 1
github.com/SAP/jenkins-library/pkg/btp/services.go:32.16,35.3 1 0
github.com/SAP/jenkins-library/pkg/btp/services.go:38.2,43.21 2 1
github.com/SAP/jenkins-library/pkg/btp/services.go:43.21,46.31 3 0
github.com/SAP/jenkins-library/pkg/btp/services.go:46.31,48.4 1 0
github.com/SAP/jenkins-library/pkg/btp/services.go:49.3,49.32 1 0
github.com/SAP/jenkins-library/pkg/btp/services.go:49.32,51.4 1 0
github.com/SAP/jenkins-library/pkg/btp/services.go:52.3,52.27 1 0
github.com/SAP/jenkins-library/pkg/btp/services.go:52.27,54.4 1 0
github.com/SAP/jenkins-library/pkg/btp/services.go:55.3,55.32 1 0
github.com/SAP/jenkins-library/pkg/btp/services.go:55.32,57.4 1 0
github.com/SAP/jenkins-library/pkg/btp/services.go:58.3,58.36 1 0
github.com/SAP/jenkins-library/pkg/btp/services.go:58.36,60.4 1 0
github.com/SAP/jenkins-library/pkg/btp/services.go:61.3,63.83 2 0
github.com/SAP/jenkins-library/pkg/btp/services.go:66.2,77.30 3 1
github.com/SAP/jenkins-library/pkg/btp/services.go:77.30,79.3 1 1
github.com/SAP/jenkins-library/pkg/btp/services.go:81.2,93.16 3 1
github.com/SAP/jenkins-library/pkg/btp/services.go:93.16,95.3 1 0
github.com/SAP/jenkins-library/pkg/btp/services.go:97.2,101.27 1 1
github.com/SAP/jenkins-library/pkg/btp/services.go:101.27,105.4 3 0
github.com/SAP/jenkins-library/pkg/btp/services.go:106.35,118.4 1 1
github.com/SAP/jenkins-library/pkg/btp/services.go:124.2,124.16 1 1
github.com/SAP/jenkins-library/pkg/btp/services.go:124.16,128.3 2 0
github.com/SAP/jenkins-library/pkg/btp/services.go:131.2,133.16 2 1
github.com/SAP/jenkins-library/pkg/btp/services.go:133.16,135.3 1 0
github.com/SAP/jenkins-library/pkg/btp/services.go:137.2,138.16 2 1
github.com/SAP/jenkins-library/pkg/btp/services.go:138.16,140.3 1 0
github.com/SAP/jenkins-library/pkg/btp/services.go:142.2,142.32 1 1
github.com/SAP/jenkins-library/pkg/btp/services.go:145.90,146.21 1 1
github.com/SAP/jenkins-library/pkg/btp/services.go:146.21,148.3 1 0
github.com/SAP/jenkins-library/pkg/btp/services.go:150.2,159.16 3 1
github.com/SAP/jenkins-library/pkg/btp/services.go:159.16,162.3 1 0
github.com/SAP/jenkins-library/pkg/btp/services.go:165.2,167.16 2 1
github.com/SAP/jenkins-library/pkg/btp/services.go:167.16,170.3 1 0
github.com/SAP/jenkins-library/pkg/btp/services.go:172.2,173.16 2 1
github.com/SAP/jenkins-library/pkg/btp/services.go:173.16,175.3 1 0
github.com/SAP/jenkins-library/pkg/btp/services.go:177.2,177.17 1 1
github.com/SAP/jenkins-library/pkg/btp/services.go:183.93,184.21 1 1
github.com/SAP/jenkins-library/pkg/btp/services.go:184.21,186.3 1 0
github.com/SAP/jenkins-library/pkg/btp/services.go:188.2,197.21 6 1
github.com/SAP/jenkins-library/pkg/btp/services.go:197.21,200.31 3 0
github.com/SAP/jenkins-library/pkg/btp/services.go:200.31,202.4 1 0
github.com/SAP/jenkins-library/pkg/btp/services.go:203.3,203.59 1 0
github.com/SAP/jenkins-library/pkg/btp/services.go:203.59,205.4 1 0
github.com/SAP/jenkins-library/pkg/btp/services.go:206.3,208.81 2 0
github.com/SAP/jenkins-library/pkg/btp/services.go:211.2,220.21 5 1
github.com/SAP/jenkins-library/pkg/btp/services.go:220.21,233.17 2 1
github.com/SAP/jenkins-library/pkg/btp/services.go:233.17,236.4 2 1
github.com/SAP/jenkins-library/pkg/btp/services.go:238.3,238.32 1 1
github.com/SAP/jenkins-library/pkg/btp/services.go:238.32,241.4 2 0
github.com/SAP/jenkins-library/pkg/btp/services.go:243.3,245.17 3 1
github.com/SAP/jenkins-library/pkg/btp/services.go:245.17,248.4 2 0
github.com/SAP/jenkins-library/pkg/btp/services.go:249.3,249.58 1 1
github.com/SAP/jenkins-library/pkg/btp/services.go:250.8,253.30 2 1
github.com/SAP/jenkins-library/pkg/btp/services.go:253.30,255.4 1 1
github.com/SAP/jenkins-library/pkg/btp/services.go:255.9,257.4 1 1
github.com/SAP/jenkins-library/pkg/btp/services.go:259.3,262.17 3 1
github.com/SAP/jenkins-library/pkg/btp/services.go:262.17,266.4 2 1
github.com/SAP/jenkins-library/pkg/btp/services.go:269.3,271.17 2 1
github.com/SAP/jenkins-library/pkg/btp/services.go:271.17,274.4 2 0
github.com/SAP/jenkins-library/pkg/btp/services.go:276.2,276.32 1 1
github.com/SAP/jenkins-library/pkg/btp/services.go:279.110,280.21 1 1
github.com/SAP/jenkins-library/pkg/btp/services.go:280.21,282.3 1 0
github.com/SAP/jenkins-library/pkg/btp/services.go:284.2,285.21 2 1
github.com/SAP/jenkins-library/pkg/btp/services.go:285.21,288.31 3 0
github.com/SAP/jenkins-library/pkg/btp/services.go:288.31,290.4 1 0
github.com/SAP/jenkins-library/pkg/btp/services.go:291.3,291.71 1 0
github.com/SAP/jenkins-library/pkg/btp/services.go:291.71,293.4 1 0
github.com/SAP/jenkins-library/pkg/btp/services.go:294.3,296.83 2 0
github.com/SAP/jenkins-library/pkg/btp/services.go:299.2,300.22 2 1
github.com/SAP/jenkins-library/pkg/btp/services.go:300.22,311.17 2 1
github.com/SAP/jenkins-library/pkg/btp/services.go:311.17,313.4 1 0
github.com/SAP/jenkins-library/pkg/btp/services.go:315.3,315.31 1 1
github.com/SAP/jenkins-library/pkg/btp/services.go:318.2,321.31 3 1
github.com/SAP/jenkins-library/pkg/btp/services.go:321.31,323.3 1 1
github.com/SAP/jenkins-library/pkg/btp/services.go:323.8,325.3 1 1
github.com/SAP/jenkins-library/pkg/btp/services.go:327.2,342.16 8 1
github.com/SAP/jenkins-library/pkg/btp/services.go:342.16,345.3 2 1
github.com/SAP/jenkins-library/pkg/btp/services.go:347.2,348.16 2 1
github.com/SAP/jenkins-library/pkg/btp/services.go:348.16,351.3 2 1
github.com/SAP/jenkins-library/pkg/btp/services.go:353.2,355.16 3 1
github.com/SAP/jenkins-library/pkg/btp/services.go:355.16,359.18 3 0
github.com/SAP/jenkins-library/pkg/btp/services.go:359.18,362.4 2 0
github.com/SAP/jenkins-library/pkg/btp/services.go:363.3,363.65 1 0
github.com/SAP/jenkins-library/pkg/btp/services.go:366.2,366.32 1 1
github.com/SAP/jenkins-library/pkg/btp/services.go:369.107,370.21 1 1
github.com/SAP/jenkins-library/pkg/btp/services.go:370.21,372.3 1 0
github.com/SAP/jenkins-library/pkg/btp/services.go:374.2,381.48 2 1
github.com/SAP/jenkins-library/pkg/btp/services.go:381.48,383.3 1 0
github.com/SAP/jenkins-library/pkg/btp/services.go:385.2,386.16 2 1
github.com/SAP/jenkins-library/pkg/btp/services.go:386.16,388.3 1 0
github.com/SAP/jenkins-library/pkg/btp/services.go:390.2,390.37 1 1
github.com/SAP/jenkins-library/pkg/btp/services.go:390.37,392.3 1 0
github.com/SAP/jenkins-library/pkg/btp/services.go:394.2,394.22 1 1
github.com/SAP/jenkins-library/pkg/btp/services.go:397.86,398.21 1 1
github.com/SAP/jenkins-library/pkg/btp/services.go:398.21,400.3 1 0
github.com/SAP/jenkins-library/pkg/btp/services.go:401.2,416.16 7 1
github.com/SAP/jenkins-library/pkg/btp/services.go:416.16,419.3 1 0
github.com/SAP/jenkins-library/pkg/btp/services.go:422.2,425.21 2 1
github.com/SAP/jenkins-library/pkg/btp/services.go:425.21,428.31 3 0
github.com/SAP/jenkins-library/pkg/btp/services.go:428.31,430.4 1 0
github.com/SAP/jenkins-library/pkg/btp/services.go:431.3,431.32 1 0
github.com/SAP/jenkins-library/pkg/btp/services.go:431.32,433.4 1 0
github.com/SAP/jenkins-library/pkg/btp/services.go:434.3,434.36 1 0
github.com/SAP/jenkins-library/pkg/btp/services.go:434.36,436.4 1 0
github.com/SAP/jenkins-library/pkg/btp/services.go:437.3,439.79 2 0
github.com/SAP/jenkins-library/pkg/btp/services.go:442.2,454.16 3 1
github.com/SAP/jenkins-library/pkg/btp/services.go:454.16,456.3 1 0
github.com/SAP/jenkins-library/pkg/btp/services.go:458.2,469.16 2 1
github.com/SAP/jenkins-library/pkg/btp/services.go:469.16,471.3 1 0
github.com/SAP/jenkins-library/pkg/btp/services.go:473.2,483.27 2 1
github.com/SAP/jenkins-library/pkg/btp/services.go:483.27,487.4 3 0
github.com/SAP/jenkins-library/pkg/btp/services.go:488.35,498.4 1 1
github.com/SAP/jenkins-library/pkg/btp/services.go:503.2,503.16 1 1
github.com/SAP/jenkins-library/pkg/btp/services.go:503.16,507.3 2 1
github.com/SAP/jenkins-library/pkg/btp/services.go:509.2,510.16 2 1
github.com/SAP/jenkins-library/pkg/btp/services.go:510.16,513.3 2 0
github.com/SAP/jenkins-library/pkg/btp/services.go:515.2,515.12 1 1
github.com/SAP/jenkins-library/pkg/btp/services.go:518.98,519.21 1 1
github.com/SAP/jenkins-library/pkg/btp/services.go:519.21,521.3 1 0
github.com/SAP/jenkins-library/pkg/btp/services.go:522.2,537.16 7 1
github.com/SAP/jenkins-library/pkg/btp/services.go:537.16,540.3 1 0
github.com/SAP/jenkins-library/pkg/btp/services.go:543.2,550.21 2 1
github.com/SAP/jenkins-library/pkg/btp/services.go:550.21,553.31 3 0
github.com/SAP/jenkins-library/pkg/btp/services.go:553.31,555.4 1 0
github.com/SAP/jenkins-library/pkg/btp/services.go:556.3,556.29 1 0
github.com/SAP/jenkins-library/pkg/btp/services.go:556.29,558.4 1 0
github.com/SAP/jenkins-library/pkg/btp/services.go:559.3,559.33 1 0
github.com/SAP/jenkins-library/pkg/btp/services.go:559.33,561.4 1 0
github.com/SAP/jenkins-library/pkg/btp/services.go:562.3,562.33 1 0
github.com/SAP/jenkins-library/pkg/btp/services.go:562.33,564.4 1 0
github.com/SAP/jenkins-library/pkg/btp/services.go:565.3,565.27 1 0
github.com/SAP/jenkins-library/pkg/btp/services.go:565.27,567.4 1 0
github.com/SAP/jenkins-library/pkg/btp/services.go:568.3,568.32 1 0
github.com/SAP/jenkins-library/pkg/btp/services.go:568.32,570.4 1 0
github.com/SAP/jenkins-library/pkg/btp/services.go:571.3,573.84 2 0
github.com/SAP/jenkins-library/pkg/btp/services.go:576.2,590.30 3 1
github.com/SAP/jenkins-library/pkg/btp/services.go:590.30,592.3 1 1
github.com/SAP/jenkins-library/pkg/btp/services.go:594.2,600.27 2 1
github.com/SAP/jenkins-library/pkg/btp/services.go:600.27,604.4 3 0
github.com/SAP/jenkins-library/pkg/btp/services.go:605.35,615.4 1 1
github.com/SAP/jenkins-library/pkg/btp/services.go:620.2,620.16 1 1
github.com/SAP/jenkins-library/pkg/btp/services.go:620.16,624.3 2 0
github.com/SAP/jenkins-library/pkg/btp/services.go:627.2,629.16 2 1
github.com/SAP/jenkins-library/pkg/btp/services.go:629.16,631.3 1 0
github.com/SAP/jenkins-library/pkg/btp/services.go:633.2,634.16 2 1
github.com/SAP/jenkins-library/pkg/btp/services.go:634.16,636.3 1 0
github.com/SAP/jenkins-library/pkg/btp/services.go:638.2,638.33 1 1
github.com/SAP/jenkins-library/pkg/btp/services.go:641.92,642.21 1 1
github.com/SAP/jenkins-library/pkg/btp/services.go:642.21,644.3 1 0
github.com/SAP/jenkins-library/pkg/btp/services.go:646.2,655.16 3 1
github.com/SAP/jenkins-library/pkg/btp/services.go:655.16,658.3 1 0
github.com/SAP/jenkins-library/pkg/btp/services.go:661.2,663.16 2 1
github.com/SAP/jenkins-library/pkg/btp/services.go:663.16,665.3 1 0
github.com/SAP/jenkins-library/pkg/btp/services.go:667.2,668.16 2 1
github.com/SAP/jenkins-library/pkg/btp/services.go:668.16,670.3 1 0
github.com/SAP/jenkins-library/pkg/btp/services.go:672.2,672.17 1 1
github.com/SAP/jenkins-library/pkg/btp/services.go:678.95,679.21 1 1
github.com/SAP/jenkins-library/pkg/btp/services.go:679.21,681.3 1 0
github.com/SAP/jenkins-library/pkg/btp/services.go:683.2,692.21 6 1
github.com/SAP/jenkins-library/pkg/btp/services.go:692.21,695.31 3 0
github.com/SAP/jenkins-library/pkg/btp/services.go:695.31,697.4 1 0
github.com/SAP/jenkins-library/pkg/btp/services.go:698.3,698.61 1 0
github.com/SAP/jenkins-library/pkg/btp/services.go:698.61,700.4 1 0
github.com/SAP/jenkins-library/pkg/btp/services.go:701.3,703.86 2 0
github.com/SAP/jenkins-library/pkg/btp/services.go:706.2,713.30 3 1
github.com/SAP/jenkins-library/pkg/btp/services.go:713.30,715.3 1 1
github.com/SAP/jenkins-library/pkg/btp/services.go:715.8,717.3 1 1
github.com/SAP/jenkins-library/pkg/btp/services.go:719.2,722.16 3 1
github.com/SAP/jenkins-library/pkg/btp/services.go:722.16,725.3 2 1
github.com/SAP/jenkins-library/pkg/btp/services.go:728.2,730.16 2 1
github.com/SAP/jenkins-library/pkg/btp/services.go:730.16,733.3 2 1
github.com/SAP/jenkins-library/pkg/btp/services.go:735.2,735.33 1 1
github.com/SAP/jenkins-library/pkg/btp/services.go:738.88,739.21 1 1
github.com/SAP/jenkins-library/pkg/btp/services.go:739.21,741.3 1 0
github.com/SAP/jenkins-library/pkg/btp/services.go:742.2,757.16 7 1
github.com/SAP/jenkins-library/pkg/btp/services.go:757.16,761.3 2 0
github.com/SAP/jenkins-library/pkg/btp/services.go:764.2,767.21 2 1
github.com/SAP/jenkins-library/pkg/btp/services.go:767.21,770.31 3 0
github.com/SAP/jenkins-library/pkg/btp/services.go:770.31,772.4 1 0
github.com/SAP/jenkins-library/pkg/btp/services.go:773.3,773.33 1 0
github.com/SAP/jenkins-library/pkg/btp/services.go:773.33,775.4 1 0
github.com/SAP/jenkins-library/pkg/btp/services.go:776.3,778.80 2 0
github.com/SAP/jenkins-library/pkg/btp/services.go:781.2,793.16 3 1
github.com/SAP/jenkins-library/pkg/btp/services.go:793.16,795.3 1 1
github.com/SAP/jenkins-library/pkg/btp/services.go:797.2,808.27 2 1
github.com/SAP/jenkins-library/pkg/btp/services.go:808.27,812.4 3 0
github.com/SAP/jenkins-library/pkg/btp/services.go:813.35,823.4 1 1
github.com/SAP/jenkins-library/pkg/btp/services.go:828.2,828.16 1 1
github.com/SAP/jenkins-library/pkg/btp/services.go:828.16,832.3 2 0
github.com/SAP/jenkins-library/pkg/btp/services.go:834.2,835.16 2 1
github.com/SAP/jenkins-library/pkg/btp/services.go:835.16,838.3 2 0
github.com/SAP/jenkins-library/pkg/btp/services.go:840.2,840.12 1 1
github.com/SAP/jenkins-library/pkg/btp/services.go:843.44,846.20 2 1
github.com/SAP/jenkins-library/pkg/btp/services.go:846.20,852.3 3 1
github.com/SAP/jenkins-library/pkg/btp/services.go:854.2,854.54 1 1
github.com/SAP/jenkins-library/pkg/btp/services.go:857.108,860.16 2 1
github.com/SAP/jenkins-library/pkg/btp/services.go:860.16,862.3 1 1
github.com/SAP/jenkins-library/pkg/btp/services.go:864.2,866.16 3 1
github.com/SAP/jenkins-library/pkg/btp/services.go:866.16,868.3 1 0
github.com/SAP/jenkins-library/pkg/btp/services.go:869.2,869.26 1 1
github.com/SAP/jenkins-library/pkg/btp/services.go:872.105,875.16 2 1
github.com/SAP/jenkins-library/pkg/btp/services.go:875.16,877.3 1 0
github.com/SAP/jenkins-library/pkg/btp/services.go:879.2,881.16 3 1
github.com/SAP/jenkins-library/pkg/btp/services.go:881.16,883.3 1 0
github.com/SAP/jenkins-library/pkg/btp/services.go:884.2,884.26 1 1
github.com/SAP/jenkins-library/pkg/btp/utils.go:3.45,7.2 3 1
github.com/SAP/jenkins-library/pkg/abap/aakaas/aakUtils.go:31.56,33.2 1 0
github.com/SAP/jenkins-library/pkg/abap/aakaas/aakUtils.go:35.61,37.2 1 0
github.com/SAP/jenkins-library/pkg/abap/aakaas/aakUtils.go:39.98,41.2 1 0
github.com/SAP/jenkins-library/pkg/abap/aakaas/aakUtils.go:43.93,54.2 4 0
github.com/SAP/jenkins-library/pkg/abap/aakaas/aakUtils.go:56.30,66.2 4 0
github.com/SAP/jenkins-library/pkg/abap/aakaas/aakUtils_mock.go:25.40,33.2 2 0
github.com/SAP/jenkins-library/pkg/abap/aakaas/aakUtils_mock.go:35.50,37.2 1 0
github.com/SAP/jenkins-library/pkg/abap/aakaas/aakUtils_mock.go:39.60,41.2 1 0
github.com/SAP/jenkins-library/pkg/abap/aakaas/aakUtils_mock.go:43.70,45.2 1 0
github.com/SAP/jenkins-library/pkg/abap/aakaas/aakUtils_mock.go:47.65,49.2 1 0
github.com/SAP/jenkins-library/pkg/abap/aakaas/aakUtils_mock.go:51.61,54.2 2 0
github.com/SAP/jenkins-library/pkg/abap/aakaas/aakUtils_mock.go:56.51,59.2 2 0
github.com/SAP/jenkins-library/pkg/abap/aakaas/aakUtils_mock.go:61.60,63.2 1 0
github.com/SAP/jenkins-library/pkg/abap/aakaas/aakUtils_mock.go:65.57,67.2 1 0
github.com/SAP/jenkins-library/pkg/abap/aakaas/aakUtils_mock.go:69.102,72.18 3 0
github.com/SAP/jenkins-library/pkg/abap/aakaas/aakUtils_mock.go:73.17,74.3 1 0
github.com/SAP/jenkins-library/pkg/abap/aakaas/aakUtils_mock.go:74.3,86.4 1 0
github.com/SAP/jenkins-library/pkg/abap/aakaas/aakUtils_mock.go:87.20,88.3 1 0
github.com/SAP/jenkins-library/pkg/abap/aakaas/aakUtils_mock.go:88.3,99.4 1 0
github.com/SAP/jenkins-library/pkg/abap/aakaas/aakUtils_mock.go:100.17,101.3 1 0
github.com/SAP/jenkins-library/pkg/abap/aakaas/aakUtils_mock.go:101.3,103.4 1 0
github.com/SAP/jenkins-library/pkg/abap/aakaas/aakUtils_mock.go:104.24,105.3 1 0
github.com/SAP/jenkins-library/pkg/abap/aakaas/aakUtils_mock.go:105.3,107.4 1 0
github.com/SAP/jenkins-library/pkg/abap/aakaas/aakUtils_mock.go:109.2,109.29 1 0
github.com/SAP/jenkins-library/pkg/abap/aakaas/aakUtils_mock.go:120.74,127.2 2 0
github.com/SAP/jenkins-library/pkg/abap/aakaas/aakUtils_mock.go:129.55,131.2 1 0
github.com/SAP/jenkins-library/pkg/abap/aakaas/aakUtils_mock.go:133.65,135.2 1 0
github.com/SAP/jenkins-library/pkg/abap/aakaas/aakUtils_mock.go:137.70,139.2 1 0
github.com/SAP/jenkins-library/pkg/abap/aakaas/aakUtils_mock.go:141.107,145.2 3 0
github.com/SAP/jenkins-library/pkg/abap/aakaas/componentVersion.go:20.113,21.94 1 1
github.com/SAP/jenkins-library/pkg/abap/aakaas/componentVersion.go:21.94,23.3 1 0
github.com/SAP/jenkins-library/pkg/abap/aakaas/componentVersion.go:24.2,24.59 1 1
github.com/SAP/jenkins-library/pkg/abap/aakaas/componentVersion.go:24.59,26.3 1 0
github.com/SAP/jenkins-library/pkg/abap/aakaas/componentVersion.go:28.2,28.12 1 1
github.com/SAP/jenkins-library/pkg/abap/aakaas/componentVersion.go:31.80,36.2 4 1
github.com/SAP/jenkins-library/pkg/abap/aakaas/componentVersion.go:38.45,47.16 7 1
github.com/SAP/jenkins-library/pkg/abap/aakaas/componentVersion.go:47.16,49.3 1 1
github.com/SAP/jenkins-library/pkg/abap/aakaas/componentVersion.go:50.2,51.56 2 1
github.com/SAP/jenkins-library/pkg/abap/aakaas/componentVersion.go:51.56,53.3 1 0
github.com/SAP/jenkins-library/pkg/abap/aakaas/componentVersion.go:54.2,60.12 6 1
github.com/SAP/jenkins-library/pkg/abap/aakaas/package.go:59.84,65.2 5 0
github.com/SAP/jenkins-library/pkg/abap/aakaas/package.go:68.71,74.2 5 0
github.com/SAP/jenkins-library/pkg/abap/aakaas/package.go:77.39,78.50 1 0
github.com/SAP/jenkins-library/pkg/abap/aakaas/package.go:78.50,80.3 1 0
github.com/SAP/jenkins-library/pkg/abap/aakaas/package.go:81.2,85.16 5 0
github.com/SAP/jenkins-library/pkg/abap/aakaas/package.go:85.16,87.3 1 0
github.com/SAP/jenkins-library/pkg/abap/aakaas/package.go:88.2,89.52 2 0
github.com/SAP/jenkins-library/pkg/abap/aakaas/package.go:89.52,91.3 1 0
github.com/SAP/jenkins-library/pkg/abap/aakaas/package.go:92.2,98.39 7 0
github.com/SAP/jenkins-library/pkg/abap/aakaas/package.go:98.39,100.3 1 0
github.com/SAP/jenkins-library/pkg/abap/aakaas/package.go:100.8,102.3 1 0
github.com/SAP/jenkins-library/pkg/abap/aakaas/package.go:103.2,103.12 1 0
github.com/SAP/jenkins-library/pkg/abap/aakaas/package.go:107.50,110.16 3 0
github.com/SAP/jenkins-library/pkg/abap/aakaas/package.go:110.16,112.3 1 0
github.com/SAP/jenkins-library/pkg/abap/aakaas/package.go:114.2,115.52 2 0
github.com/SAP/jenkins-library/pkg/abap/aakaas/package.go:115.52,117.3 1 0
github.com/SAP/jenkins-library/pkg/abap/aakaas/package.go:119.2,122.12 3 0
github.com/SAP/jenkins-library/pkg/abap/aakaas/package.go:126.67,128.2 1 0
github.com/SAP/jenkins-library/pkg/abap/aakaas/package.go:131.36,132.25 1 0
github.com/SAP/jenkins-library/pkg/abap/aakaas/package.go:132.25,134.3 1 0
github.com/SAP/jenkins-library/pkg/abap/aakaas/package.go:135.2,139.16 5 0
github.com/SAP/jenkins-library/pkg/abap/aakaas/package.go:139.16,141.3 1 0
github.com/SAP/jenkins-library/pkg/abap/aakaas/package.go:143.2,144.52 2 0
github.com/SAP/jenkins-library/pkg/abap/aakaas/package.go:144.52,146.3 1 0
github.com/SAP/jenkins-library/pkg/abap/aakaas/package.go:147.2,149.12 3 0
github.com/SAP/jenkins-library/pkg/abap/aakaas/package.go:153.35,160.16 7 0
github.com/SAP/jenkins-library/pkg/abap/aakaas/package.go:160.16,162.3 1 0
github.com/SAP/jenkins-library/pkg/abap/aakaas/package.go:163.2,164.52 2 0
github.com/SAP/jenkins-library/pkg/abap/aakaas/package.go:164.52,166.3 1 0
github.com/SAP/jenkins-library/pkg/abap/aakaas/package.go:167.2,168.12 2 0
github.com/SAP/jenkins-library/pkg/abap/aakaas/package.go:172.50,173.23 1 0
github.com/SAP/jenkins-library/pkg/abap/aakaas/package.go:173.23,175.3 1 0
github.com/SAP/jenkins-library/pkg/abap/aakaas/package.go:175.8,177.3 1 0
github.com/SAP/jenkins-library/pkg/abap/aakaas/productVersion.go:20.114,21.107 1 1
github.com/SAP/jenkins-library/pkg/abap/aakaas/productVersion.go:21.107,23.3 1 0
github.com/SAP/jenkins-library/pkg/abap/aakaas/productVersion.go:24.2,24.59 1 1
github.com/SAP/jenkins-library/pkg/abap/aakaas/productVersion.go:24.59,26.3 1 0
github.com/SAP/jenkins-library/pkg/abap/aakaas/productVersion.go:27.2,27.12 1 1
github.com/SAP/jenkins-library/pkg/abap/aakaas/productVersion.go:30.89,35.2 4 1
github.com/SAP/jenkins-library/pkg/abap/aakaas/productVersion.go:37.66,46.16 7 1
github.com/SAP/jenkins-library/pkg/abap/aakaas/productVersion.go:46.16,48.3 1 1
github.com/SAP/jenkins-library/pkg/abap/aakaas/productVersion.go:49.2,50.56 2 1
github.com/SAP/jenkins-library/pkg/abap/aakaas/productVersion.go:50.56,52.3 1 0
github.com/SAP/jenkins-library/pkg/abap/aakaas/productVersion.go:53.2,58.12 6 1
github.com/SAP/jenkins-library/pkg/abap/aakaas/productVersionHeader.go:45.132,47.88 2 0
github.com/SAP/jenkins-library/pkg/abap/aakaas/productVersionHeader.go:47.88,49.3 1 0
github.com/SAP/jenkins-library/pkg/abap/aakaas/productVersionHeader.go:50.2,56.52 2 0
github.com/SAP/jenkins-library/pkg/abap/aakaas/productVersionHeader.go:56.52,58.81 2 0
github.com/SAP/jenkins-library/pkg/abap/aakaas/productVersionHeader.go:58.81,60.4 1 0
github.com/SAP/jenkins-library/pkg/abap/aakaas/productVersionHeader.go:61.3,67.41 2 0
github.com/SAP/jenkins-library/pkg/abap/aakaas/productVersionHeader.go:70.2,70.27 1 0
github.com/SAP/jenkins-library/pkg/abap/aakaas/productVersionHeader.go:70.27,72.3 1 0
github.com/SAP/jenkins-library/pkg/abap/aakaas/productVersionHeader.go:74.2,74.18 1 0
github.com/SAP/jenkins-library/pkg/abap/aakaas/productVersionHeader.go:77.89,83.16 4 0
github.com/SAP/jenkins-library/pkg/abap/aakaas/productVersionHeader.go:83.16,85.3 1 0
github.com/SAP/jenkins-library/pkg/abap/aakaas/productVersionHeader.go:87.2,89.16 3 0
github.com/SAP/jenkins-library/pkg/abap/aakaas/productVersionHeader.go:89.16,91.3 1 0
github.com/SAP/jenkins-library/pkg/abap/aakaas/productVersionHeader.go:93.2,94.64 2 0
github.com/SAP/jenkins-library/pkg/abap/aakaas/productVersionHeader.go:94.64,96.3 1 0
github.com/SAP/jenkins-library/pkg/abap/aakaas/productVersionHeader.go:98.2,102.41 4 0
github.com/SAP/jenkins-library/pkg/abap/aakaas/productVersionHeader.go:102.41,104.62 2 0
github.com/SAP/jenkins-library/pkg/abap/aakaas/productVersionHeader.go:104.62,105.108 1 0
github.com/SAP/jenkins-library/pkg/abap/aakaas/productVersionHeader.go:105.108,107.5 1 0
github.com/SAP/jenkins-library/pkg/abap/aakaas/productVersionHeader.go:107.10,107.75 1 0
github.com/SAP/jenkins-library/pkg/abap/aakaas/productVersionHeader.go:107.75,109.5 1 0
github.com/SAP/jenkins-library/pkg/abap/aakaas/productVersionHeader.go:111.3,111.43 1 0
github.com/SAP/jenkins-library/pkg/abap/aakaas/productVersionHeader.go:111.43,113.4 1 0
github.com/SAP/jenkins-library/pkg/abap/aakaas/productVersionHeader.go:114.3,116.85 3 0
github.com/SAP/jenkins-library/pkg/abap/aakaas/productVersionHeader.go:119.2,120.12 2 0
github.com/SAP/jenkins-library/pkg/abap/aakaas/productVersionHeader.go:123.116,131.61 5 0
github.com/SAP/jenkins-library/pkg/abap/aakaas/productVersionHeader.go:131.61,133.34 2 0
github.com/SAP/jenkins-library/pkg/abap/aakaas/productVersionHeader.go:133.34,134.86 1 0
github.com/SAP/jenkins-library/pkg/abap/aakaas/productVersionHeader.go:134.86,136.5 1 0
github.com/SAP/jenkins-library/pkg/abap/aakaas/productVersionHeader.go:136.10,136.53 1 0
github.com/SAP/jenkins-library/pkg/abap/aakaas/productVersionHeader.go:136.53,138.5 1 0
github.com/SAP/jenkins-library/pkg/abap/aakaas/productVersionHeader.go:140.3,140.43 1 0
github.com/SAP/jenkins-library/pkg/abap/aakaas/productVersionHeader.go:140.43,142.4 1 0
github.com/SAP/jenkins-library/pkg/abap/aakaas/productVersionHeader.go:144.3,147.99 4 0
github.com/SAP/jenkins-library/pkg/abap/aakaas/productVersionHeader.go:150.2,150.12 1 0
github.com/SAP/jenkins-library/pkg/abap/aakaas/targetVector.go:65.83,66.158 1 1
github.com/SAP/jenkins-library/pkg/abap/aakaas/targetVector.go:66.158,68.3 1 1
github.com/SAP/jenkins-library/pkg/abap/aakaas/targetVector.go:69.2,76.46 7 1
github.com/SAP/jenkins-library/pkg/abap/aakaas/targetVector.go:76.46,78.106 1 1
github.com/SAP/jenkins-library/pkg/abap/aakaas/targetVector.go:78.106,80.4 1 0
github.com/SAP/jenkins-library/pkg/abap/aakaas/targetVector.go:81.3,86.30 6 1
github.com/SAP/jenkins-library/pkg/abap/aakaas/targetVector.go:88.2,89.12 2 1
github.com/SAP/jenkins-library/pkg/abap/aakaas/targetVector.go:93.49,95.2 1 1
github.com/SAP/jenkins-library/pkg/abap/aakaas/targetVector.go:98.77,101.16 3 1
github.com/SAP/jenkins-library/pkg/abap/aakaas/targetVector.go:101.16,103.3 1 0
github.com/SAP/jenkins-library/pkg/abap/aakaas/targetVector.go:104.2,106.16 3 1
github.com/SAP/jenkins-library/pkg/abap/aakaas/targetVector.go:106.16,108.3 1 0
github.com/SAP/jenkins-library/pkg/abap/aakaas/targetVector.go:109.2,110.51 2 1
github.com/SAP/jenkins-library/pkg/abap/aakaas/targetVector.go:110.51,112.3 1 0
github.com/SAP/jenkins-library/pkg/abap/aakaas/targetVector.go:113.2,115.12 3 1
github.com/SAP/jenkins-library/pkg/abap/aakaas/targetVector.go:118.116,122.16 4 1
github.com/SAP/jenkins-library/pkg/abap/aakaas/targetVector.go:122.16,124.3 1 0
github.com/SAP/jenkins-library/pkg/abap/aakaas/targetVector.go:126.2,127.51 2 1
github.com/SAP/jenkins-library/pkg/abap/aakaas/targetVector.go:127.51,129.3 1 0
github.com/SAP/jenkins-library/pkg/abap/aakaas/targetVector.go:131.2,133.12 3 1
github.com/SAP/jenkins-library/pkg/abap/aakaas/targetVector.go:137.74,138.17 1 1
github.com/SAP/jenkins-library/pkg/abap/aakaas/targetVector.go:138.17,140.3 1 1
github.com/SAP/jenkins-library/pkg/abap/aakaas/targetVector.go:141.2,143.16 3 1
github.com/SAP/jenkins-library/pkg/abap/aakaas/targetVector.go:143.16,145.3 1 1
github.com/SAP/jenkins-library/pkg/abap/aakaas/targetVector.go:147.2,148.51 2 1
github.com/SAP/jenkins-library/pkg/abap/aakaas/targetVector.go:148.51,150.3 1 0
github.com/SAP/jenkins-library/pkg/abap/aakaas/targetVector.go:152.2,155.12 3 1
github.com/SAP/jenkins-library/pkg/abap/aakaas/targetVector.go:159.105,163.6 4 1
github.com/SAP/jenkins-library/pkg/abap/aakaas/targetVector.go:163.6,164.10 1 1
github.com/SAP/jenkins-library/pkg/abap/aakaas/targetVector.go:165.18,166.26 1 0
github.com/SAP/jenkins-library/pkg/abap/aakaas/targetVector.go:166.26,168.5 1 0
github.com/SAP/jenkins-library/pkg/abap/aakaas/targetVector.go:168.10,170.5 1 0
github.com/SAP/jenkins-library/pkg/abap/aakaas/targetVector.go:171.17,172.51 1 1
github.com/SAP/jenkins-library/pkg/abap/aakaas/targetVector.go:172.51,174.5 1 0
github.com/SAP/jenkins-library/pkg/abap/aakaas/targetVector.go:175.4,175.48 1 1
github.com/SAP/jenkins-library/pkg/abap/aakaas/targetVector.go:176.42,177.13 1 1
github.com/SAP/jenkins-library/pkg/abap/aakaas/targetVector.go:178.42,179.54 1 1
github.com/SAP/jenkins-library/pkg/abap/aakaas/targetVector.go:179.54,181.6 1 1
github.com/SAP/jenkins-library/pkg/abap/aakaas/targetVector.go:181.11,183.14 2 0
github.com/SAP/jenkins-library/pkg/abap/aakaas/targetVector.go:185.40,186.83 1 0
github.com/SAP/jenkins-library/pkg/abap/aakaas/targetVector.go:187.12,188.105 1 0
github.com/SAP/jenkins-library/pkg/abap/aakaas/versionables.go:38.139,39.16 1 1
github.com/SAP/jenkins-library/pkg/abap/aakaas/versionables.go:39.16,41.3 1 1
github.com/SAP/jenkins-library/pkg/abap/aakaas/versionables.go:42.2,43.26 2 1
github.com/SAP/jenkins-library/pkg/abap/aakaas/versionables.go:43.26,45.3 1 1
github.com/SAP/jenkins-library/pkg/abap/aakaas/versionables.go:46.2,53.12 8 1
github.com/SAP/jenkins-library/pkg/abap/aakaas/versionables.go:56.67,57.52 1 1
github.com/SAP/jenkins-library/pkg/abap/aakaas/versionables.go:57.52,59.3 1 0
github.com/SAP/jenkins-library/pkg/abap/aakaas/versionables.go:60.2,60.51 1 1
github.com/SAP/jenkins-library/pkg/abap/aakaas/versionables.go:60.51,62.3 1 0
github.com/SAP/jenkins-library/pkg/abap/aakaas/versionables.go:63.2,64.61 2 1
github.com/SAP/jenkins-library/pkg/abap/aakaas/versionables.go:64.61,66.3 1 0
github.com/SAP/jenkins-library/pkg/abap/aakaas/versionables.go:67.2,67.12 1 1
github.com/SAP/jenkins-library/pkg/abap/aakaas/versionables.go:70.62,72.48 1 1
github.com/SAP/jenkins-library/pkg/abap/aakaas/versionables.go:73.9,74.13 1 1
github.com/SAP/jenkins-library/pkg/abap/aakaas/versionables.go:75.9,78.23 3 1
github.com/SAP/jenkins-library/pkg/abap/aakaas/versionables.go:79.22,80.43 1 1
github.com/SAP/jenkins-library/pkg/abap/aakaas/versionables.go:81.22,82.43 1 1
github.com/SAP/jenkins-library/pkg/abap/aakaas/versionables.go:83.25,84.46 1 1
github.com/SAP/jenkins-library/pkg/abap/aakaas/versionables.go:86.3,86.17 1 1
github.com/SAP/jenkins-library/pkg/abap/aakaas/versionables.go:86.17,88.4 1 0
github.com/SAP/jenkins-library/pkg/abap/aakaas/versionables.go:89.10,90.96 1 0
github.com/SAP/jenkins-library/pkg/abap/aakaas/versionables.go:93.2,93.12 1 1
github.com/SAP/jenkins-library/pkg/abap/aakaas/versionables.go:96.61,97.34 1 1
github.com/SAP/jenkins-library/pkg/abap/aakaas/versionables.go:97.34,98.59 1 1
github.com/SAP/jenkins-library/pkg/abap/aakaas/versionables.go:98.59,100.4 1 0
github.com/SAP/jenkins-library/pkg/abap/aakaas/versionables.go:102.2,102.34 1 1
github.com/SAP/jenkins-library/pkg/abap/aakaas/versionables.go:102.34,103.59 1 1
github.com/SAP/jenkins-library/pkg/abap/aakaas/versionables.go:103.59,105.4 1 0
github.com/SAP/jenkins-library/pkg/abap/aakaas/versionables.go:107.2,107.37 1 1
github.com/SAP/jenkins-library/pkg/abap/aakaas/versionables.go:107.37,108.62 1 1
github.com/SAP/jenkins-library/pkg/abap/aakaas/versionables.go:108.62,110.4 1 0
github.com/SAP/jenkins-library/pkg/abap/aakaas/versionables.go:113.2,113.12 1 1
github.com/SAP/jenkins-library/pkg/abap/aakaas/versionables.go:116.80,120.70 3 1
github.com/SAP/jenkins-library/pkg/abap/aakaas/versionables.go:120.70,122.3 1 0
github.com/SAP/jenkins-library/pkg/abap/aakaas/versionables.go:122.8,123.76 1 1
github.com/SAP/jenkins-library/pkg/abap/aakaas/versionables.go:123.76,125.4 1 0
github.com/SAP/jenkins-library/pkg/abap/aakaas/versionables.go:125.9,128.4 2 1
github.com/SAP/jenkins-library/pkg/abap/aakaas/versionables.go:132.80,136.70 3 1
github.com/SAP/jenkins-library/pkg/abap/aakaas/versionables.go:136.70,138.3 1 0
github.com/SAP/jenkins-library/pkg/abap/aakaas/versionables.go:138.8,139.76 1 1
github.com/SAP/jenkins-library/pkg/abap/aakaas/versionables.go:139.76,141.4 1 0
github.com/SAP/jenkins-library/pkg/abap/aakaas/versionables.go:141.9,144.4 2 1
github.com/SAP/jenkins-library/pkg/abap/aakaas/versionables.go:148.83,152.70 3 1
github.com/SAP/jenkins-library/pkg/abap/aakaas/versionables.go:152.70,154.3 1 0
github.com/SAP/jenkins-library/pkg/abap/aakaas/versionables.go:154.8,155.82 1 1
github.com/SAP/jenkins-library/pkg/abap/aakaas/versionables.go:155.82,157.4 1 0
github.com/SAP/jenkins-library/pkg/abap/aakaas/versionables.go:157.9,160.4 2 1
github.com/SAP/jenkins-library/pkg/abap/aakaas/versionables.go:164.89,176.58 9 1
github.com/SAP/jenkins-library/pkg/abap/aakaas/versionables.go:176.58,178.3 1 0
github.com/SAP/jenkins-library/pkg/abap/aakaas/versionables.go:178.8,180.57 2 1
github.com/SAP/jenkins-library/pkg/abap/aakaas/versionables.go:180.57,182.4 1 0
github.com/SAP/jenkins-library/pkg/abap/aakaas/versionables.go:183.3,183.35 1 1
github.com/SAP/jenkins-library/pkg/abap/aakaas/versionables.go:184.10,189.5 1 1
github.com/SAP/jenkins-library/pkg/abap/aakaas/versionables.go:190.10,191.35 1 1
github.com/SAP/jenkins-library/pkg/abap/aakaas/versionables.go:192.11,193.109 1 0
github.com/SAP/jenkins-library/pkg/abap/aakaas/versionables.go:196.2,197.21 2 1
github.com/SAP/jenkins-library/pkg/abap/aakaas/versionables.go:200.64,204.68 4 1
github.com/SAP/jenkins-library/pkg/abap/aakaas/versionables.go:204.68,206.3 1 0
github.com/SAP/jenkins-library/pkg/abap/aakaas/versionables.go:207.2,207.74 1 1
github.com/SAP/jenkins-library/pkg/abap/aakaas/versionables.go:207.74,209.3 1 0
github.com/SAP/jenkins-library/pkg/abap/aakaas/versionables.go:210.2,211.33 2 1
github.com/SAP/jenkins-library/pkg/certutils/certutils.go:14.131,17.25 1 1
github.com/SAP/jenkins-library/pkg/certutils/certutils.go:17.25,19.3 1 0
github.com/SAP/jenkins-library/pkg/certutils/certutils.go:21.2,22.16 2 1
github.com/SAP/jenkins-library/pkg/certutils/certutils.go:22.16,24.3 1 1
github.com/SAP/jenkins-library/pkg/certutils/certutils.go:26.2,27.16 2 1
github.com/SAP/jenkins-library/pkg/certutils/certutils.go:27.16,29.3 1 1
github.com/SAP/jenkins-library/pkg/certutils/certutils.go:31.2,34.16 3 1
github.com/SAP/jenkins-library/pkg/certutils/certutils.go:34.16,36.3 1 1
github.com/SAP/jenkins-library/pkg/certutils/certutils.go:37.2,37.12 1 1
github.com/SAP/jenkins-library/pkg/certutils/certutils.go:41.87,42.25 1 1
github.com/SAP/jenkins-library/pkg/certutils/certutils.go:42.25,44.3 1 1
github.com/SAP/jenkins-library/pkg/certutils/certutils.go:46.2,47.37 2 1
github.com/SAP/jenkins-library/pkg/certutils/certutils.go:47.37,50.17 3 1
github.com/SAP/jenkins-library/pkg/certutils/certutils.go:50.17,52.4 1 1
github.com/SAP/jenkins-library/pkg/certutils/certutils.go:54.3,55.17 2 1
github.com/SAP/jenkins-library/pkg/certutils/certutils.go:55.17,57.4 1 0
github.com/SAP/jenkins-library/pkg/certutils/certutils.go:58.3,60.36 3 1
github.com/SAP/jenkins-library/pkg/certutils/certutils.go:63.2,63.19 1 1
github.com/SAP/jenkins-library/pkg/command/command.go:55.38,57.2 1 0
github.com/SAP/jenkins-library/pkg/command/command.go:60.40,62.2 1 1
github.com/SAP/jenkins-library/pkg/command/command.go:65.43,67.2 1 0
github.com/SAP/jenkins-library/pkg/command/command.go:69.39,71.2 1 0
github.com/SAP/jenkins-library/pkg/command/command.go:74.42,76.2 1 0
github.com/SAP/jenkins-library/pkg/command/command.go:79.44,81.2 1 0
github.com/SAP/jenkins-library/pkg/command/command.go:84.44,86.2 1 0
github.com/SAP/jenkins-library/pkg/command/command.go:89.41,91.2 1 0
github.com/SAP/jenkins-library/pkg/command/command.go:94.41,96.2 1 0
github.com/SAP/jenkins-library/pkg/command/command.go:102.56,107.20 3 1
github.com/SAP/jenkins-library/pkg/command/command.go:107.20,109.3 1 0
github.com/SAP/jenkins-library/pkg/command/command.go:111.2,119.38 6 1
github.com/SAP/jenkins-library/pkg/command/command.go:119.38,121.3 1 0
github.com/SAP/jenkins-library/pkg/command/command.go:122.2,122.12 1 1
github.com/SAP/jenkins-library/pkg/command/command.go:129.76,131.2 1 1
github.com/SAP/jenkins-library/pkg/command/command.go:137.119,143.20 4 1
github.com/SAP/jenkins-library/pkg/command/command.go:143.20,145.3 1 0
github.com/SAP/jenkins-library/pkg/command/command.go:147.2,151.20 3 1
github.com/SAP/jenkins-library/pkg/command/command.go:151.20,153.3 1 0
[...]
github.com/SAP/jenkins-library/pkg/versioning/inifile.go:55.22,57.17 2 1
github.com/SAP/jenkins-library/pkg/versioning/inifile.go:57.17,59.4 1 1
github.com/SAP/jenkins-library/pkg/versioning/inifile.go:61.2,62.36 2 1
github.com/SAP/jenkins-library/pkg/versioning/inifile.go:62.36,64.3 1 1
github.com/SAP/jenkins-library/pkg/versioning/inifile.go:65.2,65.97 1 1
github.com/SAP/jenkins-library/pkg/versioning/inifile.go:69.52,70.22 1 1
github.com/SAP/jenkins-library/pkg/versioning/inifile.go:70.22,72.17 2 1
github.com/SAP/jenkins-library/pkg/versioning/inifile.go:72.17,74.4 1 0
github.com/SAP/jenkins-library/pkg/versioning/inifile.go:76.2,81.16 6 1
github.com/SAP/jenkins-library/pkg/versioning/inifile.go:81.16,83.3 1 1
github.com/SAP/jenkins-library/pkg/versioning/inifile.go:84.2,84.12 1 1
github.com/SAP/jenkins-library/pkg/versioning/inifile.go:88.57,90.2 1 0
github.com/SAP/jenkins-library/pkg/versioning/jsonfile.go:21.27,22.30 1 1
github.com/SAP/jenkins-library/pkg/versioning/jsonfile.go:22.30,24.3 1 1
github.com/SAP/jenkins-library/pkg/versioning/jsonfile.go:25.2,25.23 1 1
github.com/SAP/jenkins-library/pkg/versioning/jsonfile.go:25.23,27.3 1 1
github.com/SAP/jenkins-library/pkg/versioning/jsonfile.go:29.2,29.24 1 1
github.com/SAP/jenkins-library/pkg/versioning/jsonfile.go:29.24,31.3 1 1
github.com/SAP/jenkins-library/pkg/versioning/jsonfile.go:35.46,37.2 1 1
github.com/SAP/jenkins-library/pkg/versioning/jsonfile.go:40.49,44.16 3 1
github.com/SAP/jenkins-library/pkg/versioning/jsonfile.go:44.16,46.3 1 1
github.com/SAP/jenkins-library/pkg/versioning/jsonfile.go:48.2,49.16 2 1
github.com/SAP/jenkins-library/pkg/versioning/jsonfile.go:49.16,51.3 1 0
github.com/SAP/jenkins-library/pkg/versioning/jsonfile.go:53.2,55.33 2 1
github.com/SAP/jenkins-library/pkg/versioning/jsonfile.go:59.53,62.22 2 1
github.com/SAP/jenkins-library/pkg/versioning/jsonfile.go:62.22,64.17 2 1
github.com/SAP/jenkins-library/pkg/versioning/jsonfile.go:64.17,66.4 1 0
github.com/SAP/jenkins-library/pkg/versioning/jsonfile.go:68.2,74.46 6 1
github.com/SAP/jenkins-library/pkg/versioning/jsonfile.go:74.46,76.3 1 0
github.com/SAP/jenkins-library/pkg/versioning/jsonfile.go:77.2,78.16 2 1
github.com/SAP/jenkins-library/pkg/versioning/jsonfile.go:78.16,80.3 1 1
github.com/SAP/jenkins-library/pkg/versioning/jsonfile.go:82.2,82.12 1 1
github.com/SAP/jenkins-library/pkg/versioning/jsonfile.go:86.58,89.16 3 0
github.com/SAP/jenkins-library/pkg/versioning/jsonfile.go:89.16,91.3 1 0
github.com/SAP/jenkins-library/pkg/versioning/jsonfile.go:92.2,97.20 4 0
github.com/SAP/jenkins-library/pkg/versioning/maven.go:28.24,29.33 1 1
github.com/SAP/jenkins-library/pkg/versioning/maven.go:29.33,31.3 1 1
github.com/SAP/jenkins-library/pkg/versioning/maven.go:33.2,33.20 1 1
github.com/SAP/jenkins-library/pkg/versioning/maven.go:33.20,35.3 1 1
github.com/SAP/jenkins-library/pkg/versioning/maven.go:39.43,41.2 1 1
github.com/SAP/jenkins-library/pkg/versioning/maven.go:44.55,48.16 4 0
github.com/SAP/jenkins-library/pkg/versioning/maven.go:48.16,50.3 1 0
github.com/SAP/jenkins-library/pkg/versioning/maven.go:51.2,52.16 2 0
github.com/SAP/jenkins-library/pkg/versioning/maven.go:52.16,54.3 1 0
github.com/SAP/jenkins-library/pkg/versioning/maven.go:55.2,56.16 2 0
github.com/SAP/jenkins-library/pkg/versioning/maven.go:56.16,58.3 1 0
github.com/SAP/jenkins-library/pkg/versioning/maven.go:59.2,60.16 2 0
github.com/SAP/jenkins-library/pkg/versioning/maven.go:60.16,62.3 1 0
github.com/SAP/jenkins-library/pkg/versioning/maven.go:63.2,63.20 1 0
github.com/SAP/jenkins-library/pkg/versioning/maven.go:67.48,71.16 3 0
github.com/SAP/jenkins-library/pkg/versioning/maven.go:71.16,73.3 1 0
github.com/SAP/jenkins-library/pkg/versioning/maven.go:74.2,74.23 1 0
github.com/SAP/jenkins-library/pkg/versioning/maven.go:78.46,82.16 3 0
github.com/SAP/jenkins-library/pkg/versioning/maven.go:82.16,84.3 1 0
github.com/SAP/jenkins-library/pkg/versioning/maven.go:85.2,85.21 1 0
github.com/SAP/jenkins-library/pkg/versioning/maven.go:89.49,93.16 3 0
github.com/SAP/jenkins-library/pkg/versioning/maven.go:93.16,95.3 1 0
github.com/SAP/jenkins-library/pkg/versioning/maven.go:96.2,96.24 1 0
github.com/SAP/jenkins-library/pkg/versioning/maven.go:100.46,104.16 3 1
github.com/SAP/jenkins-library/pkg/versioning/maven.go:104.16,106.3 1 1
github.com/SAP/jenkins-library/pkg/versioning/maven.go:108.2,108.21 1 1
github.com/SAP/jenkins-library/pkg/versioning/maven.go:112.50,116.16 3 1
github.com/SAP/jenkins-library/pkg/versioning/maven.go:116.16,118.3 1 1
github.com/SAP/jenkins-library/pkg/versioning/maven.go:119.2,134.16 3 1
github.com/SAP/jenkins-library/pkg/versioning/maven.go:134.16,136.3 1 1
github.com/SAP/jenkins-library/pkg/versioning/maven.go:137.2,137.12 1 1
github.com/SAP/jenkins-library/pkg/versioning/pip.go:26.28,27.23 1 1
github.com/SAP/jenkins-library/pkg/versioning/pip.go:27.23,29.3 1 0
github.com/SAP/jenkins-library/pkg/versioning/pip.go:31.2,31.24 1 1
github.com/SAP/jenkins-library/pkg/versioning/pip.go:31.24,33.3 1 0
github.com/SAP/jenkins-library/pkg/versioning/pip.go:35.2,35.40 1 1
github.com/SAP/jenkins-library/pkg/versioning/pip.go:35.40,37.17 2 1
github.com/SAP/jenkins-library/pkg/versioning/pip.go:37.17,39.4 1 1
github.com/SAP/jenkins-library/pkg/versioning/pip.go:40.3,40.45 1 1
github.com/SAP/jenkins-library/pkg/versioning/pip.go:42.2,42.12 1 1
github.com/SAP/jenkins-library/pkg/versioning/pip.go:46.44,49.42 3 1
github.com/SAP/jenkins-library/pkg/versioning/pip.go:49.42,51.17 2 1
github.com/SAP/jenkins-library/pkg/versioning/pip.go:51.17,53.22 2 1
github.com/SAP/jenkins-library/pkg/versioning/pip.go:53.22,55.5 1 1
github.com/SAP/jenkins-library/pkg/versioning/pip.go:56.4,56.62 1 1
github.com/SAP/jenkins-library/pkg/versioning/pip.go:56.62,60.5 3 1
github.com/SAP/jenkins-library/pkg/versioning/pip.go:61.4,61.64 1 1
github.com/SAP/jenkins-library/pkg/versioning/pip.go:64.2,69.30 2 1
github.com/SAP/jenkins-library/pkg/versioning/pip.go:73.42,76.42 3 1
github.com/SAP/jenkins-library/pkg/versioning/pip.go:76.42,78.17 2 1
github.com/SAP/jenkins-library/pkg/versioning/pip.go:78.17,80.22 2 1
github.com/SAP/jenkins-library/pkg/versioning/pip.go:80.22,82.5 1 1
github.com/SAP/jenkins-library/pkg/versioning/pip.go:83.4,83.62 1 1
github.com/SAP/jenkins-library/pkg/versioning/pip.go:83.62,89.5 5 1
github.com/SAP/jenkins-library/pkg/versioning/pip.go:89.10,91.5 1 1
github.com/SAP/jenkins-library/pkg/versioning/pip.go:94.2,99.31 2 1
github.com/SAP/jenkins-library/pkg/versioning/pip.go:103.41,105.2 1 1
github.com/SAP/jenkins-library/pkg/versioning/pip.go:108.53,111.16 3 1
github.com/SAP/jenkins-library/pkg/versioning/pip.go:111.16,113.3 1 1
github.com/SAP/jenkins-library/pkg/versioning/pip.go:115.2,115.57 1 1
github.com/SAP/jenkins-library/pkg/versioning/pip.go:115.57,119.3 3 1
github.com/SAP/jenkins-library/pkg/versioning/pip.go:119.8,121.3 1 1
github.com/SAP/jenkins-library/pkg/versioning/pip.go:123.2,124.16 2 1
github.com/SAP/jenkins-library/pkg/versioning/pip.go:124.16,126.3 1 1
github.com/SAP/jenkins-library/pkg/versioning/pip.go:128.2,128.20 1 1
github.com/SAP/jenkins-library/pkg/versioning/pip.go:131.47,132.20 1 1
github.com/SAP/jenkins-library/pkg/versioning/pip.go:132.20,135.3 2 1
github.com/SAP/jenkins-library/pkg/versioning/pip.go:136.2,136.13 1 0
github.com/SAP/jenkins-library/pkg/versioning/properties.go:20.39,21.30 1 1
github.com/SAP/jenkins-library/pkg/versioning/properties.go:21.30,23.3 1 1
github.com/SAP/jenkins-library/pkg/versioning/properties.go:24.2,24.24 1 1
github.com/SAP/jenkins-library/pkg/versioning/properties.go:24.24,26.3 1 1
github.com/SAP/jenkins-library/pkg/versioning/properties.go:27.2,27.22 1 1
github.com/SAP/jenkins-library/pkg/versioning/properties.go:27.22,30.17 3 1
github.com/SAP/jenkins-library/pkg/versioning/properties.go:30.17,32.4 1 1
github.com/SAP/jenkins-library/pkg/versioning/properties.go:34.2,34.12 1 1
github.com/SAP/jenkins-library/pkg/versioning/properties.go:38.52,39.34 1 0
github.com/SAP/jenkins-library/pkg/versioning/properties.go:39.34,41.3 1 0
github.com/SAP/jenkins-library/pkg/versioning/properties.go:42.2,42.27 1 0
github.com/SAP/jenkins-library/pkg/versioning/properties.go:46.55,48.16 2 1
github.com/SAP/jenkins-library/pkg/versioning/properties.go:48.16,50.3 1 1
github.com/SAP/jenkins-library/pkg/versioning/properties.go:51.2,52.23 2 1
github.com/SAP/jenkins-library/pkg/versioning/properties.go:52.23,54.3 1 1
github.com/SAP/jenkins-library/pkg/versioning/properties.go:55.2,55.21 1 1
github.com/SAP/jenkins-library/pkg/versioning/properties.go:59.59,61.16 2 1
github.com/SAP/jenkins-library/pkg/versioning/properties.go:61.16,63.3 1 0
github.com/SAP/jenkins-library/pkg/versioning/properties.go:64.2,65.16 2 1
github.com/SAP/jenkins-library/pkg/versioning/properties.go:65.16,67.3 1 0
github.com/SAP/jenkins-library/pkg/versioning/properties.go:69.2,71.16 3 1
github.com/SAP/jenkins-library/pkg/versioning/properties.go:71.16,73.3 1 0
github.com/SAP/jenkins-library/pkg/versioning/properties.go:74.2,75.16 2 1
github.com/SAP/jenkins-library/pkg/versioning/properties.go:75.16,77.3 1 1
github.com/SAP/jenkins-library/pkg/versioning/properties.go:78.2,78.12 1 1
github.com/SAP/jenkins-library/pkg/versioning/properties.go:82.64,85.2 2 0
github.com/SAP/jenkins-library/pkg/versioning/toml.go:27.29,30.56 2 1
github.com/SAP/jenkins-library/pkg/versioning/toml.go:30.56,32.3 1 1
github.com/SAP/jenkins-library/pkg/versioning/toml.go:34.2,34.37 1 1
github.com/SAP/jenkins-library/pkg/versioning/toml.go:34.37,36.3 1 1
github.com/SAP/jenkins-library/pkg/versioning/toml.go:38.2,38.83 1 1
github.com/SAP/jenkins-library/pkg/versioning/toml.go:38.83,40.3 1 0
github.com/SAP/jenkins-library/pkg/versioning/toml.go:41.2,42.12 2 1
github.com/SAP/jenkins-library/pkg/versioning/toml.go:46.42,47.33 1 1
github.com/SAP/jenkins-library/pkg/versioning/toml.go:47.33,49.3 1 1
github.com/SAP/jenkins-library/pkg/versioning/toml.go:50.2,50.42 1 1
github.com/SAP/jenkins-library/pkg/versioning/toml.go:50.42,52.3 1 1
github.com/SAP/jenkins-library/pkg/versioning/toml.go:53.2,53.40 1 1
github.com/SAP/jenkins-library/pkg/versioning/toml.go:57.45,58.33 1 1
github.com/SAP/jenkins-library/pkg/versioning/toml.go:58.33,60.3 1 0
github.com/SAP/jenkins-library/pkg/versioning/toml.go:61.2,61.45 1 1
github.com/SAP/jenkins-library/pkg/versioning/toml.go:61.45,63.3 1 1
github.com/SAP/jenkins-library/pkg/versioning/toml.go:64.2,64.43 1 1
github.com/SAP/jenkins-library/pkg/versioning/toml.go:68.45,69.48 1 1
github.com/SAP/jenkins-library/pkg/versioning/toml.go:69.48,71.3 1 0
github.com/SAP/jenkins-library/pkg/versioning/toml.go:71.8,83.17 4 1
github.com/SAP/jenkins-library/pkg/versioning/toml.go:83.17,85.4 1 0
github.com/SAP/jenkins-library/pkg/versioning/toml.go:86.3,86.13 1 1
github.com/SAP/jenkins-library/pkg/versioning/toml.go:91.54,94.42 2 1
github.com/SAP/jenkins-library/pkg/versioning/toml.go:94.42,96.3 1 1
github.com/SAP/jenkins-library/pkg/versioning/toml.go:96.8,98.3 1 1
github.com/SAP/jenkins-library/pkg/versioning/toml.go:100.2,100.48 1 1
github.com/SAP/jenkins-library/pkg/versioning/toml.go:100.48,102.3 1 1
github.com/SAP/jenkins-library/pkg/versioning/toml.go:102.8,104.3 1 1
github.com/SAP/jenkins-library/pkg/versioning/toml.go:106.2,106.20 1 1
github.com/SAP/jenkins-library/pkg/versioning/versionfile.go:17.30,18.22 1 1
github.com/SAP/jenkins-library/pkg/versioning/versionfile.go:18.22,20.3 1 1
github.com/SAP/jenkins-library/pkg/versioning/versionfile.go:21.2,21.23 1 1
github.com/SAP/jenkins-library/pkg/versioning/versionfile.go:21.23,23.3 1 1
github.com/SAP/jenkins-library/pkg/versioning/versionfile.go:25.2,25.24 1 1
github.com/SAP/jenkins-library/pkg/versioning/versionfile.go:25.24,27.3 1 1
github.com/SAP/jenkins-library/pkg/versioning/versionfile.go:31.49,32.34 1 1
github.com/SAP/jenkins-library/pkg/versioning/versionfile.go:32.34,34.3 1 1
github.com/SAP/jenkins-library/pkg/versioning/versionfile.go:35.2,35.27 1 0
github.com/SAP/jenkins-library/pkg/versioning/versionfile.go:39.52,43.16 3 1
github.com/SAP/jenkins-library/pkg/versioning/versionfile.go:43.16,45.3 1 1
github.com/SAP/jenkins-library/pkg/versioning/versionfile.go:47.2,47.48 1 1
github.com/SAP/jenkins-library/pkg/versioning/versionfile.go:51.56,55.16 3 1
github.com/SAP/jenkins-library/pkg/versioning/versionfile.go:55.16,57.3 1 1
github.com/SAP/jenkins-library/pkg/versioning/versionfile.go:59.2,59.12 1 1
github.com/SAP/jenkins-library/pkg/versioning/versionfile.go:63.61,66.2 2 0
github.com/SAP/jenkins-library/pkg/versioning/versioning.go:66.95,68.2 1 0
github.com/SAP/jenkins-library/pkg/versioning/versioning.go:69.116,71.2 1 0
github.com/SAP/jenkins-library/pkg/versioning/versioning.go:76.107,78.23 2 1
github.com/SAP/jenkins-library/pkg/versioning/versioning.go:78.23,80.3 1 1
github.com/SAP/jenkins-library/pkg/versioning/versioning.go:83.2,83.24 1 1
github.com/SAP/jenkins-library/pkg/versioning/versioning.go:83.24,85.3 1 1
github.com/SAP/jenkins-library/pkg/versioning/versioning.go:87.2,87.19 1 1
github.com/SAP/jenkins-library/pkg/versioning/versioning.go:88.16,91.17 3 1
github.com/SAP/jenkins-library/pkg/versioning/versioning.go:91.17,93.4 1 0
github.com/SAP/jenkins-library/pkg/versioning/versioning.go:94.16,101.4 1 1
github.com/SAP/jenkins-library/pkg/versioning/versioning.go:102.13,103.40 1 1
github.com/SAP/jenkins-library/pkg/versioning/versioning.go:103.40,105.4 1 1
github.com/SAP/jenkins-library/pkg/versioning/versioning.go:106.3,109.4 1 1
github.com/SAP/jenkins-library/pkg/versioning/versioning.go:110.16,111.40 1 1
github.com/SAP/jenkins-library/pkg/versioning/versioning.go:111.40,113.4 1 1
github.com/SAP/jenkins-library/pkg/versioning/versioning.go:114.3,118.4 1 1
github.com/SAP/jenkins-library/pkg/versioning/versioning.go:119.16,120.40 1 1
github.com/SAP/jenkins-library/pkg/versioning/versioning.go:120.40,123.18 3 1
github.com/SAP/jenkins-library/pkg/versioning/versioning.go:123.18,125.5 1 1
github.com/SAP/jenkins-library/pkg/versioning/versioning.go:128.3,128.34 1 1
github.com/SAP/jenkins-library/pkg/versioning/versioning.go:129.17,131.9 2 1
github.com/SAP/jenkins-library/pkg/versioning/versioning.go:132.11,133.58 1 1
github.com/SAP/jenkins-library/pkg/versioning/versioning.go:135.14,140.4 1 1
github.com/SAP/jenkins-library/pkg/versioning/versioning.go:141.15,142.40 1 1
github.com/SAP/jenkins-library/pkg/versioning/versioning.go:142.40,144.4 1 1
github.com/SAP/jenkins-library/pkg/versioning/versioning.go:145.3,155.4 1 1
github.com/SAP/jenkins-library/pkg/versioning/versioning.go:156.13,157.40 1 1
github.com/SAP/jenkins-library/pkg/versioning/versioning.go:157.40,159.4 1 1
github.com/SAP/jenkins-library/pkg/versioning/versioning.go:160.3,164.4 1 1
github.com/SAP/jenkins-library/pkg/versioning/versioning.go:165.21,166.40 1 1
github.com/SAP/jenkins-library/pkg/versioning/versioning.go:166.40,168.4 1 1
github.com/SAP/jenkins-library/pkg/versioning/versioning.go:169.3,172.4 1 1
github.com/SAP/jenkins-library/pkg/versioning/versioning.go:173.13,174.40 1 1
github.com/SAP/jenkins-library/pkg/versioning/versioning.go:174.40,177.18 3 1
github.com/SAP/jenkins-library/pkg/versioning/versioning.go:177.18,179.5 1 1
github.com/SAP/jenkins-library/pkg/versioning/versioning.go:181.3,181.34 1 1
github.com/SAP/jenkins-library/pkg/versioning/versioning.go:182.28,188.5 1 0
github.com/SAP/jenkins-library/pkg/versioning/versioning.go:189.11,193.5 1 1
github.com/SAP/jenkins-library/pkg/versioning/versioning.go:195.13,196.40 1 1
github.com/SAP/jenkins-library/pkg/versioning/versioning.go:196.40,199.18 3 1
github.com/SAP/jenkins-library/pkg/versioning/versioning.go:199.18,201.5 1 0
github.com/SAP/jenkins-library/pkg/versioning/versioning.go:203.3,206.4 1 1
github.com/SAP/jenkins-library/pkg/versioning/versioning.go:207.10,208.74 1 1
github.com/SAP/jenkins-library/pkg/versioning/versioning.go:211.2,211.22 1 1
github.com/SAP/jenkins-library/pkg/versioning/versioning.go:214.98,216.30 2 1
github.com/SAP/jenkins-library/pkg/versioning/versioning.go:216.30,218.13 2 1
github.com/SAP/jenkins-library/pkg/versioning/versioning.go:218.13,220.9 2 1
github.com/SAP/jenkins-library/pkg/versioning/versioning.go:223.2,223.26 1 1
github.com/SAP/jenkins-library/pkg/versioning/versioning.go:223.26,225.3 1 1
github.com/SAP/jenkins-library/pkg/versioning/versioning.go:226.2,226.24 1 1
github.com/SAP/jenkins-library/pkg/versioning/versioning.go:229.95,230.47 1 1
github.com/SAP/jenkins-library/pkg/versioning/versioning.go:231.22,237.9 1 1
github.com/SAP/jenkins-library/pkg/versioning/versioning.go:238.15,242.9 1 1
github.com/SAP/jenkins-library/pkg/versioning/versioning.go:243.23,247.9 1 1
github.com/SAP/jenkins-library/pkg/versioning/versioning.go:248.18,252.9 1 1
github.com/SAP/jenkins-library/pkg/versioning/versioning.go:253.10,254.83 1 1
github.com/SAP/jenkins-library/pkg/versioning/versioningModel.go:27.64,30.15 2 1
github.com/SAP/jenkins-library/pkg/versioning/versioningModel.go:31.27,32.39 1 1
github.com/SAP/jenkins-library/pkg/versioning/versioningModel.go:33.31,34.43 1 1
github.com/SAP/jenkins-library/pkg/versioning/versioningModel.go:35.33,36.45 1 1
github.com/SAP/jenkins-library/pkg/versioning/versioningModel.go:37.28,38.40 1 1
github.com/SAP/jenkins-library/pkg/versioning/versioningModel.go:39.10,40.65 1 1
github.com/SAP/jenkins-library/pkg/versioning/versioningModel.go:43.2,44.16 2 1
github.com/SAP/jenkins-library/pkg/versioning/versioningModel.go:44.16,46.3 1 0
github.com/SAP/jenkins-library/pkg/versioning/versioningModel.go:47.2,47.16 1 1
github.com/SAP/jenkins-library/pkg/versioning/yamlfile.go:28.27,29.30 1 1
github.com/SAP/jenkins-library/pkg/versioning/yamlfile.go:29.30,31.3 1 1
github.com/SAP/jenkins-library/pkg/versioning/yamlfile.go:32.2,32.33 1 1
github.com/SAP/jenkins-library/pkg/versioning/yamlfile.go:32.33,34.3 1 1
github.com/SAP/jenkins-library/pkg/versioning/yamlfile.go:35.2,35.23 1 1
github.com/SAP/jenkins-library/pkg/versioning/yamlfile.go:35.23,37.3 1 0
github.com/SAP/jenkins-library/pkg/versioning/yamlfile.go:38.2,38.24 1 1
github.com/SAP/jenkins-library/pkg/versioning/yamlfile.go:38.24,40.3 1 1
github.com/SAP/jenkins-library/pkg/versioning/yamlfile.go:43.40,45.22 2 1
github.com/SAP/jenkins-library/pkg/versioning/yamlfile.go:45.22,47.3 1 0
github.com/SAP/jenkins-library/pkg/versioning/yamlfile.go:48.2,49.16 2 1
github.com/SAP/jenkins-library/pkg/versioning/yamlfile.go:49.16,51.3 1 1
github.com/SAP/jenkins-library/pkg/versioning/yamlfile.go:52.2,53.16 2 1
github.com/SAP/jenkins-library/pkg/versioning/yamlfile.go:53.16,55.3 1 0
github.com/SAP/jenkins-library/pkg/versioning/yamlfile.go:56.2,56.12 1 1
github.com/SAP/jenkins-library/pkg/versioning/yamlfile.go:59.58,61.16 2 1
github.com/SAP/jenkins-library/pkg/versioning/yamlfile.go:61.16,63.3 1 1
github.com/SAP/jenkins-library/pkg/versioning/yamlfile.go:64.2,64.59 1 1
github.com/SAP/jenkins-library/pkg/versioning/yamlfile.go:68.46,70.2 1 1
github.com/SAP/jenkins-library/pkg/versioning/yamlfile.go:73.52,76.2 2 1
github.com/SAP/jenkins-library/pkg/versioning/yamlfile.go:79.49,82.2 2 1
github.com/SAP/jenkins-library/pkg/versioning/yamlfile.go:85.53,87.16 2 1
github.com/SAP/jenkins-library/pkg/versioning/yamlfile.go:87.16,89.3 1 0
github.com/SAP/jenkins-library/pkg/versioning/yamlfile.go:91.2,94.16 3 1
github.com/SAP/jenkins-library/pkg/versioning/yamlfile.go:94.16,96.3 1 0
github.com/SAP/jenkins-library/pkg/versioning/yamlfile.go:97.2,98.16 2 1
github.com/SAP/jenkins-library/pkg/versioning/yamlfile.go:98.16,100.3 1 1
github.com/SAP/jenkins-library/pkg/versioning/yamlfile.go:102.2,102.12 1 1
github.com/SAP/jenkins-library/pkg/versioning/yamlfile.go:106.58,110.16 4 0
github.com/SAP/jenkins-library/pkg/versioning/yamlfile.go:110.16,112.3 1 0
github.com/SAP/jenkins-library/pkg/versioning/yamlfile.go:113.2,114.16 2 0
github.com/SAP/jenkins-library/pkg/versioning/yamlfile.go:114.16,116.3 1 0
github.com/SAP/jenkins-library/pkg/versioning/yamlfile.go:117.2,117.20 1 0
