<?xml version="1.0" encoding="UTF-8"?>
<testsuites tests="2394" failures="0" errors="7" time="1.241542">
	<testsuite tests="0" failures="0" time="0.000000" name="" timestamp="0001-01-01T00:00:00Z">
		<properties>
			<property name="go.version" value="go1.25.0 darwin/arm64"></property>
		</properties>
	</testsuite>
	<testsuite tests="0" failures="0" time="0.012000" name="github.com/SAP/jenkins-library" timestamp="2026-05-04T10:59:07+02:00">
		<properties>
			<property name="go.version" value="go1.25.0 darwin/arm64"></property>
		</properties>
	</testsuite>
	<testsuite tests="437" failures="0" time="0.037000" name="github.com/SAP/jenkins-library/cmd" timestamp="2026-05-04T10:59:08+02:00">
		<properties>
			<property name="go.version" value="go1.25.0 darwin/arm64"></property>
		</properties>
		<testcase classname="github.com/SAP/jenkins-library/cmd" name="TestCheckCVsStep/step_success" time="0.000000"></testcase>
		<testcase classname="github.com/SAP/jenkins-library/cmd" name="TestCheckCVsStep/step_error_-_in_validate(no_CommitID)" time="0.000000"></testcase>
		<testcase classname="github.com/SAP/jenkins-library/cmd" name="TestCheckCVsStep/step_error_-_in_ReadAddonDescriptor" time="0.000000"></testcase>
		<testcase classname="github.com/SAP/jenkins-library/cmd" name="TestCheckCVsStep/step_error_-_in_validate" time="0.000000"></testcase>
		<testcase classname="github.com/SAP/jenkins-library/cmd" name="TestCheckCVsStep" time="0.000000"></testcase>
		<testcase classname="github.com/SAP/jenkins-library/cmd" name="TestCombineYAMLRepositoriesWithCPEProduct/test_combineYAMLRepositoriesWithCPEProduct" time="0.000000"></testcase>
		<testcase classname="github.com/SAP/jenkins-library/cmd" name="TestCombineYAMLRepositoriesWithCPEProduct" time="0.000000"></testcase>
		<testcase classname="github.com/SAP/jenkins-library/cmd" name="TestCheckPVStep/step_success" time="0.000000"></testcase>
		<testcase classname="github.com/SAP/jenkins-library/cmd" name="TestCheckPVStep/step_error_-_in_ReadAddonDescriptor" time="0.000000"></testcase>
		<testcase classname="github.com/SAP/jenkins-library/cmd" name="TestCheckPVStep/step_error_-_in_validate" time="0.000000"></testcase>
		<testcase classname="github.com/SAP/jenkins-library/cmd" name="TestCheckPVStep" time="0.000000"></testcase>
		<testcase classname="github.com/SAP/jenkins-library/cmd" name="TestRunAbapAddonAssemblyKitCheck/happy_path" time="0.000000"></testcase>
		<testcase classname="github.com/SAP/jenkins-library/cmd" name="TestRunAbapAddonAssemblyKitCheck/error_path" time="0.000000"></testcase>
		<testcase classname="github.com/SAP/jenkins-library/cmd" name="TestRunAbapAddonAssemblyKitCheck" time="0.000000"></testcase>
		<testcase classname="github.com/SAP/jenkins-library/cmd" name="TestCreateTargetVectorStep/step_success_test" time="0.000000"></testcase>
		<testcase classname="github.com/SAP/jenkins-library/cmd" name="TestCreateTargetVectorStep/step_success_test#01" time="0.000000"></testcase>
		<testcase classname="github.com/SAP/jenkins-library/cmd" name="TestCreateTargetVectorStep/step_error_init_product" time="0.000000"></testcase>
		<testcase classname="github.com/SAP/jenkins-library/cmd" name="TestCreateTargetVectorStep/step_error_init_component" time="0.000000"></testcase>
		<testcase classname="github.com/SAP/jenkins-library/cmd" name="TestCreateTargetVectorStep" time="0.000000"></testcase>
		<testcase classname="github.com/SAP/jenkins-library/cmd" name="TestPublishTargetVectorStep/step_success_prod" time="0.000000"></testcase>
		<testcase classname="github.com/SAP/jenkins-library/cmd" name="TestPublishTargetVectorStep/step_success_test" time="0.000000"></testcase>
		<testcase classname="github.com/SAP/jenkins-library/cmd" name="TestPublishTargetVectorStep/step_fail_http" time="0.000000"></testcase>
		<testcase classname="github.com/SAP/jenkins-library/cmd" name="TestPublishTargetVectorStep/step_fail_no_id" time="0.000000"></testcase>
		<testcase classname="github.com/SAP/jenkins-library/cmd" name="TestPublishTargetVectorStep" time="0.000000"></testcase>
		<testcase classname="github.com/SAP/jenkins-library/cmd" name="TestRegisterPackagesStep/step_success" time="0.000000"></testcase>
		<testcase classname="github.com/SAP/jenkins-library/cmd" name="TestRegisterPackagesStep/step_error_-_null_file" time="0.000000"></testcase>
		<testcase classname="github.com/SAP/jenkins-library/cmd" name="TestRegisterPackagesStep/step_error_-_uploadSarFiles" time="0.000000"></testcase>
		<testcase classname="github.com/SAP/jenkins-library/cmd" name="TestRegisterPackagesStep/step_error_-_registerPackages_-_invalid_input" time="0.000000"></testcase>
		<testcase classname="github.com/SAP/jenkins-library/cmd" name="TestRegisterPackagesStep" time="0.000000"></testcase>
		<testcase classname="github.com/SAP/jenkins-library/cmd" name="TestUploadSarFiles/test_uploadSarFiles_-_success" time="0.000000"></testcase>
		<testcase classname="github.com/SAP/jenkins-library/cmd" name="TestUploadSarFiles/test_uploadSarFiles_-_error_due_to_missing_file_path" time="0.000000"></testcase>
		<testcase classname="github.com/SAP/jenkins-library/cmd" name="TestUploadSarFiles/test_uploadSarFiles_-_error_due_to_missing_file" time="0.000000"></testcase>
		<testcase classname="github.com/SAP/jenkins-library/cmd" name="TestUploadSarFiles/test_uploadSarFiles_-_error_during_upload" time="0.000000"></testcase>
		<testcase classname="github.com/SAP/jenkins-library/cmd" name="TestUploadSarFiles" time="0.000000"></testcase>
		<testcase classname="github.com/SAP/jenkins-library/cmd" name="TestRegisterPackages/test_registerPackages_-_planned" time="0.000000"></testcase>
		<testcase classname="github.com/SAP/jenkins-library/cmd" name="TestRegisterPackages/test_registerPackages_-_released" time="0.000000"></testcase>
		<testcase classname="github.com/SAP/jenkins-library/cmd" name="TestRegisterPackages/test_registerPackages_-_with_error" time="0.000000"></testcase>
		<testcase classname="github.com/SAP/jenkins-library/cmd" name="TestRegisterPackages" time="0.000000"></testcase>
		<testcase classname="github.com/SAP/jenkins-library/cmd" name="TestReleasePackagesStep/step_success" time="0.000000"></testcase>
		<testcase classname="github.com/SAP/jenkins-library/cmd" name="TestReleasePackagesStep/step_error_-_invalid_input" time="0.000000"></testcase>
		<testcase classname="github.com/SAP/jenkins-library/cmd" name="TestReleasePackagesStep/step_error_-_timeout_single" time="0.000000"></testcase>
		<testcase classname="github.com/SAP/jenkins-library/cmd" name="TestReleasePackagesStep" time="0.000000"></testcase>
		<testcase classname="github.com/SAP/jenkins-library/cmd" name="TestReleasePackagesStepMix/step_error_-_timeout_mix" time="0.000000"></testcase>
		<testcase classname="github.com/SAP/jenkins-library/cmd" name="TestReleasePackagesStepMix" time="0.000000"></testcase>
		<testcase classname="github.com/SAP/jenkins-library/cmd" name="TestReserveNextPackagesStep/step_success_tag" time="0.000000"></testcase>
		<testcase classname="github.com/SAP/jenkins-library/cmd" name="TestReserveNextPackagesStep/step_success" time="0.000000"></testcase>
		<testcase classname="github.com/SAP/jenkins-library/cmd" name="TestReserveNextPackagesStep/step_error_-_invalid_input" time="0.000000"></testcase>
		<testcase classname="github.com/SAP/jenkins-library/cmd" name="TestReserveNextPackagesStep/step_error_-_timeout" time="0.000000"></testcase>
		<testcase classname="github.com/SAP/jenkins-library/cmd" name="TestReserveNextPackagesStep" time="0.000000"></testcase>
		<testcase classname="github.com/SAP/jenkins-library/cmd" name="TestInitPackage/test_init" time="0.000000"></testcase>
		<testcase classname="github.com/SAP/jenkins-library/cmd" name="TestInitPackage" time="0.000000"></testcase>
		<testcase classname="github.com/SAP/jenkins-library/cmd" name="TestCopyFieldsToRepositoriesPackage/test_copyFieldsToRepositories_Planned_success_w/o_predecessorcommitID" time="0.000000"></testcase>
		<testcase classname="github.com/SAP/jenkins-library/cmd" name="TestCopyFieldsToRepositoriesPackage/test_copyFieldsToRepositories_Planned_success_with_predecessorcommitID" time="0.000000"></testcase>
		<testcase classname="github.com/SAP/jenkins-library/cmd" name="TestCopyFieldsToRepositoriesPackage/test_copyFieldsToRepositories_Planned_success_with_predecessorcommitI_short_AAKaaS" time="0.000000"></testcase>
		<testcase classname="github.com/SAP/jenkins-library/cmd" name="TestCopyFieldsToRepositoriesPackage/test_copyFieldsToRepositories_Planned_success_with_predecessorcommitID_short_addon.yml" time="0.000000"></testcase>
		<testcase classname="github.com/SAP/jenkins-library/cmd" name="TestCopyFieldsToRepositoriesPackage/test_copyFieldsToRepositories_Planned_error_with_predecessorcommitID_same_as_commitID" time="0.000000"></testcase>
		<testcase classname="github.com/SAP/jenkins-library/cmd" name="TestCopyFieldsToRepositoriesPackage/test_copyFieldsToRepositories_Released_success" time="0.000000"></testcase>
		<testcase classname="github.com/SAP/jenkins-library/cmd" name="TestCopyFieldsToRepositoriesPackage/test_copyFieldsToRepositories_Released_error,_different_commitIDs" time="0.000000"></testcase>
		<testcase classname="github.com/SAP/jenkins-library/cmd" name="TestCopyFieldsToRepositoriesPackage" time="0.000000"></testcase>
		<testcase classname="github.com/SAP/jenkins-library/cmd" name="TestCheckNamespace/test_copyFieldsToRepositories_Planned_success_w/o_predecessorcommitID" time="0.000000"></testcase>
		<testcase classname="github.com/SAP/jenkins-library/cmd" name="TestCheckNamespace" time="0.000000"></testcase>
		<testcase classname="github.com/SAP/jenkins-library/cmd" name="TestReserveNextPackage/test_reserveNext_-_success" time="0.000000"></testcase>
		<testcase classname="github.com/SAP/jenkins-library/cmd" name="TestReserveNextPackage/test_reserveNext_-_missing_versionYAML" time="0.000000"></testcase>
		<testcase classname="github.com/SAP/jenkins-library/cmd" name="TestReserveNextPackage/test_reserveNext_-_error_from_call" time="0.000000"></testcase>
		<testcase classname="github.com/SAP/jenkins-library/cmd" name="TestReserveNextPackage" time="0.000000"></testcase>
		<testcase classname="github.com/SAP/jenkins-library/cmd" name="TestReservePackages/test_reservePackages_-_success" time="0.000000"></testcase>
		<testcase classname="github.com/SAP/jenkins-library/cmd" name="TestReservePackages/test_reservePackages_-_error_from_call" time="0.000000"></testcase>
		<testcase classname="github.com/SAP/jenkins-library/cmd" name="TestReservePackages" time="0.000000"></testcase>
		<testcase classname="github.com/SAP/jenkins-library/cmd" name="TestPollReserveNextPackages/test_pollReserveNextPackages_-_testing_loop" time="0.000000"></testcase>
		<testcase classname="github.com/SAP/jenkins-library/cmd" name="TestPollReserveNextPackages/test_pollReserveNextPackages_-_status_locked" time="0.000000"></testcase>
		<testcase classname="github.com/SAP/jenkins-library/cmd" name="TestPollReserveNextPackages/test_pollReserveNextPackages_-_status_released" time="0.000000"></testcase>
		<testcase classname="github.com/SAP/jenkins-library/cmd" name="TestPollReserveNextPackages/test_pollReserveNextPackages_-_unknow_status" time="0.000000"></testcase>
		<testcase classname="github.com/SAP/jenkins-library/cmd" name="TestPollReserveNextPackages/test_pollReserveNextPackages_-_timeout" time="0.000000"></testcase>
		<testcase classname="github.com/SAP/jenkins-library/cmd" name="TestPollReserveNextPackages" time="0.000000"></testcase>
		<testcase classname="github.com/SAP/jenkins-library/cmd" name="TestPolling/Run_polling" time="1.000000"></testcase>
		<testcase classname="github.com/SAP/jenkins-library/cmd" name="TestPolling" time="1.000000"></testcase>
		<testcase classname="github.com/SAP/jenkins-library/cmd" name="TestStartingConfirm/Run_starting" time="0.000000"></testcase>
		<testcase classname="github.com/SAP/jenkins-library/cmd" name="TestStartingConfirm" time="0.000000"></testcase>
		<testcase classname="github.com/SAP/jenkins-library/cmd" name="TestStartingConfirmInvalidInput/Run_starting" time="0.000000"></testcase>
		<testcase classname="github.com/SAP/jenkins-library/cmd" name="TestStartingConfirmInvalidInput" time="0.000000"></testcase>
		<testcase classname="github.com/SAP/jenkins-library/cmd" name="TestStartingConfirmReleaseFailed/Run_starting_release_failed" time="0.000000"></testcase>
		<testcase classname="github.com/SAP/jenkins-library/cmd" name="TestStartingConfirmReleaseFailed" time="0.000000"></testcase>
		<testcase classname="github.com/SAP/jenkins-library/cmd" name="TestCheckIfFailedAndPrintLogsWithError/checkIfFailedAndPrintLogs_with_failed_build" time="0.000000"></testcase>
		<testcase classname="github.com/SAP/jenkins-library/cmd" name="TestCheckIfFailedAndPrintLogsWithError/checkIfFailedAndPrintLogs" time="0.000000"></testcase>
		<testcase classname="github.com/SAP/jenkins-library/cmd" name="TestCheckIfFailedAndPrintLogsWithError" time="0.000000"></testcase>
		<testcase classname="github.com/SAP/jenkins-library/cmd" name="TestStartingInvalidInput/Run_starting_with_Invalid_Input" time="0.000000"></testcase>
		<testcase classname="github.com/SAP/jenkins-library/cmd" name="TestStartingInvalidInput" time="0.000000"></testcase>
		<testcase classname="github.com/SAP/jenkins-library/cmd" name="TestStep/abapEnvironmentAssemblePackages:_nothing_to_do" time="0.000000"></testcase>
		<testcase classname="github.com/SAP/jenkins-library/cmd" name="TestStep/abapEnvironmentAssemblePackages:_build" time="0.000000"></testcase>
		<testcase classname="github.com/SAP/jenkins-library/cmd" name="TestStep" time="0.000000"></testcase>
		<testcase classname="github.com/SAP/jenkins-library/cmd" name="TestGenerateValues/happy_path" time="0.000000"></testcase>
		<testcase classname="github.com/SAP/jenkins-library/cmd" name="TestGenerateValues/happy_path,_use_addonDescriptor" time="0.000000"></testcase>
		<testcase classname="github.com/SAP/jenkins-library/cmd" name="TestGenerateValues/error_path,_use_addonDescriptor_already_in_config" time="0.000000"></testcase>
		<testcase classname="github.com/SAP/jenkins-library/cmd" name="TestGenerateValues/error_path_-_duplicate_in_config" time="0.000000"></testcase>
		<testcase classname="github.com/SAP/jenkins-library/cmd" name="TestGenerateValues/error_path_-_bad_formating_in_config.Values" time="0.000000"></testcase>
		<testcase classname="github.com/SAP/jenkins-library/cmd" name="TestGenerateValues" time="0.000000"></testcase>
		<testcase classname="github.com/SAP/jenkins-library/cmd" name="TestEvaluateAddonDescriptor/Find_one" time="0.000000"></testcase>
		<testcase classname="github.com/SAP/jenkins-library/cmd" name="TestEvaluateAddonDescriptor/Find_both" time="0.000000"></testcase>
		<testcase classname="github.com/SAP/jenkins-library/cmd" name="TestEvaluateAddonDescriptor/Find_none" time="0.000000"></testcase>
		<testcase classname="github.com/SAP/jenkins-library/cmd" name="TestEvaluateAddonDescriptor/No_condition" time="0.000000"></testcase>
		<testcase classname="github.com/SAP/jenkins-library/cmd" name="TestEvaluateAddonDescriptor/No_UseFields" time="0.000000"></testcase>
		<testcase classname="github.com/SAP/jenkins-library/cmd" name="TestEvaluateAddonDescriptor/Wrong_fieldname" time="0.000000"></testcase>
		<testcase classname="github.com/SAP/jenkins-library/cmd" name="TestEvaluateAddonDescriptor/Wrong_value_fieldname" time="0.000000"></testcase>
		<testcase classname="github.com/SAP/jenkins-library/cmd" name="TestEvaluateAddonDescriptor/Field_which_does_not_exist" time="0.000000"></testcase>
		<testcase classname="github.com/SAP/jenkins-library/cmd" name="TestEvaluateAddonDescriptor/Wrong_operator" time="0.000000"></testcase>
		<testcase classname="github.com/SAP/jenkins-library/cmd" name="TestEvaluateAddonDescriptor/Test_UseFieldsOfAddonDescriptor:_Bad_formatting_use" time="0.000000"></testcase>
		<testcase classname="github.com/SAP/jenkins-library/cmd" name="TestEvaluateAddonDescriptor/Test_UseFieldsOfAddonDescriptor:_Bad_formatting_as" time="0.000000"></testcase>
		<testcase classname="github.com/SAP/jenkins-library/cmd" name="TestEvaluateAddonDescriptor/Test_UseFieldsOfAddonDescriptor:_use_which_does_not_exist" time="0.000000"></testcase>
		<testcase classname="github.com/SAP/jenkins-library/cmd" name="TestEvaluateAddonDescriptor" time="0.000000"></testcase>
		<testcase classname="github.com/SAP/jenkins-library/cmd" name="TestValues2String/dito" time="0.000000"></testcase>
		<testcase classname="github.com/SAP/jenkins-library/cmd" name="TestValues2String" time="0.000000"></testcase>
		<testcase classname="github.com/SAP/jenkins-library/cmd" name="TestCheckoutBranchStep/Run_Step_Successful_-_repositoryName_and_branchName_config" time="0.010000"></testcase>
		<testcase classname="github.com/SAP/jenkins-library/cmd" name="TestCheckoutBranchStep/Run_Step_Failure_-_empty_config" time="0.000000"></testcase>
		<testcase classname="github.com/SAP/jenkins-library/cmd" name="TestCheckoutBranchStep/Run_Step_Failure_-_wrong_status" time="0.000000"></testcase>
		<testcase classname="github.com/SAP/jenkins-library/cmd" name="TestCheckoutBranchStep/Success_case:_checkout_Branches_from_file_config" time="0.010000"></testcase>
		<testcase classname="github.com/SAP/jenkins-library/cmd" name="TestCheckoutBranchStep/Failure_case:_checkout_Branches_from_empty_file_config" time="0.000000"></testcase>
		<testcase classname="github.com/SAP/jenkins-library/cmd" name="TestCheckoutBranchStep/Failure_case:_checkout_Branches_from_wrong_file_config" time="0.010000"></testcase>
		<testcase classname="github.com/SAP/jenkins-library/cmd" name="TestCheckoutBranchStep" time="0.030000"></testcase>
		<testcase classname="github.com/SAP/jenkins-library/cmd" name="TestCheckoutConfigChecker/Success_case:_check_config" time="0.000000"></testcase>
		<testcase classname="github.com/SAP/jenkins-library/cmd" name="TestCheckoutConfigChecker/Success_case:_check_file_config" time="0.000000"></testcase>
		<testcase classname="github.com/SAP/jenkins-library/cmd" name="TestCheckoutConfigChecker/Failure_case:_check_empty_config" time="0.000000"></testcase>
		<testcase classname="github.com/SAP/jenkins-library/cmd" name="TestCheckoutConfigChecker" time="0.000000"></testcase>
		<testcase classname="github.com/SAP/jenkins-library/cmd" name="TestCloneStep/Run_Step_-_Successful_with_repositories.yml" time="0.010000"></testcase>
		<testcase classname="github.com/SAP/jenkins-library/cmd" name="TestCloneStep/Run_Step_-_Successful_with_repositoryName" time="0.000000"></testcase>
		<testcase classname="github.com/SAP/jenkins-library/cmd" name="TestCloneStep/Run_Step_-_failing" time="0.000000"></testcase>
		<testcase classname="github.com/SAP/jenkins-library/cmd" name="TestCloneStep" time="0.010000"></testcase>
		<testcase classname="github.com/SAP/jenkins-library/cmd" name="TestCloneStepErrorMessages/Status_Error" time="0.010000"></testcase>
		<testcase classname="github.com/SAP/jenkins-library/cmd" name="TestCloneStepErrorMessages/Poll_Request_Error" time="0.000000"></testcase>
		<testcase classname="github.com/SAP/jenkins-library/cmd" name="TestCloneStepErrorMessages/Trigger_Clone_Error" time="0.000000"></testcase>
		<testcase classname="github.com/SAP/jenkins-library/cmd" name="TestCloneStepErrorMessages/Missing_file_error" time="0.000000"></testcase>
		<testcase classname="github.com/SAP/jenkins-library/cmd" name="TestCloneStepErrorMessages/Config_overload" time="0.000000"></testcase>
		<testcase classname="github.com/SAP/jenkins-library/cmd" name="TestCloneStepErrorMessages" time="0.010000"></testcase>
		<testcase classname="github.com/SAP/jenkins-library/cmd" name="TestALreadyCloned/Already_cloned,_switch_branch_and_pull_instead" time="0.000000"></testcase>
		<testcase classname="github.com/SAP/jenkins-library/cmd" name="TestALreadyCloned/Already_cloned,_branch_is_already_checked_out,_pull_instead" time="0.000000"></testcase>
		<testcase classname="github.com/SAP/jenkins-library/cmd" name="TestALreadyCloned" time="0.010000"></testcase>
		<testcase classname="github.com/SAP/jenkins-library/cmd" name="TestRunAbapEnvironmentCreateSystem/Create_service_with_cf_create-service" time="0.000000"></testcase>
		<testcase classname="github.com/SAP/jenkins-library/cmd" name="TestRunAbapEnvironmentCreateSystem/Create_service_with_mainfest" time="0.000000"></testcase>
		<testcase classname="github.com/SAP/jenkins-library/cmd" name="TestRunAbapEnvironmentCreateSystem" time="0.000000"></testcase>
		<testcase classname="github.com/SAP/jenkins-library/cmd" name="TestManifestGeneration/Create_service_with_addon_-_development" time="0.010000"></testcase>
		<testcase classname="github.com/SAP/jenkins-library/cmd" name="TestManifestGeneration/Test_IsDevelopmentAllowed" time="0.000000"></testcase>
		<testcase classname="github.com/SAP/jenkins-library/cmd" name="TestManifestGeneration/Create_service_with_addon_-_no_development" time="0.000000"></testcase>
		<testcase classname="github.com/SAP/jenkins-library/cmd" name="TestManifestGeneration" time="0.020000"></testcase>
		<testcase classname="github.com/SAP/jenkins-library/cmd" name="TestRunAbapEnvironmentCreateTag/happy_path" time="0.010000"></testcase>
		<testcase classname="github.com/SAP/jenkins-library/cmd" name="TestRunAbapEnvironmentCreateTag/backend_error" time="0.000000"></testcase>
		<testcase classname="github.com/SAP/jenkins-library/cmd" name="TestRunAbapEnvironmentCreateTag" time="0.010000"></testcase>
		<testcase classname="github.com/SAP/jenkins-library/cmd" name="TestRunAbapEnvironmentCreateTagConfigurations/no_repo.yml" time="0.000000"></testcase>
		<testcase classname="github.com/SAP/jenkins-library/cmd" name="TestRunAbapEnvironmentCreateTagConfigurations/backend_error" time="0.000000"></testcase>
		<testcase classname="github.com/SAP/jenkins-library/cmd" name="TestRunAbapEnvironmentCreateTagConfigurations/flags_false" time="0.000000"></testcase>
		<testcase classname="github.com/SAP/jenkins-library/cmd" name="TestRunAbapEnvironmentCreateTagConfigurations" time="0.010000"></testcase>
		<testcase classname="github.com/SAP/jenkins-library/cmd" name="TestPullStep/Run_Step_Successful" time="0.000000"></testcase>
		<testcase classname="github.com/SAP/jenkins-library/cmd" name="TestPullStep/Run_Step_Failure" time="0.000000"></testcase>
		<testcase classname="github.com/SAP/jenkins-library/cmd" name="TestPullStep/Success_case:_pull_repos_from_file_config" time="0.010000"></testcase>
		<testcase classname="github.com/SAP/jenkins-library/cmd" name="TestPullStep/Status_Error" time="0.000000"></testcase>
		<testcase classname="github.com/SAP/jenkins-library/cmd" name="TestPullStep/Status_Error,_Ignore_Commit" time="0.000000"></testcase>
		<testcase classname="github.com/SAP/jenkins-library/cmd" name="TestPullStep/Status_Error,_With_Commit" time="0.000000"></testcase>
		<testcase classname="github.com/SAP/jenkins-library/cmd" name="TestPullStep/Status_Error,_RepositoryName_without_commit" time="0.000000"></testcase>
		<testcase classname="github.com/SAP/jenkins-library/cmd" name="TestPullStep/Failure_case:_pull_repos_from_empty_file_config" time="0.000000"></testcase>
		<testcase classname="github.com/SAP/jenkins-library/cmd" name="TestPullStep/Failure_case:_pull_repos_from_wrong_file_config" time="0.000000"></testcase>
		<testcase classname="github.com/SAP/jenkins-library/cmd" name="TestPullStep" time="0.030000"></testcase>
		<testcase classname="github.com/SAP/jenkins-library/cmd" name="TestPullConfigChecker/Success_case:_check_config_file" time="0.000000"></testcase>
		<testcase classname="github.com/SAP/jenkins-library/cmd" name="TestPullConfigChecker/Success_case:_check_config" time="0.000000"></testcase>
		<testcase classname="github.com/SAP/jenkins-library/cmd" name="TestPullConfigChecker/Failure_case:_empty_config" time="0.000000"></testcase>
		<testcase classname="github.com/SAP/jenkins-library/cmd" name="TestPullConfigChecker/Failure_case:_config_overload" time="0.000000"></testcase>
		<testcase classname="github.com/SAP/jenkins-library/cmd" name="TestPullConfigChecker" time="0.000000"></testcase>
		<testcase classname="github.com/SAP/jenkins-library/cmd" name="TestHelpFunctions/Ignore_Commit" time="0.000000"></testcase>
		<testcase classname="github.com/SAP/jenkins-library/cmd" name="TestHelpFunctions/Not_Ignore_Commit" time="0.000000"></testcase>
		<testcase classname="github.com/SAP/jenkins-library/cmd" name="TestHelpFunctions" time="0.000000"></testcase>
		<testcase classname="github.com/SAP/jenkins-library/cmd" name="TestCLIFailure/function_error_leads_to_pipeline_error" time="0.000000"></testcase>
		<testcase classname="github.com/SAP/jenkins-library/cmd" name="TestCLIFailure" time="0.000000"></testcase>
		<testcase classname="github.com/SAP/jenkins-library/cmd" name="TestHostConfig/Check_Host:_ABAP_Endpoint" time="0.000000"></testcase>
		<testcase classname="github.com/SAP/jenkins-library/cmd" name="TestHostConfig/No_host/ServiceKey_configuration" time="0.000000"></testcase>
		<testcase classname="github.com/SAP/jenkins-library/cmd" name="TestHostConfig/Check_Host:_CF_Service_Key" time="0.000000"></testcase>
		<testcase classname="github.com/SAP/jenkins-library/cmd" name="TestHostConfig" time="0.000000"></testcase>
		<testcase classname="github.com/SAP/jenkins-library/cmd" name="TestATCTrigger/Trigger_ATC_run_test" time="0.000000"></testcase>
		<testcase classname="github.com/SAP/jenkins-library/cmd" name="TestATCTrigger" time="0.000000"></testcase>
		<testcase classname="github.com/SAP/jenkins-library/cmd" name="TestFetchXcsrfToken/FetchXcsrfToken_Test" time="0.000000"></testcase>
		<testcase classname="github.com/SAP/jenkins-library/cmd" name="TestFetchXcsrfToken/failure_case:_fetch_token" time="0.000000"></testcase>
		<testcase classname="github.com/SAP/jenkins-library/cmd" name="TestFetchXcsrfToken" time="0.000000"></testcase>
		<testcase classname="github.com/SAP/jenkins-library/cmd" name="TestPollATCRun/ATC_run_Poll_Test" time="0.000000"></testcase>
		<testcase classname="github.com/SAP/jenkins-library/cmd" name="TestPollATCRun" time="0.000000"></testcase>
		<testcase classname="github.com/SAP/jenkins-library/cmd" name="TestGetHTTPResponseATCRun/Get_HTTP_Response_from_ATC_run_Test" time="0.000000"></testcase>
		<testcase classname="github.com/SAP/jenkins-library/cmd" name="TestGetHTTPResponseATCRun" time="0.000000"></testcase>
		<testcase classname="github.com/SAP/jenkins-library/cmd" name="TestGetResultATCRun/Get_HTTP_Response_from_ATC_run_Test" time="0.000000"></testcase>
		<testcase classname="github.com/SAP/jenkins-library/cmd" name="TestGetResultATCRun" time="0.000000"></testcase>
		<testcase classname="github.com/SAP/jenkins-library/cmd" name="TestParseATCResult/succes_case:_test_parsing_example_XML_result" time="0.000000"></testcase>
		<testcase classname="github.com/SAP/jenkins-library/cmd" name="TestParseATCResult/succes_case:_test_parsing_example_XML_result_-_Fail_on_Severity_error" time="0.000000"></testcase>
		<testcase classname="github.com/SAP/jenkins-library/cmd" name="TestParseATCResult/succes_case:_test_parsing_example_XML_result_-_Fail_on_Severity_warning" time="0.000000"></testcase>
		<testcase classname="github.com/SAP/jenkins-library/cmd" name="TestParseATCResult/succes_case:_test_parsing_example_XML_result_-_Fail_on_Severity_info" time="0.000000"></testcase>
		<testcase classname="github.com/SAP/jenkins-library/cmd" name="TestParseATCResult/succes_case:_test_parsing_example_XML_result_-_Fail_on_Severity_warning_-_only_errors" time="0.000000"></testcase>
		<testcase classname="github.com/SAP/jenkins-library/cmd" name="TestParseATCResult/succes_case:_test_parsing_example_XML_result_-_Fail_on_Severity_info_-_only_errors" time="0.000000"></testcase>
		<testcase classname="github.com/SAP/jenkins-library/cmd" name="TestParseATCResult/succes_case:_test_parsing_example_XML_result_-_Fail_on_Severity_info_-_only_warnings" time="0.000000"></testcase>
		<testcase classname="github.com/SAP/jenkins-library/cmd" name="TestParseATCResult/succes_case:_test_parsing_example_XML_result_-_NOT_Fail_on_Severity_warning_-_only_infos" time="0.000000"></testcase>
		<testcase classname="github.com/SAP/jenkins-library/cmd" name="TestParseATCResult/succes_case:_test_parsing_example_XML_result_-_NOT_Fail_on_Severity_error_-_only_warnings" time="0.000000"></testcase>
		<testcase classname="github.com/SAP/jenkins-library/cmd" name="TestParseATCResult/succes_case:_test_parsing_empty_XML_result" time="0.000000"></testcase>
		<testcase classname="github.com/SAP/jenkins-library/cmd" name="TestParseATCResult/failure_case:_parsing_empty_xml" time="0.000000"></testcase>
		<testcase classname="github.com/SAP/jenkins-library/cmd" name="TestParseATCResult/failure_case:_html_response" time="0.000000"></testcase>
		<testcase classname="github.com/SAP/jenkins-library/cmd" name="TestParseATCResult" time="0.020000"></testcase>
		<testcase classname="github.com/SAP/jenkins-library/cmd" name="TestBuildATCCheckBody/Test_build_body_with_no_ATC_Object_set_-_no_software_component_and_package" time="0.000000"></testcase>
		<testcase classname="github.com/SAP/jenkins-library/cmd" name="TestBuildATCCheckBody/success_case:_Test_build_body_with_example_yaml_config" time="0.000000"></testcase>
		<testcase classname="github.com/SAP/jenkins-library/cmd" name="TestBuildATCCheckBody/failure_case:_Test_build_body_with_example_yaml_config_with_only_packages_and_no_software_components" time="0.000000"></testcase>
		<testcase classname="github.com/SAP/jenkins-library/cmd" name="TestBuildATCCheckBody/success_case:_Test_build_body_with_example_yaml_config_with_no_packages_and_only_software_components" time="0.000000"></testcase>
		<testcase classname="github.com/SAP/jenkins-library/cmd" name="TestBuildATCCheckBody" time="0.000000"></testcase>
		<testcase classname="github.com/SAP/jenkins-library/cmd" name="TestGenerateHTMLDocument/success_case:_html_response" time="0.000000"></testcase>
		<testcase classname="github.com/SAP/jenkins-library/cmd" name="TestGenerateHTMLDocument" time="0.000000"></testcase>
		<testcase classname="github.com/SAP/jenkins-library/cmd" name="TestResolveConfiguration/resolve_atcConfig-yml_with_ATC_Set" time="0.000000"></testcase>
		<testcase classname="github.com/SAP/jenkins-library/cmd" name="TestResolveConfiguration/resolve_atcConfig-yml_with_OSL" time="0.000000"></testcase>
		<testcase classname="github.com/SAP/jenkins-library/cmd" name="TestResolveConfiguration/resolve_repo-yml" time="0.000000"></testcase>
		<testcase classname="github.com/SAP/jenkins-library/cmd" name="TestResolveConfiguration/Missing_config_files" time="0.000000"></testcase>
		<testcase classname="github.com/SAP/jenkins-library/cmd" name="TestResolveConfiguration/Config_file_not_specified" time="0.000000"></testcase>
		<testcase classname="github.com/SAP/jenkins-library/cmd" name="TestResolveConfiguration" time="0.010000"></testcase>
		<testcase classname="github.com/SAP/jenkins-library/cmd" name="TestTriggerAUnitrun/success_case:_test_parsing_example_yaml_config" time="0.000000"></testcase>
		<testcase classname="github.com/SAP/jenkins-library/cmd" name="TestTriggerAUnitrun/success_case:_test_parsing_example_yaml_config#01" time="0.000000"></testcase>
		<testcase classname="github.com/SAP/jenkins-library/cmd" name="TestTriggerAUnitrun" time="0.010000"></testcase>
		<testcase classname="github.com/SAP/jenkins-library/cmd" name="TestGenerateHTMLDocumentAUnit/Test_empty_XML_Result" time="0.000000"></testcase>
		<testcase classname="github.com/SAP/jenkins-library/cmd" name="TestGenerateHTMLDocumentAUnit/Test_AUnit_XML_Result" time="0.000000"></testcase>
		<testcase classname="github.com/SAP/jenkins-library/cmd" name="TestGenerateHTMLDocumentAUnit" time="0.000000"></testcase>
		<testcase classname="github.com/SAP/jenkins-library/cmd" name="TestParseServiceKeyAndPrepareAccessTokenHttpClient/Successfully_parsed_service_key" time="0.000000"></testcase>
		<testcase classname="github.com/SAP/jenkins-library/cmd" name="TestParseServiceKeyAndPrepareAccessTokenHttpClient" time="0.000000"></testcase>
		<testcase classname="github.com/SAP/jenkins-library/cmd" name="TestGetLPAPIAccessToken/Successfully_got_LP_API_access_token" time="0.000000"></testcase>
		<testcase classname="github.com/SAP/jenkins-library/cmd" name="TestGetLPAPIAccessToken/Failed_to_get_LP_API_access_token" time="0.000000"></testcase>
		<testcase classname="github.com/SAP/jenkins-library/cmd" name="TestGetLPAPIAccessToken" time="0.000000"></testcase>
		<testcase classname="github.com/SAP/jenkins-library/cmd" name="TestGetSystemBySystemNumber/Successfully_got_ABAP_system" time="0.000000"></testcase>
		<testcase classname="github.com/SAP/jenkins-library/cmd" name="TestGetSystemBySystemNumber/Failed_to_get_ABAP_system" time="0.000000"></testcase>
		<testcase classname="github.com/SAP/jenkins-library/cmd" name="TestGetSystemBySystemNumber" time="0.000000"></testcase>
		<testcase classname="github.com/SAP/jenkins-library/cmd" name="TestUpdateAddOn/Successfully_updated_addon" time="0.000000"></testcase>
		<testcase classname="github.com/SAP/jenkins-library/cmd" name="TestUpdateAddOn/Failed_to_update_addon" time="0.000000"></testcase>
		<testcase classname="github.com/SAP/jenkins-library/cmd" name="TestUpdateAddOn" time="0.010000"></testcase>
		<testcase classname="github.com/SAP/jenkins-library/cmd" name="TestPollStatusOfUpdateAddOn/Successfully_polled_request_status" time="0.000000"></testcase>
		<testcase classname="github.com/SAP/jenkins-library/cmd" name="TestPollStatusOfUpdateAddOn/Failed_to_poll_request_status" time="0.000000"></testcase>
		<testcase classname="github.com/SAP/jenkins-library/cmd" name="TestPollStatusOfUpdateAddOn" time="0.000000"></testcase>
		<testcase classname="github.com/SAP/jenkins-library/cmd" name="TestCancelUpdateAddOn/Successfully_canceled_addon_update" time="0.000000"></testcase>
		<testcase classname="github.com/SAP/jenkins-library/cmd" name="TestCancelUpdateAddOn/Failed_to_cancel_addon_update" time="0.000000"></testcase>
		<testcase classname="github.com/SAP/jenkins-library/cmd" name="TestCancelUpdateAddOn" time="0.000000"></testcase>
		<testcase classname="github.com/SAP/jenkins-library/cmd" name="TestRunAbapLandscapePortalUpdateAddOnProduct/Successfully_ran_update_addon_in_ABAP_system" time="1.010000"></testcase>
		<testcase classname="github.com/SAP/jenkins-library/cmd" name="TestRunAbapLandscapePortalUpdateAddOnProduct/Update_addon_ended_in_error" time="1.010000"></testcase>
		<testcase classname="github.com/SAP/jenkins-library/cmd" name="TestRunAbapLandscapePortalUpdateAddOnProduct/Update_addon_was_aborted" time="1.010000"></testcase>
		<testcase classname="github.com/SAP/jenkins-library/cmd" name="TestRunAbapLandscapePortalUpdateAddOnProduct/Update_addon_reached_timeout" time="3.020000"></testcase>
		<testcase classname="github.com/SAP/jenkins-library/cmd" name="TestRunAbapLandscapePortalUpdateAddOnProduct" time="6.040000"></testcase>
		<testcase classname="github.com/SAP/jenkins-library/cmd" name="TestRunBtpCreateService/Create_service:_no_identity_provider" time="0.000000"></testcase>
		<testcase classname="github.com/SAP/jenkins-library/cmd" name="TestRunBtpCreateService/Create_service:_no_parameter_:_use_Abap_attributes" time="0.000000"></testcase>
		<testcase classname="github.com/SAP/jenkins-library/cmd" name="TestRunBtpCreateService/Create_service:_no_parameters" time="0.000000"></testcase>
		<testcase classname="github.com/SAP/jenkins-library/cmd" name="TestRunBtpCreateService/Create_service:_full_parameters" time="0.000000"></testcase>
		<testcase classname="github.com/SAP/jenkins-library/cmd" name="TestRunBtpCreateService" time="0.000000"></testcase>
		<testcase classname="github.com/SAP/jenkins-library/cmd" name="TestRunBtpDeleteServiceBinding/Delete_service_binding:_no_identity_provider" time="0.000000"></testcase>
		<testcase classname="github.com/SAP/jenkins-library/cmd" name="TestRunBtpDeleteServiceBinding/Delete_service_binding:_full_parameters" time="0.000000"></testcase>
		<testcase classname="github.com/SAP/jenkins-library/cmd" name="TestRunBtpDeleteServiceBinding" time="0.000000"></testcase>
		<testcase classname="github.com/SAP/jenkins-library/cmd" name="TestRunBtpDeleteServiceInstance/Delete_service:_no_identity_provider" time="0.000000"></testcase>
		<testcase classname="github.com/SAP/jenkins-library/cmd" name="TestRunBtpDeleteServiceInstance/Delete_service:_full_parameters" time="0.000000"></testcase>
		<testcase classname="github.com/SAP/jenkins-library/cmd" name="TestRunBtpDeleteServiceInstance" time="0.000000"></testcase>
		<testcase classname="github.com/SAP/jenkins-library/cmd" name="TestCheckStepActiveCommand/Required_flags" time="0.000000"></testcase>
		<testcase classname="github.com/SAP/jenkins-library/cmd" name="TestCheckStepActiveCommand/Optional_flags" time="0.000000"></testcase>
		<testcase classname="github.com/SAP/jenkins-library/cmd" name="TestCheckStepActiveCommand/Run/Success_case_-_set_stage_and_stageName_parameters" time="0.000000"></testcase>
		<testcase classname="github.com/SAP/jenkins-library/cmd" name="TestCheckStepActiveCommand/Run/Success_case_-_set_only_stage_parameter" time="0.000000"></testcase>
		<testcase classname="github.com/SAP/jenkins-library/cmd" name="TestCheckStepActiveCommand/Run/Success_case_-_set_only_stageName_parameter" time="0.000000"></testcase>
		<testcase classname="github.com/SAP/jenkins-library/cmd" name="TestCheckStepActiveCommand/Run" time="0.000000"></testcase>
		<testcase classname="github.com/SAP/jenkins-library/cmd" name="TestCheckStepActiveCommand" time="0.000000"></testcase>
		<testcase classname="github.com/SAP/jenkins-library/cmd" name="TestFailIfNoConfigFound" time="0.070000"></testcase>
		<testcase classname="github.com/SAP/jenkins-library/cmd" name="TestCloudFoundryCreateServiceKey/CF_Create_Service_Key:_Success_case" time="0.000000"></testcase>
		<testcase classname="github.com/SAP/jenkins-library/cmd" name="TestCloudFoundryCreateServiceKey/CF_Create_Service_Key_asynchronous_with_service_Key_config:_Success_case" time="0.000000"></testcase>
		<testcase classname="github.com/SAP/jenkins-library/cmd" name="TestCloudFoundryCreateServiceKey/CF_Create_Service_Key_synchronous_with_service_Key_config:_Success_case" time="0.000000"></testcase>
		<testcase classname="github.com/SAP/jenkins-library/cmd" name="TestCloudFoundryCreateServiceKey" time="0.000000"></testcase>
		<testcase classname="github.com/SAP/jenkins-library/cmd" name="TestCloudFoundryCreateServiceKeyErrorMessages/CF_Login_Error" time="0.000000"></testcase>
		<testcase classname="github.com/SAP/jenkins-library/cmd" name="TestCloudFoundryCreateServiceKeyErrorMessages/CF_Logout_Error" time="0.000000"></testcase>
		<testcase classname="github.com/SAP/jenkins-library/cmd" name="TestCloudFoundryCreateServiceKeyErrorMessages/CF_Create_Service_Key_Error" time="0.000000"></testcase>
		<testcase classname="github.com/SAP/jenkins-library/cmd" name="TestCloudFoundryCreateServiceKeyErrorMessages" time="0.000000"></testcase>
		<testcase classname="github.com/SAP/jenkins-library/cmd" name="TestCloudFoundryCreateService/Create_service:_no_broker,_no_config,_no_tags" time="0.000000"></testcase>
		<testcase classname="github.com/SAP/jenkins-library/cmd" name="TestCloudFoundryCreateService/Create_service:_only_tags" time="0.000000"></testcase>
		<testcase classname="github.com/SAP/jenkins-library/cmd" name="TestCloudFoundryCreateService/Create_service:_only_broker" time="0.000000"></testcase>
		<testcase classname="github.com/SAP/jenkins-library/cmd" name="TestCloudFoundryCreateService/Create_service:_only_config" time="0.000000"></testcase>
		<testcase classname="github.com/SAP/jenkins-library/cmd" name="TestCloudFoundryCreateService/Create_service:_failure,_no_config" time="0.000000"></testcase>
		<testcase classname="github.com/SAP/jenkins-library/cmd" name="TestCloudFoundryCreateService/Create_service:_variable_substitution_in-line" time="0.000000"></testcase>
		<testcase classname="github.com/SAP/jenkins-library/cmd" name="TestCloudFoundryCreateService/Create_service:_variable_substitution_with_variable_substitution_manifest_file" time="0.000000"></testcase>
		<testcase classname="github.com/SAP/jenkins-library/cmd" name="TestCloudFoundryCreateService" time="0.010000"></testcase>
		<testcase classname="github.com/SAP/jenkins-library/cmd" name="TestCloudFoundryDeleteService/CF_Delete_Service_without_service_keys:_success_case" time="0.000000"></testcase>
		<testcase classname="github.com/SAP/jenkins-library/cmd" name="TestCloudFoundryDeleteService/CF_Delete_Service_without_service_keys_async:_success_case" time="0.000000"></testcase>
		<testcase classname="github.com/SAP/jenkins-library/cmd" name="TestCloudFoundryDeleteService/CF_Delete_Service_:_success_case" time="0.000000"></testcase>
		<testcase classname="github.com/SAP/jenkins-library/cmd" name="TestCloudFoundryDeleteService/CF_Delete_Service_async_:_success_case" time="0.000000"></testcase>
		<testcase classname="github.com/SAP/jenkins-library/cmd" name="TestCloudFoundryDeleteService" time="0.000000"></testcase>
		<testcase classname="github.com/SAP/jenkins-library/cmd" name="TestConfigCommand/Required_flags" time="0.000000"></testcase>
		<testcase classname="github.com/SAP/jenkins-library/cmd" name="TestConfigCommand/Optional_flags" time="0.000000"></testcase>
		<testcase classname="github.com/SAP/jenkins-library/cmd" name="TestConfigCommand/Run/Success_case" time="0.000000"></testcase>
		<testcase classname="github.com/SAP/jenkins-library/cmd" name="TestConfigCommand/Run" time="0.000000"></testcase>
		<testcase classname="github.com/SAP/jenkins-library/cmd" name="TestConfigCommand" time="0.000000"></testcase>
		<testcase classname="github.com/SAP/jenkins-library/cmd" name="TestDefaultsAndFilters/Context_config" time="0.000000"></testcase>
		<testcase classname="github.com/SAP/jenkins-library/cmd" name="TestDefaultsAndFilters/Step_config" time="0.000000"></testcase>
		<testcase classname="github.com/SAP/jenkins-library/cmd" name="TestDefaultsAndFilters" time="0.000000"></testcase>
		<testcase classname="github.com/SAP/jenkins-library/cmd" name="TestApplyContextConditions/no_context_conditions" time="0.000000"></testcase>
		<testcase classname="github.com/SAP/jenkins-library/cmd" name="TestApplyContextConditions/context_condition_not_met" time="0.000000"></testcase>
		<testcase classname="github.com/SAP/jenkins-library/cmd" name="TestApplyContextConditions/context_condition_met" time="0.000000"></testcase>
		<testcase classname="github.com/SAP/jenkins-library/cmd" name="TestApplyContextConditions/context_condition_met_-_root_defined_already" time="0.000000"></testcase>
		<testcase classname="github.com/SAP/jenkins-library/cmd" name="TestApplyContextConditions/context_condition_met_-_root_defined_and_deep_value_defined" time="0.000000"></testcase>
		<testcase classname="github.com/SAP/jenkins-library/cmd" name="TestApplyContextConditions/context_condition_met_-_root_defined_as_empty" time="0.000000"></testcase>
		<testcase classname="github.com/SAP/jenkins-library/cmd" name="TestApplyContextConditions/sidecar_context_condition_met" time="0.000000"></testcase>
		<testcase classname="github.com/SAP/jenkins-library/cmd" name="TestApplyContextConditions" time="0.000000"></testcase>
		<testcase classname="github.com/SAP/jenkins-library/cmd" name="TestPrepareOutputEnvironment" time="0.000000"></testcase>
		<testcase classname="github.com/SAP/jenkins-library/cmd" name="TestDefaultsCommand/Required_flags" time="0.000000"></testcase>
		<testcase classname="github.com/SAP/jenkins-library/cmd" name="TestDefaultsCommand/Optional_flags" time="0.000000"></testcase>
		<testcase classname="github.com/SAP/jenkins-library/cmd" name="TestDefaultsCommand/Run/Success_case" time="0.000000"></testcase>
		<testcase classname="github.com/SAP/jenkins-library/cmd" name="TestDefaultsCommand/Run" time="0.000000"></testcase>
		<testcase classname="github.com/SAP/jenkins-library/cmd" name="TestDefaultsCommand" time="0.000000"></testcase>
		<testcase classname="github.com/SAP/jenkins-library/cmd" name="TestGenerateDefaults/Single_defaults_file" time="0.000000"></testcase>
		<testcase classname="github.com/SAP/jenkins-library/cmd" name="TestGenerateDefaults/Multiple_defaults_files" time="0.000000"></testcase>
		<testcase classname="github.com/SAP/jenkins-library/cmd" name="TestGenerateDefaults/Single_file_+_useV1" time="0.000000"></testcase>
		<testcase classname="github.com/SAP/jenkins-library/cmd" name="TestGenerateDefaults/Multiple_files_+_useV1" time="0.000000"></testcase>
		<testcase classname="github.com/SAP/jenkins-library/cmd" name="TestGenerateDefaults" time="0.000000"></testcase>
		<testcase classname="github.com/SAP/jenkins-library/cmd" name="TestSchemaPatch/default" time="0.000000"></testcase>
		<testcase classname="github.com/SAP/jenkins-library/cmd" name="TestSchemaPatch/file_does_not_exist" time="0.000000"></testcase>
		<testcase classname="github.com/SAP/jenkins-library/cmd" name="TestSchemaPatch" time="0.000000"></testcase>
		<testcase classname="github.com/SAP/jenkins-library/cmd" name="TestAddRootFlags" time="0.000000"></testcase>
		<testcase classname="github.com/SAP/jenkins-library/cmd" name="TestAdoptStageNameFromParametersJSON/no_stage_name" time="0.000000"></testcase>
		<testcase classname="github.com/SAP/jenkins-library/cmd" name="TestAdoptStageNameFromParametersJSON/stage_name_arg+env" time="0.000000"></testcase>
		<testcase classname="github.com/SAP/jenkins-library/cmd" name="TestAdoptStageNameFromParametersJSON/stage_name_env" time="0.000000"></testcase>
		<testcase classname="github.com/SAP/jenkins-library/cmd" name="TestAdoptStageNameFromParametersJSON/stage_name_json" time="0.000000"></testcase>
		<testcase classname="github.com/SAP/jenkins-library/cmd" name="TestAdoptStageNameFromParametersJSON/stage_name_arg" time="0.000000"></testcase>
		<testcase classname="github.com/SAP/jenkins-library/cmd" name="TestAdoptStageNameFromParametersJSON" time="0.000000"></testcase>
		<testcase classname="github.com/SAP/jenkins-library/cmd" name="TestPrepareConfig/using_stepConfigJSON" time="0.000000"></testcase>
		<testcase classname="github.com/SAP/jenkins-library/cmd" name="TestPrepareConfig/using_config_files/success_case" time="0.000000"></testcase>
		<testcase classname="github.com/SAP/jenkins-library/cmd" name="TestPrepareConfig/using_config_files/error_case" time="0.000000"></testcase>
		<testcase classname="github.com/SAP/jenkins-library/cmd" name="TestPrepareConfig/using_config_files" time="0.000000"></testcase>
		<testcase classname="github.com/SAP/jenkins-library/cmd" name="TestPrepareConfig" time="0.000000"></testcase>
		<testcase classname="github.com/SAP/jenkins-library/cmd" name="TestRetrieveHookConfig" time="0.000000"></testcase>
		<testcase classname="github.com/SAP/jenkins-library/cmd" name="TestGetProjectConfigFile/Run_0" time="0.000000"></testcase>
		<testcase classname="github.com/SAP/jenkins-library/cmd" name="TestGetProjectConfigFile/Run_1" time="0.000000"></testcase>
		<testcase classname="github.com/SAP/jenkins-library/cmd" name="TestGetProjectConfigFile/Run_2" time="0.000000"></testcase>
		<testcase classname="github.com/SAP/jenkins-library/cmd" name="TestGetProjectConfigFile/Run_3" time="0.000000"></testcase>
		<testcase classname="github.com/SAP/jenkins-library/cmd" name="TestGetProjectConfigFile/Run_4" time="0.000000"></testcase>
		<testcase classname="github.com/SAP/jenkins-library/cmd" name="TestGetProjectConfigFile" time="0.010000"></testcase>
		<testcase classname="github.com/SAP/jenkins-library/cmd" name="TestConvertTypes/Converts_strings_to_booleans" time="0.000000"></testcase>
		<testcase classname="github.com/SAP/jenkins-library/cmd" name="TestConvertTypes/Converts_numbers_to_strings" time="0.000000"></testcase>
		<testcase classname="github.com/SAP/jenkins-library/cmd" name="TestConvertTypes/Keeps_numbers" time="0.000000"></testcase>
		<testcase classname="github.com/SAP/jenkins-library/cmd" name="TestConvertTypes/Exits_because_string_found,_slice_expected" time="0.000000"></testcase>
		<testcase classname="github.com/SAP/jenkins-library/cmd" name="TestConvertTypes/Exits_because_float_found,_int_expected" time="0.000000"></testcase>
		<testcase classname="github.com/SAP/jenkins-library/cmd" name="TestConvertTypes/Exits_in_case_number_beyond_length" time="0.000000"></testcase>
		<testcase classname="github.com/SAP/jenkins-library/cmd" name="TestConvertTypes/Properly_handle_small_ints" time="0.000000"></testcase>
		<testcase classname="github.com/SAP/jenkins-library/cmd" name="TestConvertTypes/Ignores_nil_values" time="0.000000"></testcase>
		<testcase classname="github.com/SAP/jenkins-library/cmd" name="TestConvertTypes/Logs_warning_for_unknown_type-mismatches" time="0.000000"></testcase>
		<testcase classname="github.com/SAP/jenkins-library/cmd" name="TestConvertTypes" time="0.000000"></testcase>
		<testcase classname="github.com/SAP/jenkins-library/cmd" name="TestResolveAccessTokens" time="0.000000"></testcase>
		<testcase classname="github.com/SAP/jenkins-library/cmd" name="TestAccessTokensFromEnvJSON" time="0.000000"></testcase>
		<testcase classname="github.com/SAP/jenkins-library/cmd" name="TestCpeEncryption" time="0.000000"></testcase>
		<testcase classname="github.com/SAP/jenkins-library/cmd" name="TestRunShellExecute/negative_case_-_script_isn&#39;t_present" time="0.000000"></testcase>
		<testcase classname="github.com/SAP/jenkins-library/cmd" name="TestRunShellExecute/success_case_-_script_run_successfully" time="0.000000"></testcase>
		<testcase classname="github.com/SAP/jenkins-library/cmd" name="TestRunShellExecute/success_case_-_download_script_header_gets_added" time="0.000000"></testcase>
		<testcase classname="github.com/SAP/jenkins-library/cmd" name="TestRunShellExecute/success_case_-_single_positional_script_arguments_gets_added_to_the_correct_script" time="0.000000"></testcase>
		<testcase classname="github.com/SAP/jenkins-library/cmd" name="TestRunShellExecute/success_case_-_multiple_positional_script_arguments_gets_added_to_the_correct_script" time="0.000000"></testcase>
		<testcase classname="github.com/SAP/jenkins-library/cmd" name="TestRunShellExecute/success_case_-_no_argument_for_script_1,_single_argument_for_script_2_and_multiple_argument_for_script3_gets_added_to_the_correct_script" time="0.000000"></testcase>
		<testcase classname="github.com/SAP/jenkins-library/cmd" name="TestRunShellExecute" time="0.000000"></testcase>
		<testcase classname="github.com/SAP/jenkins-library/cmd" name="TestVersion/versionAndTagInitialValues" time="0.000000"></testcase>
		<testcase classname="github.com/SAP/jenkins-library/cmd" name="TestVersion/versionAndTagSet" time="0.000000"></testcase>
		<testcase classname="github.com/SAP/jenkins-library/cmd" name="TestVersion" time="0.000000"></testcase>
		<testcase classname="github.com/SAP/jenkins-library/cmd" name="TestCheckATCSystemConfigurationFile/Check_ATC_Configuration_File_-_empty" time="0.000000"></testcase>
		<testcase classname="github.com/SAP/jenkins-library/cmd" name="TestAbapAddonAssemblyKitCheckCVsCommand" time="0.000000"></testcase>
		<testcase classname="github.com/SAP/jenkins-library/cmd" name="TestBtpCreateServiceInstanceCommand" time="0.000000"></testcase>
		<testcase classname="github.com/SAP/jenkins-library/cmd" name="TestBtpCreateServiceBindingCommand" time="0.000000"></testcase>
		<testcase classname="github.com/SAP/jenkins-library/cmd" name="TestCloudFoundryCreateServiceKeyCommand" time="0.000000"></testcase>
		<testcase classname="github.com/SAP/jenkins-library/cmd" name="TestAbapEnvironmentCreateTagCommand" time="0.000000"></testcase>
		<testcase classname="github.com/SAP/jenkins-library/cmd" name="TestHandleHttpResponse/failiure_case:_HandleHttpResponse" time="0.000000"></testcase>
		<testcase classname="github.com/SAP/jenkins-library/cmd" name="TestBtpDeleteServiceInstanceCommand" time="0.000000"></testcase>
		<testcase classname="github.com/SAP/jenkins-library/cmd" name="TestBtpDeleteServiceBindingCommand" time="0.000000"></testcase>
		<testcase classname="github.com/SAP/jenkins-library/cmd" name="TestAbapAddonAssemblyKitReleasePackagesCommand" time="0.000000"></testcase>
		<testcase classname="github.com/SAP/jenkins-library/cmd" name="TestAbapEnvironmentCloneGitRepoCommand" time="0.000000"></testcase>
		<testcase classname="github.com/SAP/jenkins-library/cmd" name="TestAbapEnvironmentCheckoutBranchCommand" time="0.000000"></testcase>
		<testcase classname="github.com/SAP/jenkins-library/cmd" name="TestAbapAddonAssemblyKitReserveNextPackagesCommand" time="0.000000"></testcase>
		<testcase classname="github.com/SAP/jenkins-library/cmd" name="TestHandleHttpResponse/success_case:_HandleHttpResponse" time="0.000000"></testcase>
		<testcase classname="github.com/SAP/jenkins-library/cmd" name="TestParseAUnitResult/success_case:_test_parsing_example_XML_result" time="0.000000"></testcase>
		<testcase classname="github.com/SAP/jenkins-library/cmd" name="TestAbapEnvironmentPushATCSystemConfigCommand" time="0.000000"></testcase>
		<testcase classname="github.com/SAP/jenkins-library/cmd" name="TestFetchXcsrfTokenFromHead/FetchXcsrfToken_Test" time="0.000000"></testcase>
		<testcase classname="github.com/SAP/jenkins-library/cmd" name="TestAbapEnvironmentCreateSystemCommand" time="0.000000"></testcase>
		<testcase classname="github.com/SAP/jenkins-library/cmd" name="TestFetchXcsrfTokenFromHead/failure_case:_fetch_token" time="0.000000"></testcase>
		<testcase classname="github.com/SAP/jenkins-library/cmd" name="TestCloudFoundryDeleteServiceCommand" time="0.000000"></testcase>
		<testcase classname="github.com/SAP/jenkins-library/cmd" name="TestParseInputWithValidEmoji" time="0.000000"></testcase>
		<testcase classname="github.com/SAP/jenkins-library/cmd" name="TestGetResultAUnitRun/Get_HTTP_Response_from_AUnit_test_run_Test" time="0.000000"></testcase>
		<testcase classname="github.com/SAP/jenkins-library/cmd" name="TestBuildATCSystemConfigBatchRequest/success_case:_BuildATCSystemConfigBatch_-_Config_Base_&amp;_1_Priority" time="0.000000"></testcase>
		<testcase classname="github.com/SAP/jenkins-library/cmd" name="TestParseInputWithInvalidUTF8" time="0.000000"></testcase>
		<testcase classname="github.com/SAP/jenkins-library/cmd" name="TestAbapEnvironmentBuildCommand" time="0.000000"></testcase>
		<testcase classname="github.com/SAP/jenkins-library/cmd" name="TestAbapAddonAssemblyKitCreateTargetVectorCommand" time="0.000000"></testcase>
		<testcase classname="github.com/SAP/jenkins-library/cmd" name="TestAbapAddonAssemblyKitRegisterPackagesCommand" time="0.000000"></testcase>
		<testcase classname="github.com/SAP/jenkins-library/cmd" name="TestAbapAddonAssemblyKitPublishTargetVectorCommand" time="0.000000"></testcase>
		<testcase classname="github.com/SAP/jenkins-library/cmd" name="TestAbapEnvironmentAssemblePackagesCommand" time="0.000000"></testcase>
		<testcase classname="github.com/SAP/jenkins-library/cmd" name="TestCheckATCSystemConfigurationFile" time="0.000000"></testcase>
		<testcase classname="github.com/SAP/jenkins-library/cmd" name="TestHandleHttpResponse" time="0.000000"></testcase>
		<testcase classname="github.com/SAP/jenkins-library/cmd" name="TestAbapEnvironmentPullGitRepoCommand" time="0.000000"></testcase>
		<testcase classname="github.com/SAP/jenkins-library/cmd" name="TestAbapEnvironmentRunAUnitTestCommand" time="0.000000"></testcase>
		<testcase classname="github.com/SAP/jenkins-library/cmd" name="TestCleanJSONDataWritePipeline" time="0.000000"></testcase>
		<testcase classname="github.com/SAP/jenkins-library/cmd" name="TestAbapEnvironmentRunATCCheckCommand" time="0.000000"></testcase>
		<testcase classname="github.com/SAP/jenkins-library/cmd" name="TestRunBtpCreateServiceBinding/Create_service_binding:_no_identity_provider" time="0.000000"></testcase>
		<testcase classname="github.com/SAP/jenkins-library/cmd" name="TestGetResultAUnitRun/Get_HTTP_Response_from_AUnit_test_run_Test_Failure" time="0.000000"></testcase>
		<testcase classname="github.com/SAP/jenkins-library/cmd" name="TestAbapAddonAssemblyKitCheckCommand" time="0.000000"></testcase>
		<testcase classname="github.com/SAP/jenkins-library/cmd" name="TestAbapLandscapePortalUpdateAddOnProductCommand" time="0.000000"></testcase>
		<testcase classname="github.com/SAP/jenkins-library/cmd" name="TestAbapEnvironmentAssembleConfirmCommand" time="0.000000"></testcase>
		<testcase classname="github.com/SAP/jenkins-library/cmd" name="TestFetchXcsrfTokenFromHead" time="0.000000"></testcase>
		<testcase classname="github.com/SAP/jenkins-library/cmd" name="TestGetResultAUnitRun" time="0.000000"></testcase>
		<testcase classname="github.com/SAP/jenkins-library/cmd" name="TestAbapAddonAssemblyKitCheckPVCommand" time="0.000000"></testcase>
		<testcase classname="github.com/SAP/jenkins-library/cmd" name="TestRunAbapEnvironmentRunAUnitTest/FetchXcsrfToken_Test" time="0.000000"></testcase>
		<testcase classname="github.com/SAP/jenkins-library/cmd" name="TestParseAUnitResult/success_case:_test_parsing_empty_AUnit_run_XML_result" time="0.000000"></testcase>
		<testcase classname="github.com/SAP/jenkins-library/cmd" name="TestRunAbapEnvironmentRunAUnitTest/Get_HTTP_Response_from_AUnit_test_run_Test" time="0.000000"></testcase>
		<testcase classname="github.com/SAP/jenkins-library/cmd" name="TestParseAUnitResult/failure_case:_parsing_empty_xml" time="0.000000"></testcase>
		<testcase classname="github.com/SAP/jenkins-library/cmd" name="TestBuildATCSystemConfigBatchRequest/success_case:_BuildATCSystemConfigBatch_-_Config_Base_&amp;_2_Priorities" time="0.000000"></testcase>
		<testcase classname="github.com/SAP/jenkins-library/cmd" name="TestRunAbapEnvironmentRunAUnitTest/AUnit_test_run_Poll_Test_Fail" time="0.000000"></testcase>
		<testcase classname="github.com/SAP/jenkins-library/cmd" name="TestBuildATCSystemConfigBatchRequest/success_case:_BuildATCSystemConfigBatch_-_Config_Base_only_(no_existing__priorities)" time="0.000000"></testcase>
		<testcase classname="github.com/SAP/jenkins-library/cmd" name="TestRunAbapEnvironmentRunAUnitTest/AUnit_test_run_Poll_Test" time="0.000000"></testcase>
		<testcase classname="github.com/SAP/jenkins-library/cmd" name="TestRunAbapEnvironmentRunAUnitTest/failure_case:_fetch_token" time="0.000000"></testcase>
		<testcase classname="github.com/SAP/jenkins-library/cmd" name="TestRunAbapEnvironmentRunAUnitTest" time="0.000000"></testcase>
		<testcase classname="github.com/SAP/jenkins-library/cmd" name="TestBuildATCSystemConfigBatchRequest/success_case:_BuildATCSystemConfigBatch_-_Config_Base_only_(empty_expand__priorities)" time="0.000000"></testcase>
		<testcase classname="github.com/SAP/jenkins-library/cmd" name="TestBuildATCSystemConfigBatchRequest/success_case:_BuildATCSystemConfigBatch_-_Config_Base_only_(empty_expand__priorities)_-_Settings_Global" time="0.000000"></testcase>
		<testcase classname="github.com/SAP/jenkins-library/cmd" name="TestBuildATCSystemConfigBatchRequest/failure_case:_BuildATCSystemConfigBatch" time="0.000000"></testcase>
		<testcase classname="github.com/SAP/jenkins-library/cmd" name="TestBuildATCSystemConfigBatchRequest" time="0.000000"></testcase>
		<testcase classname="github.com/SAP/jenkins-library/cmd" name="TestRunBtpCreateServiceBinding/Create_service_binding:_no_parameters" time="0.000000"></testcase>
		<testcase classname="github.com/SAP/jenkins-library/cmd" name="TestParseAUnitResult/Error_case:_Evaluate_Result_indicating_errors" time="0.000000"></testcase>
		<testcase classname="github.com/SAP/jenkins-library/cmd" name="TestParseAUnitResult/success_case:_Evaluate_Result_indicating_no_errors" time="0.000000"></testcase>
		<testcase classname="github.com/SAP/jenkins-library/cmd" name="TestParseAUnitResult" time="0.000000"></testcase>
		<testcase classname="github.com/SAP/jenkins-library/cmd" name="TestRunBtpCreateServiceBinding/Create_service_binding:_full_parameters" time="0.000000"></testcase>
		<testcase classname="github.com/SAP/jenkins-library/cmd" name="TestRunBtpCreateServiceBinding" time="0.000000"></testcase>
		<testcase classname="github.com/SAP/jenkins-library/cmd" name="TestRunAbapEnvironmentBuild/happy_path,_use_client" time="0.000000"></testcase>
		<testcase classname="github.com/SAP/jenkins-library/cmd" name="TestRunAbapEnvironmentBuild/error_path,_try_to_publish_file,_which_was_not_downloaded" time="0.000000"></testcase>
		<testcase classname="github.com/SAP/jenkins-library/cmd" name="TestRunAbapEnvironmentBuild/happy_path,_use_AddonDescriptor" time="0.000000"></testcase>
		<testcase classname="github.com/SAP/jenkins-library/cmd" name="TestRunAbapEnvironmentBuild/error_path,_try_to_download_file_which_does_not_exist" time="0.000000"></testcase>
		<testcase classname="github.com/SAP/jenkins-library/cmd" name="TestRunAbapEnvironmentBuild/happy_path" time="0.000000"></testcase>
		<testcase classname="github.com/SAP/jenkins-library/cmd" name="TestRunAbapEnvironmentBuild/happy_path,_download_only_one" time="0.000000"></testcase>
		<testcase classname="github.com/SAP/jenkins-library/cmd" name="TestRunAbapEnvironmentBuild" time="0.000000"></testcase>
		<testcase classname="github.com/SAP/jenkins-library/cmd" name="TestRunAbapEnvironmentPushATCSystemConfig/run_Step_Failure_-_ATC_System_Configuration_File_empty" time="0.000000"></testcase>
		<testcase classname="github.com/SAP/jenkins-library/cmd" name="TestBuildAUnitRequestBody/Config_with_repository-yml" time="0.010000"></testcase>
		<testcase classname="github.com/SAP/jenkins-library/cmd" name="TestRunAbapEnvironmentPushATCSystemConfig/run_Step_Failure_-_ATC_System_Configuration_invalid" time="0.000000"></testcase>
		<testcase classname="github.com/SAP/jenkins-library/cmd" name="TestBuildAUnitRequestBody/Config_with_aunitconfig-yml" time="0.000000"></testcase>
		<testcase classname="github.com/SAP/jenkins-library/cmd" name="TestBuildAUnitRequestBody/Config_with_aunitconfig-yml_mps" time="0.000000"></testcase>
		<testcase classname="github.com/SAP/jenkins-library/cmd" name="TestBuildAUnitRequestBody/No_AUnit_config_file_-_expect_no_panic" time="0.000000"></testcase>
		<testcase classname="github.com/SAP/jenkins-library/cmd" name="TestBuildAUnitRequestBody/No_Repo_config_file_-_expect_no_panic" time="0.000000"></testcase>
		<testcase classname="github.com/SAP/jenkins-library/cmd" name="TestBuildAUnitRequestBody/Test_AUnit_test_run_body_with_no_data" time="0.000000"></testcase>
		<testcase classname="github.com/SAP/jenkins-library/cmd" name="TestBuildAUnitRequestBody/Test_AUnit_test_run_body_with_example_yaml_config_of_only_Multi_Property_Set_but_empty_type" time="0.000000"></testcase>
		<testcase classname="github.com/SAP/jenkins-library/cmd" name="TestBuildAUnitRequestBody/Test_AUnit_test_run_body_with_example_yaml_config:_no_Options" time="0.000000"></testcase>
		<testcase classname="github.com/SAP/jenkins-library/cmd" name="TestBuildAUnitRequestBody/Test_AUnit_test_run_body_with_example_yaml_config_of_only_Multi_Property_Set_with_scomps_&amp;_packages_on_top_level" time="0.000000"></testcase>
		<testcase classname="github.com/SAP/jenkins-library/cmd" name="TestBuildAUnitRequestBody/Test_AUnit_test_run_body_with_example_yaml_config_of_only_Multi_Property_Set" time="0.000000"></testcase>
		<testcase classname="github.com/SAP/jenkins-library/cmd" name="TestBuildAUnitRequestBody/Test_AUnit_test_run_body_with_example_yaml_config_of_not_supported_Object_Sets" time="0.000000"></testcase>
		<testcase classname="github.com/SAP/jenkins-library/cmd" name="TestBuildAUnitRequestBody" time="0.010000"></testcase>
		<testcase classname="github.com/SAP/jenkins-library/cmd" name="TestRunAbapEnvironmentPushATCSystemConfig/run_Step_Successful_-_Push_ATC_System_Configuration" time="0.000000"></testcase>
		<testcase classname="github.com/SAP/jenkins-library/cmd" name="TestRunAbapEnvironmentPushATCSystemConfig/run_Step_Failure_-_ATC_System_Configuration_File_does_not_exist" time="0.000000"></testcase>
		<testcase classname="github.com/SAP/jenkins-library/cmd" name="TestRunAbapEnvironmentPushATCSystemConfig" time="0.010000"></testcase>
	</testsuite>
	<testsuite tests="0" failures="0" time="0.008000" name="github.com/SAP/jenkins-library/cmd/mocks" timestamp="2026-05-04T10:59:08+02:00">
		<properties>
			<property name="go.version" value="go1.25.0 darwin/arm64"></property>
		</properties>
	</testsuite>
	<testsuite tests="46" failures="0" time="0.007000" name="github.com/SAP/jenkins-library/pkg/abap/aakaas" timestamp="2026-05-04T10:59:08+02:00">
		<properties>
			<property name="go.version" value="go1.25.0 darwin/arm64"></property>
		</properties>
		<testcase classname="github.com/SAP/jenkins-library/pkg/abap/aakaas" name="TestInitCV/test_init" time="0.000000"></testcase>
		<testcase classname="github.com/SAP/jenkins-library/pkg/abap/aakaas" name="TestInitCV/test_validate_-_success" time="0.000000"></testcase>
		<testcase classname="github.com/SAP/jenkins-library/pkg/abap/aakaas" name="TestInitCV/test_validate_-_with_error" time="0.000000"></testcase>
		<testcase classname="github.com/SAP/jenkins-library/pkg/abap/aakaas" name="TestInitCV/test_copyFieldsToRepo" time="0.000000"></testcase>
		<testcase classname="github.com/SAP/jenkins-library/pkg/abap/aakaas" name="TestInitCV" time="0.000000"></testcase>
		<testcase classname="github.com/SAP/jenkins-library/pkg/abap/aakaas" name="TestInitPV/test_init" time="0.000000"></testcase>
		<testcase classname="github.com/SAP/jenkins-library/pkg/abap/aakaas" name="TestInitPV/test_validate_-_success" time="0.000000"></testcase>
		<testcase classname="github.com/SAP/jenkins-library/pkg/abap/aakaas" name="TestInitPV/test_validate_-_with_error" time="0.000000"></testcase>
		<testcase classname="github.com/SAP/jenkins-library/pkg/abap/aakaas" name="TestInitPV/test_copyFieldsToRepo" time="0.000000"></testcase>
		<testcase classname="github.com/SAP/jenkins-library/pkg/abap/aakaas" name="TestInitPV" time="0.000000"></testcase>
		<testcase classname="github.com/SAP/jenkins-library/pkg/abap/aakaas" name="TestTargetVectorInitExisting/ID_is_set" time="0.000000"></testcase>
		<testcase classname="github.com/SAP/jenkins-library/pkg/abap/aakaas" name="TestTargetVectorInitExisting" time="0.000000"></testcase>
		<testcase classname="github.com/SAP/jenkins-library/pkg/abap/aakaas" name="TestTargetVectorInitNew/Ensure_values_not_initial" time="0.000000"></testcase>
		<testcase classname="github.com/SAP/jenkins-library/pkg/abap/aakaas" name="TestTargetVectorInitNew/Fail_if_values_initial" time="0.000000"></testcase>
		<testcase classname="github.com/SAP/jenkins-library/pkg/abap/aakaas" name="TestTargetVectorInitNew" time="0.000000"></testcase>
		<testcase classname="github.com/SAP/jenkins-library/pkg/abap/aakaas" name="TestTargetVectorGet/Ensure_error_if_ID_is_initial" time="0.000000"></testcase>
		<testcase classname="github.com/SAP/jenkins-library/pkg/abap/aakaas" name="TestTargetVectorGet/Normal_Get_Test_Success" time="0.000000"></testcase>
		<testcase classname="github.com/SAP/jenkins-library/pkg/abap/aakaas" name="TestTargetVectorGet/Error_Get" time="0.000000"></testcase>
		<testcase classname="github.com/SAP/jenkins-library/pkg/abap/aakaas" name="TestTargetVectorGet" time="0.000000"></testcase>
		<testcase classname="github.com/SAP/jenkins-library/pkg/abap/aakaas" name="TestTargetVectorPollForStatus/Normal_Poll" time="0.000000"></testcase>
		<testcase classname="github.com/SAP/jenkins-library/pkg/abap/aakaas" name="TestTargetVectorPollForStatus" time="0.000000"></testcase>
		<testcase classname="github.com/SAP/jenkins-library/pkg/abap/aakaas" name="TestTargetVectorCreate/Create_Success" time="0.000000"></testcase>
		<testcase classname="github.com/SAP/jenkins-library/pkg/abap/aakaas" name="TestTargetVectorCreate" time="0.000000"></testcase>
		<testcase classname="github.com/SAP/jenkins-library/pkg/abap/aakaas" name="TestTargetVectorPublish/Publish_Test" time="0.000000"></testcase>
		<testcase classname="github.com/SAP/jenkins-library/pkg/abap/aakaas" name="TestTargetVectorPublish" time="0.000000"></testcase>
		<testcase classname="github.com/SAP/jenkins-library/pkg/abap/aakaas" name="TestCvResolve/Factory_Success" time="0.000000"></testcase>
		<testcase classname="github.com/SAP/jenkins-library/pkg/abap/aakaas" name="TestCvResolve/Factory_No_Name" time="0.000000"></testcase>
		<testcase classname="github.com/SAP/jenkins-library/pkg/abap/aakaas" name="TestCvResolve/Factory_Version_too_long" time="0.000000"></testcase>
		<testcase classname="github.com/SAP/jenkins-library/pkg/abap/aakaas" name="TestCvResolve/Factory_Version_too_short" time="0.000000"></testcase>
		<testcase classname="github.com/SAP/jenkins-library/pkg/abap/aakaas" name="TestCvResolve/ComponentVersion_NEXT_Release_Existing" time="0.000000"></testcase>
		<testcase classname="github.com/SAP/jenkins-library/pkg/abap/aakaas" name="TestCvResolve/ComponentVersion_NEXT_Release_Non_Existing" time="0.000000"></testcase>
		<testcase classname="github.com/SAP/jenkins-library/pkg/abap/aakaas" name="TestCvResolve/ComponentVersion_NEXT_SP_Level_Existing" time="0.000000"></testcase>
		<testcase classname="github.com/SAP/jenkins-library/pkg/abap/aakaas" name="TestCvResolve/ComponentVersion_NEXT_SP_Level_Non_Existing" time="0.000000"></testcase>
		<testcase classname="github.com/SAP/jenkins-library/pkg/abap/aakaas" name="TestCvResolve/ComponentVersion_NEXT_Patch_Level_Existing" time="0.000000"></testcase>
		<testcase classname="github.com/SAP/jenkins-library/pkg/abap/aakaas" name="TestCvResolve/ComponentVersion_NEXT_Patch_Level_Non_Existing" time="0.000000"></testcase>
		<testcase classname="github.com/SAP/jenkins-library/pkg/abap/aakaas" name="TestCvResolve/Product_Version_NEXT_Release_Existing" time="0.000000"></testcase>
		<testcase classname="github.com/SAP/jenkins-library/pkg/abap/aakaas" name="TestCvResolve/Product_Version_NEXT_Release_Non_Existing" time="0.000000"></testcase>
		<testcase classname="github.com/SAP/jenkins-library/pkg/abap/aakaas" name="TestCvResolve/Component_Version_MAX_Release_existing" time="0.000000"></testcase>
		<testcase classname="github.com/SAP/jenkins-library/pkg/abap/aakaas" name="TestCvResolve/Component_Version_MAX_Release_non_existing" time="0.000000"></testcase>
		<testcase classname="github.com/SAP/jenkins-library/pkg/abap/aakaas" name="TestCvResolve/Component_Version_MAX_SP_Level_existing" time="0.000000"></testcase>
		<testcase classname="github.com/SAP/jenkins-library/pkg/abap/aakaas" name="TestCvResolve/Component_Version_MAX_SP_Level_non_existing" time="0.000000"></testcase>
		<testcase classname="github.com/SAP/jenkins-library/pkg/abap/aakaas" name="TestCvResolve/Component_Version_MAX_Patch_Level_existing" time="0.000000"></testcase>
		<testcase classname="github.com/SAP/jenkins-library/pkg/abap/aakaas" name="TestCvResolve/Component_Version_MAX_Patch_Level_non_existing" time="0.000000"></testcase>
		<testcase classname="github.com/SAP/jenkins-library/pkg/abap/aakaas" name="TestCvResolve/Product_Version_MAX_Release_existing" time="0.000000"></testcase>
		<testcase classname="github.com/SAP/jenkins-library/pkg/abap/aakaas" name="TestCvResolve/Product_Version_MAX_Release_non_existing" time="0.000000"></testcase>
		<testcase classname="github.com/SAP/jenkins-library/pkg/abap/aakaas" name="TestCvResolve" time="0.000000"></testcase>
	</testsuite>
	<testsuite tests="58" failures="0" time="0.010000" name="github.com/SAP/jenkins-library/pkg/abap/build" timestamp="2026-05-04T10:59:08+02:00">
		<properties>
			<property name="go.version" value="go1.25.0 darwin/arm64"></property>
		</properties>
		<testcase classname="github.com/SAP/jenkins-library/pkg/abap/build" name="TestStart/Run_start" time="0.000000"></testcase>
		<testcase classname="github.com/SAP/jenkins-library/pkg/abap/build" name="TestStart" time="0.000000"></testcase>
		<testcase classname="github.com/SAP/jenkins-library/pkg/abap/build" name="TestStartValueGeneration" time="0.000000"></testcase>
		<testcase classname="github.com/SAP/jenkins-library/pkg/abap/build" name="TestGet/Run_Get" time="0.000000"></testcase>
		<testcase classname="github.com/SAP/jenkins-library/pkg/abap/build" name="TestGet" time="0.000000"></testcase>
		<testcase classname="github.com/SAP/jenkins-library/pkg/abap/build" name="TestGetTasks/Run_getTasks" time="0.000000"></testcase>
		<testcase classname="github.com/SAP/jenkins-library/pkg/abap/build" name="TestGetTasks" time="0.000000"></testcase>
		<testcase classname="github.com/SAP/jenkins-library/pkg/abap/build" name="TestGetLogs/Run_getLogs" time="0.000000"></testcase>
		<testcase classname="github.com/SAP/jenkins-library/pkg/abap/build" name="TestGetLogs" time="0.000000"></testcase>
		<testcase classname="github.com/SAP/jenkins-library/pkg/abap/build" name="TestGetValues/Run_getValues" time="0.000000"></testcase>
		<testcase classname="github.com/SAP/jenkins-library/pkg/abap/build" name="TestGetValues" time="0.000000"></testcase>
		<testcase classname="github.com/SAP/jenkins-library/pkg/abap/build" name="TestGetResults/Run_getResults" time="0.000000"></testcase>
		<testcase classname="github.com/SAP/jenkins-library/pkg/abap/build" name="TestGetResults" time="0.000000"></testcase>
		<testcase classname="github.com/SAP/jenkins-library/pkg/abap/build" name="TestPoll/Normal_Poll" time="0.000000"></testcase>
		<testcase classname="github.com/SAP/jenkins-library/pkg/abap/build" name="TestPoll/Poll_runstate_failed" time="0.000000"></testcase>
		<testcase classname="github.com/SAP/jenkins-library/pkg/abap/build" name="TestPoll/Poll_timeout" time="0.010000"></testcase>
		<testcase classname="github.com/SAP/jenkins-library/pkg/abap/build" name="TestPoll" time="0.010000"></testcase>
		<testcase classname="github.com/SAP/jenkins-library/pkg/abap/build" name="TestEvaluteIfBuildSuccessful/No_error" time="0.000000"></testcase>
		<testcase classname="github.com/SAP/jenkins-library/pkg/abap/build" name="TestEvaluteIfBuildSuccessful/RunState_failed_=&gt;_Error" time="0.000000"></testcase>
		<testcase classname="github.com/SAP/jenkins-library/pkg/abap/build" name="TestEvaluteIfBuildSuccessful/ResultState_aborted_=&gt;_Error" time="0.000000"></testcase>
		<testcase classname="github.com/SAP/jenkins-library/pkg/abap/build" name="TestEvaluteIfBuildSuccessful/ResultState_erroneous_=&gt;_Error" time="0.000000"></testcase>
		<testcase classname="github.com/SAP/jenkins-library/pkg/abap/build" name="TestEvaluteIfBuildSuccessful/ResultState_warning,_treatWarningsAsError_false_=&gt;_No_error" time="0.000000"></testcase>
		<testcase classname="github.com/SAP/jenkins-library/pkg/abap/build" name="TestEvaluteIfBuildSuccessful/ResultState_warning,_treatWarningsAsError_true_=&gt;_error" time="0.000000"></testcase>
		<testcase classname="github.com/SAP/jenkins-library/pkg/abap/build" name="TestEvaluteIfBuildSuccessful" time="0.000000"></testcase>
		<testcase classname="github.com/SAP/jenkins-library/pkg/abap/build" name="TestDownloadWithFilenamePrefixAndTargetDirectory/Download_without_extension" time="0.000000"></testcase>
		<testcase classname="github.com/SAP/jenkins-library/pkg/abap/build" name="TestDownloadWithFilenamePrefixAndTargetDirectory/Download_with_extensions" time="0.000000"></testcase>
		<testcase classname="github.com/SAP/jenkins-library/pkg/abap/build" name="TestDownloadWithFilenamePrefixAndTargetDirectory/Download_with_parameter" time="0.000000"></testcase>
		<testcase classname="github.com/SAP/jenkins-library/pkg/abap/build" name="TestDownloadWithFilenamePrefixAndTargetDirectory" time="0.000000"></testcase>
		<testcase classname="github.com/SAP/jenkins-library/pkg/abap/build" name="TestDownloadAllResults/Download_without_extension" time="0.000000"></testcase>
		<testcase classname="github.com/SAP/jenkins-library/pkg/abap/build" name="TestDownloadAllResults/Download_with_extension" time="0.000000"></testcase>
		<testcase classname="github.com/SAP/jenkins-library/pkg/abap/build" name="TestDownloadAllResults" time="0.000000"></testcase>
		<testcase classname="github.com/SAP/jenkins-library/pkg/abap/build" name="TestDownloadResults/Download_existing" time="0.000000"></testcase>
		<testcase classname="github.com/SAP/jenkins-library/pkg/abap/build" name="TestDownloadResults/Try_to_download_non_existing" time="0.000000"></testcase>
		<testcase classname="github.com/SAP/jenkins-library/pkg/abap/build" name="TestDownloadResults" time="0.000000"></testcase>
		<testcase classname="github.com/SAP/jenkins-library/pkg/abap/build" name="TestPublishAllDownloadedResults/Something_was_downloaded" time="0.000000"></testcase>
		<testcase classname="github.com/SAP/jenkins-library/pkg/abap/build" name="TestPublishAllDownloadedResults/Nothing_was_downloaded" time="0.000000"></testcase>
		<testcase classname="github.com/SAP/jenkins-library/pkg/abap/build" name="TestPublishAllDownloadedResults" time="0.000000"></testcase>
		<testcase classname="github.com/SAP/jenkins-library/pkg/abap/build" name="TestPublishDownloadedResults/Publish_downloaded_files" time="0.000000"></testcase>
		<testcase classname="github.com/SAP/jenkins-library/pkg/abap/build" name="TestPublishDownloadedResults/Try_to_publish_file_which_was_not_downloaded" time="0.000000"></testcase>
		<testcase classname="github.com/SAP/jenkins-library/pkg/abap/build" name="TestPublishDownloadedResults" time="0.000000"></testcase>
		<testcase classname="github.com/SAP/jenkins-library/pkg/abap/build" name="TestDetermineFailureCause/TestSuccess" time="0.000000"></testcase>
		<testcase classname="github.com/SAP/jenkins-library/pkg/abap/build" name="TestDetermineFailureCause/TestErronous" time="0.000000"></testcase>
		<testcase classname="github.com/SAP/jenkins-library/pkg/abap/build" name="TestDetermineFailureCause/TestAborting" time="0.000000"></testcase>
		<testcase classname="github.com/SAP/jenkins-library/pkg/abap/build" name="TestDetermineFailureCause" time="0.000000"></testcase>
		<testcase classname="github.com/SAP/jenkins-library/pkg/abap/build" name="TestCreateUrl/Zero_Parameter" time="0.000000"></testcase>
		<testcase classname="github.com/SAP/jenkins-library/pkg/abap/build" name="TestCreateUrl/One_Parameter" time="0.000000"></testcase>
		<testcase classname="github.com/SAP/jenkins-library/pkg/abap/build" name="TestCreateUrl/Two_Parameters" time="0.000000"></testcase>
		<testcase classname="github.com/SAP/jenkins-library/pkg/abap/build" name="TestCreateUrl/Three_Parameters" time="0.000000"></testcase>
		<testcase classname="github.com/SAP/jenkins-library/pkg/abap/build" name="TestCreateUrl" time="0.000000"></testcase>
		<testcase classname="github.com/SAP/jenkins-library/pkg/abap/build" name="TestInitAAKaaSHeader/InitAAKaaS_success_no_hash" time="0.000000"></testcase>
		<testcase classname="github.com/SAP/jenkins-library/pkg/abap/build" name="TestInitAAKaaSHeader/InitAAKaaS_success_with_hash" time="0.000000"></testcase>
		<testcase classname="github.com/SAP/jenkins-library/pkg/abap/build" name="TestInitAAKaaSHeader/InitAAKaaS_sanity_check_Header" time="0.000000"></testcase>
		<testcase classname="github.com/SAP/jenkins-library/pkg/abap/build" name="TestInitAAKaaSHeader/InitAAKaaS_sanity_check_wrong_Value_in_existing_Header" time="0.000000"></testcase>
		<testcase classname="github.com/SAP/jenkins-library/pkg/abap/build" name="TestInitAAKaaSHeader" time="0.000000"></testcase>
		<testcase classname="github.com/SAP/jenkins-library/pkg/abap/build" name="TestExtractErrorStack/Valid_Json_String" time="0.000000"></testcase>
		<testcase classname="github.com/SAP/jenkins-library/pkg/abap/build" name="TestExtractErrorStack/No_Json_String" time="0.000000"></testcase>
[...]
		<testcase classname="github.com/SAP/jenkins-library/pkg/whitesource" name="TestDownloadAgent/error_-_download_with_retry_unable_to_copy_content_from_file" time="0.000000"></testcase>
		<testcase classname="github.com/SAP/jenkins-library/pkg/whitesource" name="TestCreateProduct" time="0.000000"></testcase>
		<testcase classname="github.com/SAP/jenkins-library/pkg/whitesource" name="TestDownloadAgent/error_-_download_with_retry_forbidden" time="0.000000"></testcase>
		<testcase classname="github.com/SAP/jenkins-library/pkg/whitesource" name="TestAppendScannedProjectVersion/single_module" time="0.000000"></testcase>
		<testcase classname="github.com/SAP/jenkins-library/pkg/whitesource" name="TestAppendScannedProjectVersion/two_modules" time="0.000000"></testcase>
		<testcase classname="github.com/SAP/jenkins-library/pkg/whitesource" name="TestScannedProjectNames/multiple_mixed" time="0.000000"></testcase>
		<testcase classname="github.com/SAP/jenkins-library/pkg/whitesource" name="TestScannedProjectNames" time="0.000000"></testcase>
		<testcase classname="github.com/SAP/jenkins-library/pkg/whitesource" name="TestRewriteUAConfigurationFile/error_-_write_file" time="0.000000"></testcase>
		<testcase classname="github.com/SAP/jenkins-library/pkg/whitesource" name="TestProjectByName/happy_path" time="0.000000"></testcase>
		<testcase classname="github.com/SAP/jenkins-library/pkg/whitesource" name="TestGetProjectToken/find_project_2" time="0.000000"></testcase>
		<testcase classname="github.com/SAP/jenkins-library/pkg/whitesource" name="TestGetProjectsByIDs/find_no_projects_by_ids" time="0.000000"></testcase>
		<testcase classname="github.com/SAP/jenkins-library/pkg/whitesource" name="TestScanTime/no_init" time="0.000000"></testcase>
		<testcase classname="github.com/SAP/jenkins-library/pkg/whitesource" name="TestDownloadAgent/error_-_download_with_retry_not_found_404" time="0.000000"></testcase>
		<testcase classname="github.com/SAP/jenkins-library/pkg/whitesource" name="TestScannedProjects/no_init" time="0.000000"></testcase>
		<testcase classname="github.com/SAP/jenkins-library/pkg/whitesource" name="TestAppendScannedProjectVersion/module_without_version" time="0.000000"></testcase>
		<testcase classname="github.com/SAP/jenkins-library/pkg/whitesource" name="TestVulnerabilityScore" time="0.000000"></testcase>
		<testcase classname="github.com/SAP/jenkins-library/pkg/whitesource" name="TestRewriteUAConfigurationFile" time="0.000000"></testcase>
		<testcase classname="github.com/SAP/jenkins-library/pkg/whitesource" name="TestProjectByName/no_such_project" time="0.000000"></testcase>
		<testcase classname="github.com/SAP/jenkins-library/pkg/whitesource" name="TestProjectByName" time="0.000000"></testcase>
		<testcase classname="github.com/SAP/jenkins-library/pkg/whitesource" name="TestWriteCycloneSBOM/success_case" time="0.000000"></testcase>
		<testcase classname="github.com/SAP/jenkins-library/pkg/whitesource" name="TestWriteCycloneSBOM" time="0.000000"></testcase>
		<testcase classname="github.com/SAP/jenkins-library/pkg/whitesource" name="TestRemoveJre/success_-_no_removal_required" time="0.000000"></testcase>
		<testcase classname="github.com/SAP/jenkins-library/pkg/whitesource" name="TestAppendScannedProject" time="0.000000"></testcase>
		<testcase classname="github.com/SAP/jenkins-library/pkg/whitesource" name="TestGetProjectsByIDs" time="0.000000"></testcase>
		<testcase classname="github.com/SAP/jenkins-library/pkg/whitesource" name="TestRemoveJre/success_-_with_removal" time="0.000000"></testcase>
		<testcase classname="github.com/SAP/jenkins-library/pkg/whitesource" name="TestRemoveJre/error_-_remove_jvm_directory" time="0.000000"></testcase>
		<testcase classname="github.com/SAP/jenkins-library/pkg/whitesource" name="TestAddGeneralDefaults/default" time="0.000000"></testcase>
		<testcase classname="github.com/SAP/jenkins-library/pkg/whitesource" name="TestGetProjectToken/not_finding_project_3_is_an_error" time="0.000000"></testcase>
		<testcase classname="github.com/SAP/jenkins-library/pkg/whitesource" name="TestGetProjectToken" time="0.000000"></testcase>
		<testcase classname="github.com/SAP/jenkins-library/pkg/whitesource" name="TestAddBuildToolDefaults/success_case" time="0.000000"></testcase>
		<testcase classname="github.com/SAP/jenkins-library/pkg/whitesource" name="TestAddBuildToolDefaults/success_case#01" time="0.000000"></testcase>
		<testcase classname="github.com/SAP/jenkins-library/pkg/whitesource" name="TestDownloadAgent" time="0.000000"></testcase>
		<testcase classname="github.com/SAP/jenkins-library/pkg/whitesource" name="TestScannedProjects/single_module" time="0.000000"></testcase>
		<testcase classname="github.com/SAP/jenkins-library/pkg/whitesource" name="TestExecuteScanMTA/happy_path_MTA" time="0.000000"></testcase>
		<testcase classname="github.com/SAP/jenkins-library/pkg/whitesource" name="TestRemoveJre/error_-_remove_jvm_tar.gz" time="0.000000"></testcase>
		<testcase classname="github.com/SAP/jenkins-library/pkg/whitesource" name="TestAddGeneralDefaults/DIST_product" time="0.000000"></testcase>
		<testcase classname="github.com/SAP/jenkins-library/pkg/whitesource" name="TestExecuteScanMTA/MTA_with_only_maven_modules" time="0.000000"></testcase>
		<testcase classname="github.com/SAP/jenkins-library/pkg/whitesource" name="TestScanLog/default_case" time="0.000000"></testcase>
		<testcase classname="github.com/SAP/jenkins-library/pkg/whitesource" name="TestDownloadJre/success_-_no_download_required" time="0.000000"></testcase>
		<testcase classname="github.com/SAP/jenkins-library/pkg/whitesource" name="TestRemoveJre" time="0.000000"></testcase>
		<testcase classname="github.com/SAP/jenkins-library/pkg/whitesource" name="TestCreateCustomVulnerabilityReport/success_case" time="0.000000"></testcase>
		<testcase classname="github.com/SAP/jenkins-library/pkg/whitesource" name="TestScanTime/happy_path" time="0.000000"></testcase>
		<testcase classname="github.com/SAP/jenkins-library/pkg/whitesource" name="TestScannedProjects/two_modules" time="0.000000"></testcase>
		<testcase classname="github.com/SAP/jenkins-library/pkg/whitesource" name="TestExecuteScanNPM/happy_path_NPM" time="0.000000"></testcase>
		<testcase classname="github.com/SAP/jenkins-library/pkg/whitesource" name="TestBlockUntilProjectIsUpdated/already_new_enough" time="0.000000"></testcase>
		<testcase classname="github.com/SAP/jenkins-library/pkg/whitesource" name="TestAppendScannedProjectVersion/duplicate_module" time="0.000000"></testcase>
		<testcase classname="github.com/SAP/jenkins-library/pkg/whitesource" name="TestAddBuildToolDefaults/error_case" time="0.000000"></testcase>
		<testcase classname="github.com/SAP/jenkins-library/pkg/whitesource" name="TestUpdateConfig" time="0.000000"></testcase>
		<testcase classname="github.com/SAP/jenkins-library/pkg/whitesource" name="TestCreateCycloneSBOM/success_case" time="0.000000"></testcase>
		<testcase classname="github.com/SAP/jenkins-library/pkg/whitesource" name="TestAddGeneralDefaults/verbose" time="0.000000"></testcase>
		<testcase classname="github.com/SAP/jenkins-library/pkg/whitesource" name="TestDownloadJre/success_-_previously_downloaded" time="0.000000"></testcase>
		<testcase classname="github.com/SAP/jenkins-library/pkg/whitesource" name="TestAddGeneralDefaults/includes_and_excludes" time="0.000000"></testcase>
		<testcase classname="github.com/SAP/jenkins-library/pkg/whitesource" name="TestAddGeneralDefaults" time="0.000000"></testcase>
		<testcase classname="github.com/SAP/jenkins-library/pkg/whitesource" name="TestCreateCustomVulnerabilityReport" time="0.000000"></testcase>
		<testcase classname="github.com/SAP/jenkins-library/pkg/whitesource" name="TestDownloadJre/success_-_jre_downloaded" time="0.000000"></testcase>
		<testcase classname="github.com/SAP/jenkins-library/pkg/whitesource" name="TestScannedProjects" time="0.000000"></testcase>
		<testcase classname="github.com/SAP/jenkins-library/pkg/whitesource" name="TestScanLog/accept_already_existing_project" time="0.000000"></testcase>
		<testcase classname="github.com/SAP/jenkins-library/pkg/whitesource" name="TestExecuteUAScanInPath/success" time="0.000000"></testcase>
		<testcase classname="github.com/SAP/jenkins-library/pkg/whitesource" name="TestWriteWhitesourceConfigJSON/write_config_from_scratch" time="0.000000"></testcase>
		<testcase classname="github.com/SAP/jenkins-library/pkg/whitesource" name="TestScanTime/project_not_scanned" time="0.000000"></testcase>
		<testcase classname="github.com/SAP/jenkins-library/pkg/whitesource" name="TestAppendScannedProjectVersion/empty_project_name" time="0.000000"></testcase>
		<testcase classname="github.com/SAP/jenkins-library/pkg/whitesource" name="TestExecuteScanMTA/MTA_with_only_NPM_modules" time="0.000000"></testcase>
		<testcase classname="github.com/SAP/jenkins-library/pkg/whitesource" name="TestWriteWhitesourceConfigJSON/extend_and_merge_config" time="0.000000"></testcase>
		<testcase classname="github.com/SAP/jenkins-library/pkg/whitesource" name="TestExecuteUAScanInPath/success_-_dedicated_path" time="0.000000"></testcase>
		<testcase classname="github.com/SAP/jenkins-library/pkg/whitesource" name="TestExecuteScanMaven/maven_modules_are_aggregated" time="0.000000"></testcase>
		<testcase classname="github.com/SAP/jenkins-library/pkg/whitesource" name="TestExecuteScanNPM/happy_path_with_excluded_modules" time="0.000000"></testcase>
		<testcase classname="github.com/SAP/jenkins-library/pkg/whitesource" name="TestAddBuildToolDefaults/maven_-_m2_path" time="0.000000"></testcase>
		<testcase classname="github.com/SAP/jenkins-library/pkg/whitesource" name="TestScanTime" time="0.000000"></testcase>
		<testcase classname="github.com/SAP/jenkins-library/pkg/whitesource" name="TestExecuteUAScan/success_-_non_mta" time="0.000000"></testcase>
		<testcase classname="github.com/SAP/jenkins-library/pkg/whitesource" name="TestAppendScannedProjectVersion/product_version_supplied_wrongly" time="0.000000"></testcase>
		<testcase classname="github.com/SAP/jenkins-library/pkg/whitesource" name="TestAppendScannedProjectVersion/only_version_part_in_project_name" time="0.000000"></testcase>
		<testcase classname="github.com/SAP/jenkins-library/pkg/whitesource" name="TestAppendScannedProjectVersion" time="0.000000"></testcase>
		<testcase classname="github.com/SAP/jenkins-library/pkg/whitesource" name="TestExecuteScanMaven/maven_modules_are_separate_projects" time="0.000000"></testcase>
		<testcase classname="github.com/SAP/jenkins-library/pkg/whitesource" name="TestExecuteScanMaven/pom.xml_does_not_exist" time="0.000000"></testcase>
		<testcase classname="github.com/SAP/jenkins-library/pkg/whitesource" name="TestExecuteScanMaven" time="0.000000"></testcase>
		<testcase classname="github.com/SAP/jenkins-library/pkg/whitesource" name="TestDownloadReports/happy_path" time="0.000000"></testcase>
		<testcase classname="github.com/SAP/jenkins-library/pkg/whitesource" name="TestExecuteScanMTA/MTA_with_neither_Maven_nor_NPM_modules_results_in_error" time="0.000000"></testcase>
		<testcase classname="github.com/SAP/jenkins-library/pkg/whitesource" name="TestExecuteScanMTA" time="0.000000"></testcase>
		<testcase classname="github.com/SAP/jenkins-library/pkg/whitesource" name="TestWriteWhitesourceConfigJSON/extend_and_merge_config,_omit_productToken" time="0.000000"></testcase>
		<testcase classname="github.com/SAP/jenkins-library/pkg/whitesource" name="TestExecuteUAScanInPath/error_-_download_agent" time="0.000000"></testcase>
		<testcase classname="github.com/SAP/jenkins-library/pkg/whitesource" name="TestScanLog/ignore_duplicates_in_log" time="0.000000"></testcase>
		<testcase classname="github.com/SAP/jenkins-library/pkg/whitesource" name="TestScanLog" time="0.000000"></testcase>
		<testcase classname="github.com/SAP/jenkins-library/pkg/whitesource" name="TestWriteWhitesourceConfigJSON" time="0.000000"></testcase>
		<testcase classname="github.com/SAP/jenkins-library/pkg/whitesource" name="TestDownloadReports/success_-_projects_with_/" time="0.000000"></testcase>
		<testcase classname="github.com/SAP/jenkins-library/pkg/whitesource" name="TestAddBuildToolDefaults/maven_-_settings" time="0.000000"></testcase>
		<testcase classname="github.com/SAP/jenkins-library/pkg/whitesource" name="TestExecuteScanNPM/no_NPM_modules" time="0.000000"></testcase>
		<testcase classname="github.com/SAP/jenkins-library/pkg/whitesource" name="TestAddBuildToolDefaults/Docker_-_default" time="0.000000"></testcase>
		<testcase classname="github.com/SAP/jenkins-library/pkg/whitesource" name="TestDownloadReports/invalid_project_token" time="0.000000"></testcase>
		<testcase classname="github.com/SAP/jenkins-library/pkg/whitesource" name="TestAddBuildToolDefaults/Docker_-_no_builddescriptor_found" time="0.000000"></testcase>
		<testcase classname="github.com/SAP/jenkins-library/pkg/whitesource" name="TestAddBuildToolDefaults" time="0.000000"></testcase>
		<testcase classname="github.com/SAP/jenkins-library/pkg/whitesource" name="TestExecuteScanNPM/package.json_needs_name" time="0.000000"></testcase>
		<testcase classname="github.com/SAP/jenkins-library/pkg/whitesource" name="TestDownloadReports/multiple_scanned_projects" time="0.000000"></testcase>
		<testcase classname="github.com/SAP/jenkins-library/pkg/whitesource" name="TestDownloadReports" time="0.000000"></testcase>
		<testcase classname="github.com/SAP/jenkins-library/pkg/whitesource" name="TestExecuteScanNPM/npm_ls_fails" time="0.000000"></testcase>
		<testcase classname="github.com/SAP/jenkins-library/pkg/whitesource" name="TestExecuteScanNPM" time="0.000000"></testcase>
		<testcase classname="github.com/SAP/jenkins-library/pkg/whitesource" name="TestExecuteUAScan/success_-_mta" time="0.000000"></testcase>
		<testcase classname="github.com/SAP/jenkins-library/pkg/whitesource" name="TestExecuteUAScan/error_-_maven" time="0.000000"></testcase>
		<testcase classname="github.com/SAP/jenkins-library/pkg/whitesource" name="TestExecuteUAScan/error_-_no_pom.xml" time="0.000000"></testcase>
		<testcase classname="github.com/SAP/jenkins-library/pkg/whitesource" name="TestExecuteUAScan/error_-_no_pom.xml_&amp;_only_npm" time="0.000000"></testcase>
		<testcase classname="github.com/SAP/jenkins-library/pkg/whitesource" name="TestExecuteUAScan/error_-_npm_no_name" time="0.000000"></testcase>
		<testcase classname="github.com/SAP/jenkins-library/pkg/whitesource" name="TestExecuteUAScan" time="0.000000"></testcase>
		<testcase classname="github.com/SAP/jenkins-library/pkg/whitesource" name="TestCreateCycloneSBOM/success_-_golden" time="0.000000"></testcase>
		<testcase classname="github.com/SAP/jenkins-library/pkg/whitesource" name="TestCreateCycloneSBOM" time="0.000000"></testcase>
		<testcase classname="github.com/SAP/jenkins-library/pkg/whitesource" name="TestBlockUntilProjectIsUpdated/timeout_while_polling" time="1.000000"></testcase>
		<testcase classname="github.com/SAP/jenkins-library/pkg/whitesource" name="TestBlockUntilProjectIsUpdated/timeout_while_polling,_no_update_time" time="1.000000"></testcase>
		<testcase classname="github.com/SAP/jenkins-library/pkg/whitesource" name="TestExecuteUAScanInPath/error_-_download_jre" time="2.000000"></testcase>
		<testcase classname="github.com/SAP/jenkins-library/pkg/whitesource" name="TestBlockUntilProjectIsUpdated" time="2.000000"></testcase>
		<testcase classname="github.com/SAP/jenkins-library/pkg/whitesource" name="TestDownloadJre/error_-_download" time="2.000000"></testcase>
		<testcase classname="github.com/SAP/jenkins-library/pkg/whitesource" name="TestExecuteUAScanInPath/error_-_append_scanned_projects" time="0.000000"></testcase>
		<testcase classname="github.com/SAP/jenkins-library/pkg/whitesource" name="TestExecuteUAScanInPath/error_-_rewrite_config" time="0.000000"></testcase>
		<testcase classname="github.com/SAP/jenkins-library/pkg/whitesource" name="TestExecuteUAScanInPath/error_-_scan_error" time="0.000000"></testcase>
		<testcase classname="github.com/SAP/jenkins-library/pkg/whitesource" name="TestExecuteUAScanInPath" time="2.000000"></testcase>
		<testcase classname="github.com/SAP/jenkins-library/pkg/whitesource" name="TestDownloadJre/error_-_download_with_retry" time="2.000000"></testcase>
		<testcase classname="github.com/SAP/jenkins-library/pkg/whitesource" name="TestDownloadJre/error_-_tar_execution" time="0.000000"></testcase>
		<testcase classname="github.com/SAP/jenkins-library/pkg/whitesource" name="TestDownloadJre" time="4.010000"></testcase>
	</testsuite>
	<testsuite tests="21" failures="0" time="0.000000" name="github.com/SAP/jenkins-library/pkg/xsuaa" timestamp="2026-05-04T10:59:08+02:00">
		<properties>
			<property name="go.version" value="go1.25.0 darwin/arm64"></property>
		</properties>
		<testcase classname="github.com/SAP/jenkins-library/pkg/xsuaa" name="TestXSUAA_GetBearerToken/Straight_forward" time="0.000000"></testcase>
		<testcase classname="github.com/SAP/jenkins-library/pkg/xsuaa" name="TestXSUAA_GetBearerToken/No_expiring_duration" time="0.000000"></testcase>
		<testcase classname="github.com/SAP/jenkins-library/pkg/xsuaa" name="TestXSUAA_GetBearerToken/OAuth_Url_with_path" time="0.000000"></testcase>
		<testcase classname="github.com/SAP/jenkins-library/pkg/xsuaa" name="TestXSUAA_GetBearerToken/No_token_type" time="0.000000"></testcase>
		<testcase classname="github.com/SAP/jenkins-library/pkg/xsuaa" name="TestXSUAA_GetBearerToken/HTTP_error" time="0.000000"></testcase>
		<testcase classname="github.com/SAP/jenkins-library/pkg/xsuaa" name="TestXSUAA_GetBearerToken/Wrong_response_code" time="0.000000"></testcase>
		<testcase classname="github.com/SAP/jenkins-library/pkg/xsuaa" name="TestXSUAA_GetBearerToken/No_&#39;access_token&#39;_field_in_json_response" time="0.000000"></testcase>
		<testcase classname="github.com/SAP/jenkins-library/pkg/xsuaa" name="TestXSUAA_GetBearerToken" time="0.010000"></testcase>
		<testcase classname="github.com/SAP/jenkins-library/pkg/xsuaa" name="Test_readResponseBody/Straight_forward" time="0.000000"></testcase>
		<testcase classname="github.com/SAP/jenkins-library/pkg/xsuaa" name="Test_readResponseBody/No_response_error" time="0.000000"></testcase>
		<testcase classname="github.com/SAP/jenkins-library/pkg/xsuaa" name="Test_readResponseBody" time="0.000000"></testcase>
		<testcase classname="github.com/SAP/jenkins-library/pkg/xsuaa" name="TestXSUAA_SetAuthHeaderIfNotPresent/Straight_forward" time="0.000000"></testcase>
		<testcase classname="github.com/SAP/jenkins-library/pkg/xsuaa" name="TestXSUAA_SetAuthHeaderIfNotPresent/Error_case" time="0.000000"></testcase>
		<testcase classname="github.com/SAP/jenkins-library/pkg/xsuaa" name="TestXSUAA_SetAuthHeaderIfNotPresent/Missing_field_parameter" time="0.000000"></testcase>
		<testcase classname="github.com/SAP/jenkins-library/pkg/xsuaa" name="TestXSUAA_SetAuthHeaderIfNotPresent/Different_token_type" time="0.000000"></testcase>
		<testcase classname="github.com/SAP/jenkins-library/pkg/xsuaa" name="TestXSUAA_SetAuthHeaderIfNotPresent/Auth_authHeader_already_set" time="0.000000"></testcase>
		<testcase classname="github.com/SAP/jenkins-library/pkg/xsuaa" name="TestXSUAA_SetAuthHeaderIfNotPresent/Valid_token_skips_getting_a_new_one" time="0.000000"></testcase>
		<testcase classname="github.com/SAP/jenkins-library/pkg/xsuaa" name="TestXSUAA_SetAuthHeaderIfNotPresent/Token_about_to_expire" time="0.000000"></testcase>
		<testcase classname="github.com/SAP/jenkins-library/pkg/xsuaa" name="TestXSUAA_SetAuthHeaderIfNotPresent" time="0.000000"></testcase>
		<testcase classname="github.com/SAP/jenkins-library/pkg/xsuaa" name="Test_setExpireTime/Straight_forward" time="0.000000"></testcase>
		<testcase classname="github.com/SAP/jenkins-library/pkg/xsuaa" name="Test_setExpireTime" time="0.000000"></testcase>
	</testsuite>
</testsuites>