mode: set
github.com/SAP/jenkins-library/cmd/mocks/GithubRepoClient.go:23.65,25.2 1 0
github.com/SAP/jenkins-library/cmd/mocks/GithubRepoClient.go:28.179,31.19 2 0
github.com/SAP/jenkins-library/cmd/mocks/GithubRepoClient.go:31.19,32.55 1 0
github.com/SAP/jenkins-library/cmd/mocks/GithubRepoClient.go:35.2,38.150 4 0
github.com/SAP/jenkins-library/cmd/mocks/GithubRepoClient.go:38.150,40.3 1 0
github.com/SAP/jenkins-library/cmd/mocks/GithubRepoClient.go:41.2,41.123 1 0
github.com/SAP/jenkins-library/cmd/mocks/GithubRepoClient.go:41.123,43.3 1 0
github.com/SAP/jenkins-library/cmd/mocks/GithubRepoClient.go:43.8,44.24 1 0
github.com/SAP/jenkins-library/cmd/mocks/GithubRepoClient.go:44.24,46.4 1 0
github.com/SAP/jenkins-library/cmd/mocks/GithubRepoClient.go:49.2,49.114 1 0
github.com/SAP/jenkins-library/cmd/mocks/GithubRepoClient.go:49.114,51.3 1 0
github.com/SAP/jenkins-library/cmd/mocks/GithubRepoClient.go:51.8,52.24 1 0
github.com/SAP/jenkins-library/cmd/mocks/GithubRepoClient.go:52.24,54.4 1 0
github.com/SAP/jenkins-library/cmd/mocks/GithubRepoClient.go:57.2,57.103 1 0
github.com/SAP/jenkins-library/cmd/mocks/GithubRepoClient.go:57.103,59.3 1 0
github.com/SAP/jenkins-library/cmd/mocks/GithubRepoClient.go:59.8,61.3 1 0
github.com/SAP/jenkins-library/cmd/mocks/GithubRepoClient.go:63.2,63.19 1 0
github.com/SAP/jenkins-library/cmd/mocks/GithubRepoClient.go:76.164,78.2 1 0
github.com/SAP/jenkins-library/cmd/mocks/GithubRepoClient.go:80.182,81.40 1 0
github.com/SAP/jenkins-library/cmd/mocks/GithubRepoClient.go:81.40,83.3 1 0
github.com/SAP/jenkins-library/cmd/mocks/GithubRepoClient.go:84.2,84.11 1 0
github.com/SAP/jenkins-library/cmd/mocks/GithubRepoClient.go:87.156,90.2 2 0
github.com/SAP/jenkins-library/cmd/mocks/GithubRepoClient.go:92.221,95.2 2 0
github.com/SAP/jenkins-library/cmd/mocks/GithubRepoClient.go:98.132,101.19 2 0
github.com/SAP/jenkins-library/cmd/mocks/GithubRepoClient.go:101.19,102.60 1 0
github.com/SAP/jenkins-library/cmd/mocks/GithubRepoClient.go:105.2,107.103 3 0
github.com/SAP/jenkins-library/cmd/mocks/GithubRepoClient.go:107.103,109.3 1 0
github.com/SAP/jenkins-library/cmd/mocks/GithubRepoClient.go:110.2,110.94 1 0
github.com/SAP/jenkins-library/cmd/mocks/GithubRepoClient.go:110.94,112.3 1 0
github.com/SAP/jenkins-library/cmd/mocks/GithubRepoClient.go:112.8,113.24 1 0
github.com/SAP/jenkins-library/cmd/mocks/GithubRepoClient.go:113.24,115.4 1 0
github.com/SAP/jenkins-library/cmd/mocks/GithubRepoClient.go:118.2,118.83 1 0
github.com/SAP/jenkins-library/cmd/mocks/GithubRepoClient.go:118.83,120.3 1 0
github.com/SAP/jenkins-library/cmd/mocks/GithubRepoClient.go:120.8,122.3 1 0
github.com/SAP/jenkins-library/cmd/mocks/GithubRepoClient.go:124.2,124.15 1 0
github.com/SAP/jenkins-library/cmd/mocks/GithubRepoClient.go:137.169,139.2 1 0
github.com/SAP/jenkins-library/cmd/mocks/GithubRepoClient.go:141.167,142.40 1 0
github.com/SAP/jenkins-library/cmd/mocks/GithubRepoClient.go:142.40,144.3 1 0
github.com/SAP/jenkins-library/cmd/mocks/GithubRepoClient.go:145.2,145.11 1 0
github.com/SAP/jenkins-library/cmd/mocks/GithubRepoClient.go:148.135,151.2 2 0
github.com/SAP/jenkins-library/cmd/mocks/GithubRepoClient.go:153.184,156.2 2 0
github.com/SAP/jenkins-library/cmd/mocks/GithubRepoClient.go:159.147,162.19 2 0
github.com/SAP/jenkins-library/cmd/mocks/GithubRepoClient.go:162.19,163.58 1 0
github.com/SAP/jenkins-library/cmd/mocks/GithubRepoClient.go:166.2,169.123 4 0
github.com/SAP/jenkins-library/cmd/mocks/GithubRepoClient.go:169.123,171.3 1 0
github.com/SAP/jenkins-library/cmd/mocks/GithubRepoClient.go:172.2,172.96 1 0
github.com/SAP/jenkins-library/cmd/mocks/GithubRepoClient.go:172.96,174.3 1 0
github.com/SAP/jenkins-library/cmd/mocks/GithubRepoClient.go:174.8,175.24 1 0
github.com/SAP/jenkins-library/cmd/mocks/GithubRepoClient.go:175.24,177.4 1 0
github.com/SAP/jenkins-library/cmd/mocks/GithubRepoClient.go:180.2,180.87 1 0
github.com/SAP/jenkins-library/cmd/mocks/GithubRepoClient.go:180.87,182.3 1 0
github.com/SAP/jenkins-library/cmd/mocks/GithubRepoClient.go:182.8,183.24 1 0
github.com/SAP/jenkins-library/cmd/mocks/GithubRepoClient.go:183.24,185.4 1 0
github.com/SAP/jenkins-library/cmd/mocks/GithubRepoClient.go:188.2,188.76 1 0
github.com/SAP/jenkins-library/cmd/mocks/GithubRepoClient.go:188.76,190.3 1 0
github.com/SAP/jenkins-library/cmd/mocks/GithubRepoClient.go:190.8,192.3 1 0
github.com/SAP/jenkins-library/cmd/mocks/GithubRepoClient.go:194.2,194.19 1 0
github.com/SAP/jenkins-library/cmd/mocks/GithubRepoClient.go:206.149,208.2 1 0
github.com/SAP/jenkins-library/cmd/mocks/GithubRepoClient.go:210.153,211.40 1 0
github.com/SAP/jenkins-library/cmd/mocks/GithubRepoClient.go:211.40,213.3 1 0
github.com/SAP/jenkins-library/cmd/mocks/GithubRepoClient.go:214.2,214.11 1 0
github.com/SAP/jenkins-library/cmd/mocks/GithubRepoClient.go:217.162,220.2 2 0
github.com/SAP/jenkins-library/cmd/mocks/GithubRepoClient.go:222.200,225.2 2 0
github.com/SAP/jenkins-library/cmd/mocks/GithubRepoClient.go:228.180,231.19 2 0
github.com/SAP/jenkins-library/cmd/mocks/GithubRepoClient.go:231.19,232.59 1 0
github.com/SAP/jenkins-library/cmd/mocks/GithubRepoClient.go:235.2,238.148 4 0
github.com/SAP/jenkins-library/cmd/mocks/GithubRepoClient.go:238.148,240.3 1 0
github.com/SAP/jenkins-library/cmd/mocks/GithubRepoClient.go:241.2,241.121 1 0
github.com/SAP/jenkins-library/cmd/mocks/GithubRepoClient.go:241.121,243.3 1 0
github.com/SAP/jenkins-library/cmd/mocks/GithubRepoClient.go:243.8,244.24 1 0
github.com/SAP/jenkins-library/cmd/mocks/GithubRepoClient.go:244.24,246.4 1 0
github.com/SAP/jenkins-library/cmd/mocks/GithubRepoClient.go:249.2,249.115 1 0
github.com/SAP/jenkins-library/cmd/mocks/GithubRepoClient.go:249.115,251.3 1 0
github.com/SAP/jenkins-library/cmd/mocks/GithubRepoClient.go:251.8,252.24 1 0
github.com/SAP/jenkins-library/cmd/mocks/GithubRepoClient.go:252.24,254.4 1 0
github.com/SAP/jenkins-library/cmd/mocks/GithubRepoClient.go:257.2,257.104 1 0
github.com/SAP/jenkins-library/cmd/mocks/GithubRepoClient.go:257.104,259.3 1 0
github.com/SAP/jenkins-library/cmd/mocks/GithubRepoClient.go:259.8,261.3 1 0
github.com/SAP/jenkins-library/cmd/mocks/GithubRepoClient.go:263.2,263.19 1 0
github.com/SAP/jenkins-library/cmd/mocks/GithubRepoClient.go:277.184,279.2 1 0
github.com/SAP/jenkins-library/cmd/mocks/GithubRepoClient.go:281.190,282.40 1 0
github.com/SAP/jenkins-library/cmd/mocks/GithubRepoClient.go:282.40,284.3 1 0
github.com/SAP/jenkins-library/cmd/mocks/GithubRepoClient.go:285.2,285.11 1 0
github.com/SAP/jenkins-library/cmd/mocks/GithubRepoClient.go:288.161,291.2 2 0
github.com/SAP/jenkins-library/cmd/mocks/GithubRepoClient.go:293.227,296.2 2 0
github.com/SAP/jenkins-library/cmd/mocks/GithubRepoClient.go:299.196,302.19 2 0
github.com/SAP/jenkins-library/cmd/mocks/GithubRepoClient.go:302.19,303.60 1 0
github.com/SAP/jenkins-library/cmd/mocks/GithubRepoClient.go:306.2,309.158 4 0
github.com/SAP/jenkins-library/cmd/mocks/GithubRepoClient.go:309.158,311.3 1 0
github.com/SAP/jenkins-library/cmd/mocks/GithubRepoClient.go:312.2,312.131 1 0
github.com/SAP/jenkins-library/cmd/mocks/GithubRepoClient.go:312.131,314.3 1 0
github.com/SAP/jenkins-library/cmd/mocks/GithubRepoClient.go:314.8,315.24 1 0
github.com/SAP/jenkins-library/cmd/mocks/GithubRepoClient.go:315.24,317.4 1 0
github.com/SAP/jenkins-library/cmd/mocks/GithubRepoClient.go:320.2,320.127 1 0
github.com/SAP/jenkins-library/cmd/mocks/GithubRepoClient.go:320.127,322.3 1 0
github.com/SAP/jenkins-library/cmd/mocks/GithubRepoClient.go:322.8,323.24 1 0
github.com/SAP/jenkins-library/cmd/mocks/GithubRepoClient.go:323.24,325.4 1 0
github.com/SAP/jenkins-library/cmd/mocks/GithubRepoClient.go:328.2,328.116 1 0
github.com/SAP/jenkins-library/cmd/mocks/GithubRepoClient.go:328.116,330.3 1 0
github.com/SAP/jenkins-library/cmd/mocks/GithubRepoClient.go:330.8,332.3 1 0
github.com/SAP/jenkins-library/cmd/mocks/GithubRepoClient.go:334.2,334.19 1 0
github.com/SAP/jenkins-library/cmd/mocks/GithubRepoClient.go:349.204,351.2 1 0
github.com/SAP/jenkins-library/cmd/mocks/GithubRepoClient.go:353.209,354.40 1 0
github.com/SAP/jenkins-library/cmd/mocks/GithubRepoClient.go:354.40,356.3 1 0
github.com/SAP/jenkins-library/cmd/mocks/GithubRepoClient.go:357.2,357.11 1 0
github.com/SAP/jenkins-library/cmd/mocks/GithubRepoClient.go:360.161,363.2 2 0
github.com/SAP/jenkins-library/cmd/mocks/GithubRepoClient.go:365.239,368.2 2 0
github.com/SAP/jenkins-library/cmd/mocks/GithubRepoClient.go:375.22,379.19 3 0
github.com/SAP/jenkins-library/cmd/mocks/GithubRepoClient.go:379.19,379.49 1 0
github.com/SAP/jenkins-library/cmd/mocks/GithubRepoClient.go:381.2,381.13 1 0
github.com/SAP/jenkins-library/cmd/mocks/hadolintClient.go:21.61,23.2 1 0
github.com/SAP/jenkins-library/cmd/mocks/hadolintClient.go:26.119,29.19 2 0
github.com/SAP/jenkins-library/cmd/mocks/hadolintClient.go:29.19,30.54 1 0
github.com/SAP/jenkins-library/cmd/mocks/hadolintClient.go:33.2,34.88 2 0
github.com/SAP/jenkins-library/cmd/mocks/hadolintClient.go:34.88,36.3 1 0
github.com/SAP/jenkins-library/cmd/mocks/hadolintClient.go:36.8,38.3 1 0
github.com/SAP/jenkins-library/cmd/mocks/hadolintClient.go:40.2,40.11 1 0
github.com/SAP/jenkins-library/cmd/mocks/hadolintClient.go:53.163,55.2 1 0
github.com/SAP/jenkins-library/cmd/mocks/hadolintClient.go:57.166,58.40 1 0
github.com/SAP/jenkins-library/cmd/mocks/hadolintClient.go:58.40,60.3 1 0
github.com/SAP/jenkins-library/cmd/mocks/hadolintClient.go:61.2,61.11 1 0
github.com/SAP/jenkins-library/cmd/mocks/hadolintClient.go:64.97,67.2 2 0
github.com/SAP/jenkins-library/cmd/mocks/hadolintClient.go:69.153,72.2 2 0
github.com/SAP/jenkins-library/cmd/mocks/hadolintClient.go:75.69,77.2 1 0
github.com/SAP/jenkins-library/cmd/mocks/hadolintClient.go:86.100,88.2 1 0
github.com/SAP/jenkins-library/cmd/mocks/hadolintClient.go:90.120,91.40 1 0
github.com/SAP/jenkins-library/cmd/mocks/hadolintClient.go:91.40,93.3 1 0
github.com/SAP/jenkins-library/cmd/mocks/hadolintClient.go:94.2,94.11 1 0
github.com/SAP/jenkins-library/cmd/mocks/hadolintClient.go:97.84,100.2 2 0
github.com/SAP/jenkins-library/cmd/mocks/hadolintClient.go:102.121,105.2 2 0
github.com/SAP/jenkins-library/cmd/mocks/hadolintClient.go:112.20,116.19 3 0
github.com/SAP/jenkins-library/cmd/mocks/hadolintClient.go:116.19,116.49 1 0
github.com/SAP/jenkins-library/cmd/mocks/hadolintClient.go:118.2,118.13 1 0
github.com/SAP/jenkins-library/cmd/mocks/hadolintPiperFileUtils.go:20.77,22.2 1 0
github.com/SAP/jenkins-library/cmd/mocks/hadolintPiperFileUtils.go:25.77,28.19 2 0
github.com/SAP/jenkins-library/cmd/mocks/hadolintPiperFileUtils.go:28.19,29.52 1 0
github.com/SAP/jenkins-library/cmd/mocks/hadolintPiperFileUtils.go:32.2,34.59 3 0
github.com/SAP/jenkins-library/cmd/mocks/hadolintPiperFileUtils.go:34.59,36.3 1 0
github.com/SAP/jenkins-library/cmd/mocks/hadolintPiperFileUtils.go:37.2,37.50 1 0
github.com/SAP/jenkins-library/cmd/mocks/hadolintPiperFileUtils.go:37.50,39.3 1 0
github.com/SAP/jenkins-library/cmd/mocks/hadolintPiperFileUtils.go:39.8,41.3 1 0
github.com/SAP/jenkins-library/cmd/mocks/hadolintPiperFileUtils.go:43.2,43.51 1 0
github.com/SAP/jenkins-library/cmd/mocks/hadolintPiperFileUtils.go:43.51,45.3 1 0
github.com/SAP/jenkins-library/cmd/mocks/hadolintPiperFileUtils.go:45.8,47.3 1 0
github.com/SAP/jenkins-library/cmd/mocks/hadolintPiperFileUtils.go:49.2,49.15 1 0
github.com/SAP/jenkins-library/cmd/mocks/hadolintPiperFileUtils.go:59.117,61.2 1 0
github.com/SAP/jenkins-library/cmd/mocks/hadolintPiperFileUtils.go:63.122,64.40 1 0
github.com/SAP/jenkins-library/cmd/mocks/hadolintPiperFileUtils.go:64.40,66.3 1 0
github.com/SAP/jenkins-library/cmd/mocks/hadolintPiperFileUtils.go:67.2,67.11 1 0
github.com/SAP/jenkins-library/cmd/mocks/hadolintPiperFileUtils.go:70.119,73.2 2 0
github.com/SAP/jenkins-library/cmd/mocks/hadolintPiperFileUtils.go:75.136,78.2 2 0
github.com/SAP/jenkins-library/cmd/mocks/hadolintPiperFileUtils.go:81.99,84.19 2 0
github.com/SAP/jenkins-library/cmd/mocks/hadolintPiperFileUtils.go:84.19,85.51 1 0
github.com/SAP/jenkins-library/cmd/mocks/hadolintPiperFileUtils.go:88.2,89.72 2 0
github.com/SAP/jenkins-library/cmd/mocks/hadolintPiperFileUtils.go:89.72,91.3 1 0
github.com/SAP/jenkins-library/cmd/mocks/hadolintPiperFileUtils.go:91.8,93.3 1 0
github.com/SAP/jenkins-library/cmd/mocks/hadolintPiperFileUtils.go:95.2,95.11 1 0
github.com/SAP/jenkins-library/cmd/mocks/hadolintPiperFileUtils.go:107.151,109.2 1 0
github.com/SAP/jenkins-library/cmd/mocks/hadolintPiperFileUtils.go:111.151,112.40 1 0
github.com/SAP/jenkins-library/cmd/mocks/hadolintPiperFileUtils.go:112.40,114.3 1 0
github.com/SAP/jenkins-library/cmd/mocks/hadolintPiperFileUtils.go:115.2,115.11 1 0
github.com/SAP/jenkins-library/cmd/mocks/hadolintPiperFileUtils.go:118.107,121.2 2 0
github.com/SAP/jenkins-library/cmd/mocks/hadolintPiperFileUtils.go:123.147,126.2 2 0
github.com/SAP/jenkins-library/cmd/mocks/hadolintPiperFileUtils.go:129.99,132.19 2 0
github.com/SAP/jenkins-library/cmd/mocks/hadolintPiperFileUtils.go:132.19,133.51 1 0
github.com/SAP/jenkins-library/cmd/mocks/hadolintPiperFileUtils.go:136.2,137.72 2 0
github.com/SAP/jenkins-library/cmd/mocks/hadolintPiperFileUtils.go:137.72,139.3 1 0
github.com/SAP/jenkins-library/cmd/mocks/hadolintPiperFileUtils.go:139.8,141.3 1 0
github.com/SAP/jenkins-library/cmd/mocks/hadolintPiperFileUtils.go:143.2,143.11 1 0
github.com/SAP/jenkins-library/cmd/mocks/hadolintPiperFileUtils.go:155.151,157.2 1 0
github.com/SAP/jenkins-library/cmd/mocks/hadolintPiperFileUtils.go:159.151,160.40 1 0
github.com/SAP/jenkins-library/cmd/mocks/hadolintPiperFileUtils.go:160.40,162.3 1 0
github.com/SAP/jenkins-library/cmd/mocks/hadolintPiperFileUtils.go:163.2,163.11 1 0
github.com/SAP/jenkins-library/cmd/mocks/hadolintPiperFileUtils.go:166.107,169.2 2 0
github.com/SAP/jenkins-library/cmd/mocks/hadolintPiperFileUtils.go:171.147,174.2 2 0
github.com/SAP/jenkins-library/cmd/mocks/hadolintPiperFileUtils.go:181.28,185.19 3 0
github.com/SAP/jenkins-library/cmd/mocks/hadolintPiperFileUtils.go:185.19,185.49 1 0
github.com/SAP/jenkins-library/cmd/mocks/hadolintPiperFileUtils.go:187.2,187.13 1 0
github.com/SAP/jenkins-library/cmd/abapAddonAssemblyKitCheck.go:12.189,17.16 4 0
github.com/SAP/jenkins-library/cmd/abapAddonAssemblyKitCheck.go:17.16,20.3 2 0
github.com/SAP/jenkins-library/cmd/abapAddonAssemblyKitCheck.go:23.185,30.245 5 1
github.com/SAP/jenkins-library/cmd/abapAddonAssemblyKitCheck.go:30.245,32.3 1 0
github.com/SAP/jenkins-library/cmd/abapAddonAssemblyKitCheck.go:34.2,36.16 3 1
github.com/SAP/jenkins-library/cmd/abapAddonAssemblyKitCheck.go:36.16,38.3 1 0
github.com/SAP/jenkins-library/cmd/abapAddonAssemblyKitCheck.go:39.2,41.16 3 1
github.com/SAP/jenkins-library/cmd/abapAddonAssemblyKitCheck.go:41.16,43.3 1 1
github.com/SAP/jenkins-library/cmd/abapAddonAssemblyKitCheck.go:44.2,47.57 3 1
github.com/SAP/jenkins-library/cmd/abapAddonAssemblyKitCheck.go:47.57,49.3 1 0
github.com/SAP/jenkins-library/cmd/abapAddonAssemblyKitCheck.go:50.2,58.12 8 1
github.com/SAP/jenkins-library/cmd/abapAddonAssemblyKitCheck.go:61.65,69.34 8 1
github.com/SAP/jenkins-library/cmd/abapAddonAssemblyKitCheck.go:69.34,71.3 1 1
github.com/SAP/jenkins-library/cmd/abapAddonAssemblyKitCheck.go:72.2,72.76 1 1
github.com/SAP/jenkins-library/cmd/abapAddonAssemblyKitCheck.go:75.83,82.52 7 1
github.com/SAP/jenkins-library/cmd/abapAddonAssemblyKitCheck.go:82.52,84.3 1 1
github.com/SAP/jenkins-library/cmd/abapAddonAssemblyKitCheck.go:85.2,85.120 1 1
github.com/SAP/jenkins-library/cmd/abapAddonAssemblyKitCheck.go:88.88,93.121 5 1
github.com/SAP/jenkins-library/cmd/abapAddonAssemblyKitCheck.go:93.121,95.3 1 0
github.com/SAP/jenkins-library/cmd/abapAddonAssemblyKitCheckCVs.go:12.176,15.78 3 0
github.com/SAP/jenkins-library/cmd/abapAddonAssemblyKitCheckCVs.go:15.78,18.3 2 0
github.com/SAP/jenkins-library/cmd/abapAddonAssemblyKitCheckCVs.go:21.173,29.211 5 1
github.com/SAP/jenkins-library/cmd/abapAddonAssemblyKitCheckCVs.go:29.211,31.3 1 0
github.com/SAP/jenkins-library/cmd/abapAddonAssemblyKitCheckCVs.go:33.2,35.16 3 1
github.com/SAP/jenkins-library/cmd/abapAddonAssemblyKitCheckCVs.go:35.16,37.3 1 1
github.com/SAP/jenkins-library/cmd/abapAddonAssemblyKitCheckCVs.go:39.2,39.52 1 1
github.com/SAP/jenkins-library/cmd/abapAddonAssemblyKitCheckCVs.go:39.52,41.108 2 1
github.com/SAP/jenkins-library/cmd/abapAddonAssemblyKitCheckCVs.go:41.108,43.4 1 0
github.com/SAP/jenkins-library/cmd/abapAddonAssemblyKitCheckCVs.go:44.3,44.53 1 1
github.com/SAP/jenkins-library/cmd/abapAddonAssemblyKitCheckCVs.go:44.53,46.4 1 1
github.com/SAP/jenkins-library/cmd/abapAddonAssemblyKitCheckCVs.go:47.3,52.49 4 1
github.com/SAP/jenkins-library/cmd/abapAddonAssemblyKitCheckCVs.go:52.49,54.4 1 1
github.com/SAP/jenkins-library/cmd/abapAddonAssemblyKitCheckCVs.go:61.2,62.47 2 1
github.com/SAP/jenkins-library/cmd/abapAddonAssemblyKitCheckCVs.go:62.47,64.3 1 1
github.com/SAP/jenkins-library/cmd/abapAddonAssemblyKitCheckCVs.go:64.8,66.3 1 0
github.com/SAP/jenkins-library/cmd/abapAddonAssemblyKitCheckCVs.go:67.2,70.12 4 1
github.com/SAP/jenkins-library/cmd/abapAddonAssemblyKitCheckCVs.go:74.163,77.2 2 1
github.com/SAP/jenkins-library/cmd/abapAddonAssemblyKitCheckCVs_generated.go:37.100,47.32 3 0
github.com/SAP/jenkins-library/cmd/abapAddonAssemblyKitCheckCVs_generated.go:47.32,49.17 2 0
github.com/SAP/jenkins-library/cmd/abapAddonAssemblyKitCheckCVs_generated.go:49.17,52.4 2 0
github.com/SAP/jenkins-library/cmd/abapAddonAssemblyKitCheckCVs_generated.go:54.2,54.18 1 0
github.com/SAP/jenkins-library/cmd/abapAddonAssemblyKitCheckCVs_generated.go:54.18,56.3 1 0
github.com/SAP/jenkins-library/cmd/abapAddonAssemblyKitCheckCVs_generated.go:60.59,80.55 9 1
github.com/SAP/jenkins-library/cmd/abapAddonAssemblyKitCheckCVs_generated.go:80.55,88.18 6 0
github.com/SAP/jenkins-library/cmd/abapAddonAssemblyKitCheckCVs_generated.go:88.18,90.5 1 0
github.com/SAP/jenkins-library/cmd/abapAddonAssemblyKitCheckCVs_generated.go:91.4,95.18 4 0
github.com/SAP/jenkins-library/cmd/abapAddonAssemblyKitCheckCVs_generated.go:95.18,98.5 2 0
github.com/SAP/jenkins-library/cmd/abapAddonAssemblyKitCheckCVs_generated.go:99.4,104.58 5 0
github.com/SAP/jenkins-library/cmd/abapAddonAssemblyKitCheckCVs_generated.go:104.58,107.5 2 0
github.com/SAP/jenkins-library/cmd/abapAddonAssemblyKitCheckCVs_generated.go:109.4,109.126 1 0
github.com/SAP/jenkins-library/cmd/abapAddonAssemblyKitCheckCVs_generated.go:109.126,113.5 3 0
github.com/SAP/jenkins-library/cmd/abapAddonAssemblyKitCheckCVs_generated.go:115.4,115.86 1 0
github.com/SAP/jenkins-library/cmd/abapAddonAssemblyKitCheckCVs_generated.go:115.86,117.5 1 0
github.com/SAP/jenkins-library/cmd/abapAddonAssemblyKitCheckCVs_generated.go:119.4,120.18 2 0
github.com/SAP/jenkins-library/cmd/abapAddonAssemblyKitCheckCVs_generated.go:120.18,122.5 1 0
github.com/SAP/jenkins-library/cmd/abapAddonAssemblyKitCheckCVs_generated.go:123.4,123.63 1 0
github.com/SAP/jenkins-library/cmd/abapAddonAssemblyKitCheckCVs_generated.go:123.63,126.5 2 0
github.com/SAP/jenkins-library/cmd/abapAddonAssemblyKitCheckCVs_generated.go:128.4,128.14 1 0
github.com/SAP/jenkins-library/cmd/abapAddonAssemblyKitCheckCVs_generated.go:130.43,132.26 2 0
github.com/SAP/jenkins-library/cmd/abapAddonAssemblyKitCheckCVs_generated.go:132.26,134.5 1 0
github.com/SAP/jenkins-library/cmd/abapAddonAssemblyKitCheckCVs_generated.go:136.4,138.22 3 0
github.com/SAP/jenkins-library/cmd/abapAddonAssemblyKitCheckCVs_generated.go:138.22,146.59 8 0
github.com/SAP/jenkins-library/cmd/abapAddonAssemblyKitCheckCVs_generated.go:146.59,153.6 2 0
github.com/SAP/jenkins-library/cmd/abapAddonAssemblyKitCheckCVs_generated.go:154.5,154.73 1 0
github.com/SAP/jenkins-library/cmd/abapAddonAssemblyKitCheckCVs_generated.go:154.73,161.6 2 0
github.com/SAP/jenkins-library/cmd/abapAddonAssemblyKitCheckCVs_generated.go:162.5,162.57 1 0
github.com/SAP/jenkins-library/cmd/abapAddonAssemblyKitCheckCVs_generated.go:162.57,171.20 2 0
github.com/SAP/jenkins-library/cmd/abapAddonAssemblyKitCheckCVs_generated.go:171.20,173.7 1 0
github.com/SAP/jenkins-library/cmd/abapAddonAssemblyKitCheckCVs_generated.go:176.4,181.31 6 0
github.com/SAP/jenkins-library/cmd/abapAddonAssemblyKitCheckCVs_generated.go:185.2,186.46 2 1
github.com/SAP/jenkins-library/cmd/abapAddonAssemblyKitCheckCVs_generated.go:189.112,200.2 9 1
github.com/SAP/jenkins-library/cmd/abapAddonAssemblyKitCheckCVs_generated.go:203.61,314.2 2 1
github.com/SAP/jenkins-library/cmd/abapAddonAssemblyKitCheckPV.go:12.173,15.76 3 0
github.com/SAP/jenkins-library/cmd/abapAddonAssemblyKitCheckPV.go:15.76,18.3 2 0
github.com/SAP/jenkins-library/cmd/abapAddonAssemblyKitCheckPV.go:20.169,27.210 5 1
github.com/SAP/jenkins-library/cmd/abapAddonAssemblyKitCheckPV.go:27.210,29.3 1 0
github.com/SAP/jenkins-library/cmd/abapAddonAssemblyKitCheckPV.go:31.2,33.16 3 1
github.com/SAP/jenkins-library/cmd/abapAddonAssemblyKitCheckPV.go:33.16,35.3 1 1
github.com/SAP/jenkins-library/cmd/abapAddonAssemblyKitCheckPV.go:37.2,38.75 2 1
github.com/SAP/jenkins-library/cmd/abapAddonAssemblyKitCheckPV.go:38.75,40.3 1 0
github.com/SAP/jenkins-library/cmd/abapAddonAssemblyKitCheckPV.go:41.2,41.60 1 1
github.com/SAP/jenkins-library/cmd/abapAddonAssemblyKitCheckPV.go:41.60,43.3 1 1
github.com/SAP/jenkins-library/cmd/abapAddonAssemblyKitCheckPV.go:44.2,51.47 3 1
github.com/SAP/jenkins-library/cmd/abapAddonAssemblyKitCheckPV.go:51.47,53.3 1 1
github.com/SAP/jenkins-library/cmd/abapAddonAssemblyKitCheckPV.go:53.8,55.3 1 0
github.com/SAP/jenkins-library/cmd/abapAddonAssemblyKitCheckPV.go:56.2,64.121 8 1
github.com/SAP/jenkins-library/cmd/abapAddonAssemblyKitCheckPV.go:64.121,66.3 1 0
github.com/SAP/jenkins-library/cmd/abapAddonAssemblyKitCheckPV.go:68.2,68.12 1 1
github.com/SAP/jenkins-library/cmd/abapAddonAssemblyKitCheckPV_generated.go:37.99,47.32 3 0
github.com/SAP/jenkins-library/cmd/abapAddonAssemblyKitCheckPV_generated.go:47.32,49.17 2 0
github.com/SAP/jenkins-library/cmd/abapAddonAssemblyKitCheckPV_generated.go:49.17,52.4 2 0
github.com/SAP/jenkins-library/cmd/abapAddonAssemblyKitCheckPV_generated.go:54.2,54.18 1 0
github.com/SAP/jenkins-library/cmd/abapAddonAssemblyKitCheckPV_generated.go:54.18,56.3 1 0
github.com/SAP/jenkins-library/cmd/abapAddonAssemblyKitCheckPV_generated.go:60.58,80.55 9 1
github.com/SAP/jenkins-library/cmd/abapAddonAssemblyKitCheckPV_generated.go:80.55,88.18 6 0
github.com/SAP/jenkins-library/cmd/abapAddonAssemblyKitCheckPV_generated.go:88.18,90.5 1 0
github.com/SAP/jenkins-library/cmd/abapAddonAssemblyKitCheckPV_generated.go:91.4,95.18 4 0
github.com/SAP/jenkins-library/cmd/abapAddonAssemblyKitCheckPV_generated.go:95.18,98.5 2 0
github.com/SAP/jenkins-library/cmd/abapAddonAssemblyKitCheckPV_generated.go:99.4,104.58 5 0
github.com/SAP/jenkins-library/cmd/abapAddonAssemblyKitCheckPV_generated.go:104.58,107.5 2 0
github.com/SAP/jenkins-library/cmd/abapAddonAssemblyKitCheckPV_generated.go:109.4,109.126 1 0
github.com/SAP/jenkins-library/cmd/abapAddonAssemblyKitCheckPV_generated.go:109.126,113.5 3 0
github.com/SAP/jenkins-library/cmd/abapAddonAssemblyKitCheckPV_generated.go:115.4,115.86 1 0
github.com/SAP/jenkins-library/cmd/abapAddonAssemblyKitCheckPV_generated.go:115.86,117.5 1 0
github.com/SAP/jenkins-library/cmd/abapAddonAssemblyKitCheckPV_generated.go:119.4,120.18 2 0
github.com/SAP/jenkins-library/cmd/abapAddonAssemblyKitCheckPV_generated.go:120.18,122.5 1 0
github.com/SAP/jenkins-library/cmd/abapAddonAssemblyKitCheckPV_generated.go:123.4,123.63 1 0
github.com/SAP/jenkins-library/cmd/abapAddonAssemblyKitCheckPV_generated.go:123.63,126.5 2 0
github.com/SAP/jenkins-library/cmd/abapAddonAssemblyKitCheckPV_generated.go:128.4,128.14 1 0
github.com/SAP/jenkins-library/cmd/abapAddonAssemblyKitCheckPV_generated.go:130.43,132.26 2 0
github.com/SAP/jenkins-library/cmd/abapAddonAssemblyKitCheckPV_generated.go:132.26,134.5 1 0
github.com/SAP/jenkins-library/cmd/abapAddonAssemblyKitCheckPV_generated.go:136.4,138.22 3 0
github.com/SAP/jenkins-library/cmd/abapAddonAssemblyKitCheckPV_generated.go:138.22,146.59 8 0
github.com/SAP/jenkins-library/cmd/abapAddonAssemblyKitCheckPV_generated.go:146.59,153.6 2 0
github.com/SAP/jenkins-library/cmd/abapAddonAssemblyKitCheckPV_generated.go:154.5,154.73 1 0
github.com/SAP/jenkins-library/cmd/abapAddonAssemblyKitCheckPV_generated.go:154.73,161.6 2 0
github.com/SAP/jenkins-library/cmd/abapAddonAssemblyKitCheckPV_generated.go:162.5,162.57 1 0
github.com/SAP/jenkins-library/cmd/abapAddonAssemblyKitCheckPV_generated.go:162.57,171.20 2 0
github.com/SAP/jenkins-library/cmd/abapAddonAssemblyKitCheckPV_generated.go:171.20,173.7 1 0
github.com/SAP/jenkins-library/cmd/abapAddonAssemblyKitCheckPV_generated.go:176.4,181.31 6 0
github.com/SAP/jenkins-library/cmd/abapAddonAssemblyKitCheckPV_generated.go:185.2,186.45 2 1
github.com/SAP/jenkins-library/cmd/abapAddonAssemblyKitCheckPV_generated.go:189.110,200.2 9 1
github.com/SAP/jenkins-library/cmd/abapAddonAssemblyKitCheckPV_generated.go:203.60,314.2 2 1
github.com/SAP/jenkins-library/cmd/abapAddonAssemblyKitCheck_generated.go:38.97,48.32 3 0
github.com/SAP/jenkins-library/cmd/abapAddonAssemblyKitCheck_generated.go:48.32,50.17 2 0
github.com/SAP/jenkins-library/cmd/abapAddonAssemblyKitCheck_generated.go:50.17,53.4 2 0
github.com/SAP/jenkins-library/cmd/abapAddonAssemblyKitCheck_generated.go:55.2,55.18 1 0
github.com/SAP/jenkins-library/cmd/abapAddonAssemblyKitCheck_generated.go:55.18,57.3 1 0
github.com/SAP/jenkins-library/cmd/abapAddonAssemblyKitCheck_generated.go:61.56,82.55 9 1
github.com/SAP/jenkins-library/cmd/abapAddonAssemblyKitCheck_generated.go:82.55,90.18 6 0
github.com/SAP/jenkins-library/cmd/abapAddonAssemblyKitCheck_generated.go:90.18,92.5 1 0
github.com/SAP/jenkins-library/cmd/abapAddonAssemblyKitCheck_generated.go:93.4,97.18 4 0
github.com/SAP/jenkins-library/cmd/abapAddonAssemblyKitCheck_generated.go:97.18,100.5 2 0
github.com/SAP/jenkins-library/cmd/abapAddonAssemblyKitCheck_generated.go:101.4,107.58 6 0
github.com/SAP/jenkins-library/cmd/abapAddonAssemblyKitCheck_generated.go:107.58,110.5 2 0
github.com/SAP/jenkins-library/cmd/abapAddonAssemblyKitCheck_generated.go:112.4,112.126 1 0
github.com/SAP/jenkins-library/cmd/abapAddonAssemblyKitCheck_generated.go:112.126,116.5 3 0
github.com/SAP/jenkins-library/cmd/abapAddonAssemblyKitCheck_generated.go:118.4,118.86 1 0
github.com/SAP/jenkins-library/cmd/abapAddonAssemblyKitCheck_generated.go:118.86,120.5 1 0
github.com/SAP/jenkins-library/cmd/abapAddonAssemblyKitCheck_generated.go:122.4,123.18 2 0
github.com/SAP/jenkins-library/cmd/abapAddonAssemblyKitCheck_generated.go:123.18,125.5 1 0
github.com/SAP/jenkins-library/cmd/abapAddonAssemblyKitCheck_generated.go:126.4,126.63 1 0
github.com/SAP/jenkins-library/cmd/abapAddonAssemblyKitCheck_generated.go:126.63,129.5 2 0
github.com/SAP/jenkins-library/cmd/abapAddonAssemblyKitCheck_generated.go:131.4,131.14 1 0
github.com/SAP/jenkins-library/cmd/abapAddonAssemblyKitCheck_generated.go:133.43,135.26 2 0
github.com/SAP/jenkins-library/cmd/abapAddonAssemblyKitCheck_generated.go:135.26,137.5 1 0
github.com/SAP/jenkins-library/cmd/abapAddonAssemblyKitCheck_generated.go:139.4,141.22 3 0
github.com/SAP/jenkins-library/cmd/abapAddonAssemblyKitCheck_generated.go:141.22,149.59 8 0
github.com/SAP/jenkins-library/cmd/abapAddonAssemblyKitCheck_generated.go:149.59,156.6 2 0
github.com/SAP/jenkins-library/cmd/abapAddonAssemblyKitCheck_generated.go:157.5,157.73 1 0
github.com/SAP/jenkins-library/cmd/abapAddonAssemblyKitCheck_generated.go:157.73,164.6 2 0
github.com/SAP/jenkins-library/cmd/abapAddonAssemblyKitCheck_generated.go:165.5,165.57 1 0
github.com/SAP/jenkins-library/cmd/abapAddonAssemblyKitCheck_generated.go:165.57,174.20 2 0
github.com/SAP/jenkins-library/cmd/abapAddonAssemblyKitCheck_generated.go:174.20,176.7 1 0
github.com/SAP/jenkins-library/cmd/abapAddonAssemblyKitCheck_generated.go:179.4,184.31 6 0
github.com/SAP/jenkins-library/cmd/abapAddonAssemblyKitCheck_generated.go:188.2,189.43 2 1
github.com/SAP/jenkins-library/cmd/abapAddonAssemblyKitCheck_generated.go:192.106,204.2 10 1
github.com/SAP/jenkins-library/cmd/abapAddonAssemblyKitCheck_generated.go:207.58,327.2 2 1
github.com/SAP/jenkins-library/cmd/abapAddonAssemblyKitCreateTargetVector.go:14.206,26.16 7 0
github.com/SAP/jenkins-library/cmd/abapAddonAssemblyKitCreateTargetVector.go:26.16,29.3 2 0
github.com/SAP/jenkins-library/cmd/abapAddonAssemblyKitCreateTargetVector.go:32.204,34.246 2 1
github.com/SAP/jenkins-library/cmd/abapAddonAssemblyKitCreateTargetVector.go:34.246,36.3 1 0
github.com/SAP/jenkins-library/cmd/abapAddonAssemblyKitCreateTargetVector.go:38.2,39.83 2 1
github.com/SAP/jenkins-library/cmd/abapAddonAssemblyKitCreateTargetVector.go:39.83,41.3 1 0
github.com/SAP/jenkins-library/cmd/abapAddonAssemblyKitCreateTargetVector.go:43.2,44.52 2 1
github.com/SAP/jenkins-library/cmd/abapAddonAssemblyKitCreateTargetVector.go:44.52,46.3 1 1
github.com/SAP/jenkins-library/cmd/abapAddonAssemblyKitCreateTargetVector.go:48.2,49.52 2 1
github.com/SAP/jenkins-library/cmd/abapAddonAssemblyKitCreateTargetVector.go:49.52,51.3 1 1
github.com/SAP/jenkins-library/cmd/abapAddonAssemblyKitCreateTargetVector.go:53.2,58.12 5 1
github.com/SAP/jenkins-library/cmd/abapAddonAssemblyKitCreateTargetVector_generated.go:37.110,47.32 3 0
github.com/SAP/jenkins-library/cmd/abapAddonAssemblyKitCreateTargetVector_generated.go:47.32,49.17 2 0
github.com/SAP/jenkins-library/cmd/abapAddonAssemblyKitCreateTargetVector_generated.go:49.17,52.4 2 0
github.com/SAP/jenkins-library/cmd/abapAddonAssemblyKitCreateTargetVector_generated.go:54.2,54.18 1 0
github.com/SAP/jenkins-library/cmd/abapAddonAssemblyKitCreateTargetVector_generated.go:54.18,56.3 1 0
github.com/SAP/jenkins-library/cmd/abapAddonAssemblyKitCreateTargetVector_generated.go:60.69,81.55 9 1
github.com/SAP/jenkins-library/cmd/abapAddonAssemblyKitCreateTargetVector_generated.go:81.55,89.18 6 0
github.com/SAP/jenkins-library/cmd/abapAddonAssemblyKitCreateTargetVector_generated.go:89.18,91.5 1 0
github.com/SAP/jenkins-library/cmd/abapAddonAssemblyKitCreateTargetVector_generated.go:92.4,96.18 4 0
github.com/SAP/jenkins-library/cmd/abapAddonAssemblyKitCreateTargetVector_generated.go:96.18,99.5 2 0
github.com/SAP/jenkins-library/cmd/abapAddonAssemblyKitCreateTargetVector_generated.go:100.4,106.58 6 0
github.com/SAP/jenkins-library/cmd/abapAddonAssemblyKitCreateTargetVector_generated.go:106.58,109.5 2 0
github.com/SAP/jenkins-library/cmd/abapAddonAssemblyKitCreateTargetVector_generated.go:111.4,111.126 1 0
github.com/SAP/jenkins-library/cmd/abapAddonAssemblyKitCreateTargetVector_generated.go:111.126,115.5 3 0
github.com/SAP/jenkins-library/cmd/abapAddonAssemblyKitCreateTargetVector_generated.go:117.4,117.86 1 0
github.com/SAP/jenkins-library/cmd/abapAddonAssemblyKitCreateTargetVector_generated.go:117.86,119.5 1 0
github.com/SAP/jenkins-library/cmd/abapAddonAssemblyKitCreateTargetVector_generated.go:121.4,122.18 2 0
github.com/SAP/jenkins-library/cmd/abapAddonAssemblyKitCreateTargetVector_generated.go:122.18,124.5 1 0
github.com/SAP/jenkins-library/cmd/abapAddonAssemblyKitCreateTargetVector_generated.go:125.4,125.63 1 0
github.com/SAP/jenkins-library/cmd/abapAddonAssemblyKitCreateTargetVector_generated.go:125.63,128.5 2 0
github.com/SAP/jenkins-library/cmd/abapAddonAssemblyKitCreateTargetVector_generated.go:130.4,130.14 1 0
github.com/SAP/jenkins-library/cmd/abapAddonAssemblyKitCreateTargetVector_generated.go:132.43,134.26 2 0
github.com/SAP/jenkins-library/cmd/abapAddonAssemblyKitCreateTargetVector_generated.go:134.26,136.5 1 0
github.com/SAP/jenkins-library/cmd/abapAddonAssemblyKitCreateTargetVector_generated.go:138.4,140.22 3 0
github.com/SAP/jenkins-library/cmd/abapAddonAssemblyKitCreateTargetVector_generated.go:140.22,148.59 8 0
github.com/SAP/jenkins-library/cmd/abapAddonAssemblyKitCreateTargetVector_generated.go:148.59,155.6 2 0
github.com/SAP/jenkins-library/cmd/abapAddonAssemblyKitCreateTargetVector_generated.go:156.5,156.73 1 0
github.com/SAP/jenkins-library/cmd/abapAddonAssemblyKitCreateTargetVector_generated.go:156.73,163.6 2 0
github.com/SAP/jenkins-library/cmd/abapAddonAssemblyKitCreateTargetVector_generated.go:164.5,164.57 1 0
github.com/SAP/jenkins-library/cmd/abapAddonAssemblyKitCreateTargetVector_generated.go:164.57,173.20 2 0
github.com/SAP/jenkins-library/cmd/abapAddonAssemblyKitCreateTargetVector_generated.go:173.20,175.7 1 0
github.com/SAP/jenkins-library/cmd/abapAddonAssemblyKitCreateTargetVector_generated.go:178.4,183.31 6 0
github.com/SAP/jenkins-library/cmd/abapAddonAssemblyKitCreateTargetVector_generated.go:187.2,188.56 2 1
github.com/SAP/jenkins-library/cmd/abapAddonAssemblyKitCreateTargetVector_generated.go:191.132,202.2 9 1
github.com/SAP/jenkins-library/cmd/abapAddonAssemblyKitCreateTargetVector_generated.go:205.71,316.2 2 1
github.com/SAP/jenkins-library/cmd/abapAddonAssemblyKitPublishTargetVector.go:14.138,18.84 3 0
github.com/SAP/jenkins-library/cmd/abapAddonAssemblyKitPublishTargetVector.go:18.84,21.3 2 0
github.com/SAP/jenkins-library/cmd/abapAddonAssemblyKitPublishTargetVector.go:24.135,27.246 2 1
github.com/SAP/jenkins-library/cmd/abapAddonAssemblyKitPublishTargetVector.go:27.246,29.3 1 1
github.com/SAP/jenkins-library/cmd/abapAddonAssemblyKitPublishTargetVector.go:30.2,34.83 4 1
github.com/SAP/jenkins-library/cmd/abapAddonAssemblyKitPublishTargetVector.go:34.83,36.3 1 0
github.com/SAP/jenkins-library/cmd/abapAddonAssemblyKitPublishTargetVector.go:38.2,38.42 1 1
github.com/SAP/jenkins-library/cmd/abapAddonAssemblyKitPublishTargetVector.go:38.42,40.3 1 0
github.com/SAP/jenkins-library/cmd/abapAddonAssemblyKitPublishTargetVector.go:41.2,44.34 3 1
github.com/SAP/jenkins-library/cmd/abapAddonAssemblyKitPublishTargetVector.go:45.45,46.93 1 1
github.com/SAP/jenkins-library/cmd/abapAddonAssemblyKitPublishTargetVector.go:47.51,48.99 1 1
github.com/SAP/jenkins-library/cmd/abapAddonAssemblyKitPublishTargetVector.go:49.10,50.111 1 0
github.com/SAP/jenkins-library/cmd/abapAddonAssemblyKitPublishTargetVector.go:53.2,53.116 1 1
github.com/SAP/jenkins-library/cmd/abapAddonAssemblyKitPublishTargetVector.go:53.116,55.3 1 1
github.com/SAP/jenkins-library/cmd/abapAddonAssemblyKitPublishTargetVector.go:57.2,58.110 2 1
github.com/SAP/jenkins-library/cmd/abapAddonAssemblyKitPublishTargetVector.go:58.110,60.3 1 0
github.com/SAP/jenkins-library/cmd/abapAddonAssemblyKitPublishTargetVector.go:62.2,63.12 2 1
github.com/SAP/jenkins-library/cmd/abapAddonAssemblyKitPublishTargetVector_generated.go:33.70,52.55 8 1
github.com/SAP/jenkins-library/cmd/abapAddonAssemblyKitPublishTargetVector_generated.go:52.55,60.18 6 0
github.com/SAP/jenkins-library/cmd/abapAddonAssemblyKitPublishTargetVector_generated.go:60.18,62.5 1 0
github.com/SAP/jenkins-library/cmd/abapAddonAssemblyKitPublishTargetVector_generated.go:63.4,67.18 4 0
github.com/SAP/jenkins-library/cmd/abapAddonAssemblyKitPublishTargetVector_generated.go:67.18,70.5 2 0
github.com/SAP/jenkins-library/cmd/abapAddonAssemblyKitPublishTargetVector_generated.go:71.4,77.58 6 0
github.com/SAP/jenkins-library/cmd/abapAddonAssemblyKitPublishTargetVector_generated.go:77.58,80.5 2 0
github.com/SAP/jenkins-library/cmd/abapAddonAssemblyKitPublishTargetVector_generated.go:82.4,82.126 1 0
github.com/SAP/jenkins-library/cmd/abapAddonAssemblyKitPublishTargetVector_generated.go:82.126,86.5 3 0
github.com/SAP/jenkins-library/cmd/abapAddonAssemblyKitPublishTargetVector_generated.go:88.4,88.86 1 0
github.com/SAP/jenkins-library/cmd/abapAddonAssemblyKitPublishTargetVector_generated.go:88.86,90.5 1 0
github.com/SAP/jenkins-library/cmd/abapAddonAssemblyKitPublishTargetVector_generated.go:92.4,93.18 2 0
github.com/SAP/jenkins-library/cmd/abapAddonAssemblyKitPublishTargetVector_generated.go:93.18,95.5 1 0
github.com/SAP/jenkins-library/cmd/abapAddonAssemblyKitPublishTargetVector_generated.go:96.4,96.63 1 0
github.com/SAP/jenkins-library/cmd/abapAddonAssemblyKitPublishTargetVector_generated.go:96.63,99.5 2 0
github.com/SAP/jenkins-library/cmd/abapAddonAssemblyKitPublishTargetVector_generated.go:101.4,101.14 1 0
github.com/SAP/jenkins-library/cmd/abapAddonAssemblyKitPublishTargetVector_generated.go:103.43,105.26 2 0
github.com/SAP/jenkins-library/cmd/abapAddonAssemblyKitPublishTargetVector_generated.go:105.26,107.5 1 0
github.com/SAP/jenkins-library/cmd/abapAddonAssemblyKitPublishTargetVector_generated.go:109.4,111.22 3 0
github.com/SAP/jenkins-library/cmd/abapAddonAssemblyKitPublishTargetVector_generated.go:111.22,118.59 7 0
github.com/SAP/jenkins-library/cmd/abapAddonAssemblyKitPublishTargetVector_generated.go:118.59,125.6 2 0
github.com/SAP/jenkins-library/cmd/abapAddonAssemblyKitPublishTargetVector_generated.go:126.5,126.73 1 0
github.com/SAP/jenkins-library/cmd/abapAddonAssemblyKitPublishTargetVector_generated.go:126.73,133.6 2 0
github.com/SAP/jenkins-library/cmd/abapAddonAssemblyKitPublishTargetVector_generated.go:134.5,134.57 1 0
github.com/SAP/jenkins-library/cmd/abapAddonAssemblyKitPublishTargetVector_generated.go:134.57,143.20 2 0
github.com/SAP/jenkins-library/cmd/abapAddonAssemblyKitPublishTargetVector_generated.go:143.20,145.7 1 0
github.com/SAP/jenkins-library/cmd/abapAddonAssemblyKitPublishTargetVector_generated.go:148.4,153.31 6 0
github.com/SAP/jenkins-library/cmd/abapAddonAssemblyKitPublishTargetVector_generated.go:157.2,158.57 2 1
github.com/SAP/jenkins-library/cmd/abapAddonAssemblyKitPublishTargetVector_generated.go:161.134,175.2 12 1
github.com/SAP/jenkins-library/cmd/abapAddonAssemblyKitPublishTargetVector_generated.go:178.72,305.2 2 1
github.com/SAP/jenkins-library/cmd/abapAddonAssemblyKitRegisterPackages.go:18.200,28.95 6 0
github.com/SAP/jenkins-library/cmd/abapAddonAssemblyKitRegisterPackages.go:28.95,31.3 2 0
github.com/SAP/jenkins-library/cmd/abapAddonAssemblyKitRegisterPackages.go:35.97,38.89 2 1
github.com/SAP/jenkins-library/cmd/abapAddonAssemblyKitRegisterPackages.go:38.89,40.3 1 0
github.com/SAP/jenkins-library/cmd/abapAddonAssemblyKitRegisterPackages.go:42.2,43.246 2 1
github.com/SAP/jenkins-library/cmd/abapAddonAssemblyKitRegisterPackages.go:43.246,45.3 1 0
github.com/SAP/jenkins-library/cmd/abapAddonAssemblyKitRegisterPackages.go:47.2,47.88 1 1
github.com/SAP/jenkins-library/cmd/abapAddonAssemblyKitRegisterPackages.go:47.88,49.3 1 1
github.com/SAP/jenkins-library/cmd/abapAddonAssemblyKitRegisterPackages.go:51.2,52.247 2 1
github.com/SAP/jenkins-library/cmd/abapAddonAssemblyKitRegisterPackages.go:52.247,54.3 1 0
github.com/SAP/jenkins-library/cmd/abapAddonAssemblyKitRegisterPackages.go:56.2,58.16 3 1
github.com/SAP/jenkins-library/cmd/abapAddonAssemblyKitRegisterPackages.go:58.16,60.3 1 1
github.com/SAP/jenkins-library/cmd/abapAddonAssemblyKitRegisterPackages.go:62.2,65.12 3 1
github.com/SAP/jenkins-library/cmd/abapAddonAssemblyKitRegisterPackages.go:68.106,69.23 1 1
github.com/SAP/jenkins-library/cmd/abapAddonAssemblyKitRegisterPackages.go:69.23,70.61 1 1
github.com/SAP/jenkins-library/cmd/abapAddonAssemblyKitRegisterPackages.go:70.61,71.37 1 1
github.com/SAP/jenkins-library/cmd/abapAddonAssemblyKitRegisterPackages.go:71.37,73.5 1 1
github.com/SAP/jenkins-library/cmd/abapAddonAssemblyKitRegisterPackages.go:74.4,77.18 4 1
github.com/SAP/jenkins-library/cmd/abapAddonAssemblyKitRegisterPackages.go:77.18,79.5 1 1
github.com/SAP/jenkins-library/cmd/abapAddonAssemblyKitRegisterPackages.go:80.4,81.25 2 1
github.com/SAP/jenkins-library/cmd/abapAddonAssemblyKitRegisterPackages.go:81.25,83.5 1 1
github.com/SAP/jenkins-library/cmd/abapAddonAssemblyKitRegisterPackages.go:84.4,86.18 3 1
github.com/SAP/jenkins-library/cmd/abapAddonAssemblyKitRegisterPackages.go:86.18,88.5 1 1
github.com/SAP/jenkins-library/cmd/abapAddonAssemblyKitRegisterPackages.go:89.4,89.31 1 1
github.com/SAP/jenkins-library/cmd/abapAddonAssemblyKitRegisterPackages.go:90.9,92.4 1 1
github.com/SAP/jenkins-library/cmd/abapAddonAssemblyKitRegisterPackages.go:94.2,94.12 1 1
github.com/SAP/jenkins-library/cmd/abapAddonAssemblyKitRegisterPackages.go:100.42,102.2 1 0
github.com/SAP/jenkins-library/cmd/abapAddonAssemblyKitRegisterPackages.go:104.111,105.23 1 1
github.com/SAP/jenkins-library/cmd/abapAddonAssemblyKitRegisterPackages.go:105.23,108.61 3 1
github.com/SAP/jenkins-library/cmd/abapAddonAssemblyKitRegisterPackages.go:108.61,111.18 3 1
github.com/SAP/jenkins-library/cmd/abapAddonAssemblyKitRegisterPackages.go:111.18,113.5 1 1
github.com/SAP/jenkins-library/cmd/abapAddonAssemblyKitRegisterPackages.go:114.4,116.31 3 1
github.com/SAP/jenkins-library/cmd/abapAddonAssemblyKitRegisterPackages.go:117.9,119.4 1 1
github.com/SAP/jenkins-library/cmd/abapAddonAssemblyKitRegisterPackages.go:121.2,121.19 1 1
github.com/SAP/jenkins-library/cmd/abapAddonAssemblyKitRegisterPackages_generated.go:37.108,47.32 3 0
github.com/SAP/jenkins-library/cmd/abapAddonAssemblyKitRegisterPackages_generated.go:47.32,49.17 2 0
github.com/SAP/jenkins-library/cmd/abapAddonAssemblyKitRegisterPackages_generated.go:49.17,52.4 2 0
github.com/SAP/jenkins-library/cmd/abapAddonAssemblyKitRegisterPackages_generated.go:54.2,54.18 1 0
github.com/SAP/jenkins-library/cmd/abapAddonAssemblyKitRegisterPackages_generated.go:54.18,56.3 1 0
github.com/SAP/jenkins-library/cmd/abapAddonAssemblyKitRegisterPackages_generated.go:60.67,82.55 9 1
github.com/SAP/jenkins-library/cmd/abapAddonAssemblyKitRegisterPackages_generated.go:82.55,90.18 6 0
github.com/SAP/jenkins-library/cmd/abapAddonAssemblyKitRegisterPackages_generated.go:90.18,92.5 1 0
github.com/SAP/jenkins-library/cmd/abapAddonAssemblyKitRegisterPackages_generated.go:93.4,97.18 4 0
github.com/SAP/jenkins-library/cmd/abapAddonAssemblyKitRegisterPackages_generated.go:97.18,100.5 2 0
github.com/SAP/jenkins-library/cmd/abapAddonAssemblyKitRegisterPackages_generated.go:101.4,107.58 6 0
github.com/SAP/jenkins-library/cmd/abapAddonAssemblyKitRegisterPackages_generated.go:107.58,110.5 2 0
github.com/SAP/jenkins-library/cmd/abapAddonAssemblyKitRegisterPackages_generated.go:112.4,112.126 1 0
github.com/SAP/jenkins-library/cmd/abapAddonAssemblyKitRegisterPackages_generated.go:112.126,116.5 3 0
github.com/SAP/jenkins-library/cmd/abapAddonAssemblyKitRegisterPackages_generated.go:118.4,118.86 1 0
github.com/SAP/jenkins-library/cmd/abapAddonAssemblyKitRegisterPackages_generated.go:118.86,120.5 1 0
github.com/SAP/jenkins-library/cmd/abapAddonAssemblyKitRegisterPackages_generated.go:122.4,123.18 2 0
github.com/SAP/jenkins-library/cmd/abapAddonAssemblyKitRegisterPackages_generated.go:123.18,125.5 1 0
github.com/SAP/jenkins-library/cmd/abapAddonAssemblyKitRegisterPackages_generated.go:126.4,126.63 1 0
github.com/SAP/jenkins-library/cmd/abapAddonAssemblyKitRegisterPackages_generated.go:126.63,129.5 2 0
github.com/SAP/jenkins-library/cmd/abapAddonAssemblyKitRegisterPackages_generated.go:131.4,131.14 1 0
github.com/SAP/jenkins-library/cmd/abapAddonAssemblyKitRegisterPackages_generated.go:133.43,135.26 2 0
github.com/SAP/jenkins-library/cmd/abapAddonAssemblyKitRegisterPackages_generated.go:135.26,137.5 1 0
github.com/SAP/jenkins-library/cmd/abapAddonAssemblyKitRegisterPackages_generated.go:139.4,141.22 3 0
github.com/SAP/jenkins-library/cmd/abapAddonAssemblyKitRegisterPackages_generated.go:141.22,149.59 8 0
github.com/SAP/jenkins-library/cmd/abapAddonAssemblyKitRegisterPackages_generated.go:149.59,156.6 2 0
github.com/SAP/jenkins-library/cmd/abapAddonAssemblyKitRegisterPackages_generated.go:157.5,157.73 1 0
github.com/SAP/jenkins-library/cmd/abapAddonAssemblyKitRegisterPackages_generated.go:157.73,164.6 2 0
github.com/SAP/jenkins-library/cmd/abapAddonAssemblyKitRegisterPackages_generated.go:165.5,165.57 1 0
github.com/SAP/jenkins-library/cmd/abapAddonAssemblyKitRegisterPackages_generated.go:165.57,174.20 2 0
github.com/SAP/jenkins-library/cmd/abapAddonAssemblyKitRegisterPackages_generated.go:174.20,176.7 1 0
github.com/SAP/jenkins-library/cmd/abapAddonAssemblyKitRegisterPackages_generated.go:179.4,184.31 6 0
github.com/SAP/jenkins-library/cmd/abapAddonAssemblyKitRegisterPackages_generated.go:188.2,189.54 2 1
github.com/SAP/jenkins-library/cmd/abapAddonAssemblyKitRegisterPackages_generated.go:192.128,203.2 9 1
github.com/SAP/jenkins-library/cmd/abapAddonAssemblyKitRegisterPackages_generated.go:206.69,317.2 2 1
github.com/SAP/jenkins-library/cmd/abapAddonAssemblyKitReleasePackages.go:15.197,19.85 3 0
github.com/SAP/jenkins-library/cmd/abapAddonAssemblyKitReleasePackages.go:19.85,22.3 2 0
github.com/SAP/jenkins-library/cmd/abapAddonAssemblyKitReleasePackages.go:26.75,28.246 2 1
github.com/SAP/jenkins-library/cmd/abapAddonAssemblyKitReleasePackages.go:28.246,30.3 1 0
github.com/SAP/jenkins-library/cmd/abapAddonAssemblyKitReleasePackages.go:31.2,32.89 2 1
github.com/SAP/jenkins-library/cmd/abapAddonAssemblyKitReleasePackages.go:32.89,34.3 1 0
github.com/SAP/jenkins-library/cmd/abapAddonAssemblyKitReleasePackages.go:36.2,37.16 2 1
github.com/SAP/jenkins-library/cmd/abapAddonAssemblyKitReleasePackages.go:37.16,39.3 1 1
github.com/SAP/jenkins-library/cmd/abapAddonAssemblyKitReleasePackages.go:40.2,42.16 3 1
github.com/SAP/jenkins-library/cmd/abapAddonAssemblyKitReleasePackages.go:42.16,44.42 2 1
github.com/SAP/jenkins-library/cmd/abapAddonAssemblyKitReleasePackages.go:44.42,45.81 1 1
github.com/SAP/jenkins-library/cmd/abapAddonAssemblyKitReleasePackages.go:45.81,47.5 1 1
github.com/SAP/jenkins-library/cmd/abapAddonAssemblyKitReleasePackages.go:49.3,49.36 1 1
github.com/SAP/jenkins-library/cmd/abapAddonAssemblyKitReleasePackages.go:49.36,51.4 1 1
github.com/SAP/jenkins-library/cmd/abapAddonAssemblyKitReleasePackages.go:51.9,53.4 1 1
github.com/SAP/jenkins-library/cmd/abapAddonAssemblyKitReleasePackages.go:55.2,58.12 4 1
github.com/SAP/jenkins-library/cmd/abapAddonAssemblyKitReleasePackages.go:61.156,63.41 2 1
github.com/SAP/jenkins-library/cmd/abapAddonAssemblyKitReleasePackages.go:63.41,66.3 2 1
github.com/SAP/jenkins-library/cmd/abapAddonAssemblyKitReleasePackages.go:67.2,67.44 1 1
github.com/SAP/jenkins-library/cmd/abapAddonAssemblyKitReleasePackages.go:67.44,69.3 1 1
github.com/SAP/jenkins-library/cmd/abapAddonAssemblyKitReleasePackages.go:70.2,70.22 1 1
github.com/SAP/jenkins-library/cmd/abapAddonAssemblyKitReleasePackages.go:73.53,74.23 1 1
github.com/SAP/jenkins-library/cmd/abapAddonAssemblyKitReleasePackages.go:74.23,75.33 1 1
github.com/SAP/jenkins-library/cmd/abapAddonAssemblyKitReleasePackages.go:75.33,77.4 1 1
github.com/SAP/jenkins-library/cmd/abapAddonAssemblyKitReleasePackages.go:79.2,79.12 1 1
github.com/SAP/jenkins-library/cmd/abapAddonAssemblyKitReleasePackages.go:82.140,85.23 3 1
github.com/SAP/jenkins-library/cmd/abapAddonAssemblyKitReleasePackages.go:85.23,92.48 4 1
github.com/SAP/jenkins-library/cmd/abapAddonAssemblyKitReleasePackages.go:92.48,94.4 1 1
github.com/SAP/jenkins-library/cmd/abapAddonAssemblyKitReleasePackages.go:94.9,97.4 2 1
github.com/SAP/jenkins-library/cmd/abapAddonAssemblyKitReleasePackages.go:99.2,99.60 1 1
github.com/SAP/jenkins-library/cmd/abapAddonAssemblyKitReleasePackages.go:102.124,106.6 3 1
github.com/SAP/jenkins-library/cmd/abapAddonAssemblyKitReleasePackages.go:106.6,107.10 1 1
github.com/SAP/jenkins-library/cmd/abapAddonAssemblyKitReleasePackages.go:108.18,109.42 1 1
github.com/SAP/jenkins-library/cmd/abapAddonAssemblyKitReleasePackages.go:110.17,112.26 2 1
github.com/SAP/jenkins-library/cmd/abapAddonAssemblyKitReleasePackages.go:112.26,113.65 1 1
github.com/SAP/jenkins-library/cmd/abapAddonAssemblyKitReleasePackages.go:113.65,116.20 2 1
github.com/SAP/jenkins-library/cmd/abapAddonAssemblyKitReleasePackages.go:116.20,120.7 3 1
github.com/SAP/jenkins-library/cmd/abapAddonAssemblyKitReleasePackages.go:123.4,123.19 1 1
github.com/SAP/jenkins-library/cmd/abapAddonAssemblyKitReleasePackages.go:123.19,126.5 2 1
github.com/SAP/jenkins-library/cmd/abapAddonAssemblyKitReleasePackages_generated.go:39.107,49.32 3 0
github.com/SAP/jenkins-library/cmd/abapAddonAssemblyKitReleasePackages_generated.go:49.32,51.17 2 0
github.com/SAP/jenkins-library/cmd/abapAddonAssemblyKitReleasePackages_generated.go:51.17,54.4 2 0
github.com/SAP/jenkins-library/cmd/abapAddonAssemblyKitReleasePackages_generated.go:56.2,56.18 1 0
github.com/SAP/jenkins-library/cmd/abapAddonAssemblyKitReleasePackages_generated.go:56.18,58.3 1 0
github.com/SAP/jenkins-library/cmd/abapAddonAssemblyKitReleasePackages_generated.go:62.66,82.55 9 1
github.com/SAP/jenkins-library/cmd/abapAddonAssemblyKitReleasePackages_generated.go:82.55,90.18 6 0
github.com/SAP/jenkins-library/cmd/abapAddonAssemblyKitReleasePackages_generated.go:90.18,92.5 1 0
github.com/SAP/jenkins-library/cmd/abapAddonAssemblyKitReleasePackages_generated.go:93.4,97.18 4 0
github.com/SAP/jenkins-library/cmd/abapAddonAssemblyKitReleasePackages_generated.go:97.18,100.5 2 0
github.com/SAP/jenkins-library/cmd/abapAddonAssemblyKitReleasePackages_generated.go:101.4,105.58 4 0
github.com/SAP/jenkins-library/cmd/abapAddonAssemblyKitReleasePackages_generated.go:105.58,108.5 2 0
github.com/SAP/jenkins-library/cmd/abapAddonAssemblyKitReleasePackages_generated.go:110.4,110.126 1 0
github.com/SAP/jenkins-library/cmd/abapAddonAssemblyKitReleasePackages_generated.go:110.126,114.5 3 0
github.com/SAP/jenkins-library/cmd/abapAddonAssemblyKitReleasePackages_generated.go:116.4,116.86 1 0
github.com/SAP/jenkins-library/cmd/abapAddonAssemblyKitReleasePackages_generated.go:116.86,118.5 1 0
github.com/SAP/jenkins-library/cmd/abapAddonAssemblyKitReleasePackages_generated.go:120.4,121.18 2 0
github.com/SAP/jenkins-library/cmd/abapAddonAssemblyKitReleasePackages_generated.go:121.18,123.5 1 0
github.com/SAP/jenkins-library/cmd/abapAddonAssemblyKitReleasePackages_generated.go:124.4,124.63 1 0
github.com/SAP/jenkins-library/cmd/abapAddonAssemblyKitReleasePackages_generated.go:124.63,127.5 2 0
github.com/SAP/jenkins-library/cmd/abapAddonAssemblyKitReleasePackages_generated.go:129.4,129.14 1 0
github.com/SAP/jenkins-library/cmd/abapAddonAssemblyKitReleasePackages_generated.go:131.43,133.26 2 0
github.com/SAP/jenkins-library/cmd/abapAddonAssemblyKitReleasePackages_generated.go:133.26,135.5 1 0
github.com/SAP/jenkins-library/cmd/abapAddonAssemblyKitReleasePackages_generated.go:137.4,139.22 3 0
github.com/SAP/jenkins-library/cmd/abapAddonAssemblyKitReleasePackages_generated.go:139.22,147.59 8 0
github.com/SAP/jenkins-library/cmd/abapAddonAssemblyKitReleasePackages_generated.go:147.59,154.6 2 0
github.com/SAP/jenkins-library/cmd/abapAddonAssemblyKitReleasePackages_generated.go:155.5,155.73 1 0
github.com/SAP/jenkins-library/cmd/abapAddonAssemblyKitReleasePackages_generated.go:155.73,162.6 2 0
github.com/SAP/jenkins-library/cmd/abapAddonAssemblyKitReleasePackages_generated.go:163.5,163.57 1 0
github.com/SAP/jenkins-library/cmd/abapAddonAssemblyKitReleasePackages_generated.go:163.57,172.20 2 0
github.com/SAP/jenkins-library/cmd/abapAddonAssemblyKitReleasePackages_generated.go:172.20,174.7 1 0
github.com/SAP/jenkins-library/cmd/abapAddonAssemblyKitReleasePackages_generated.go:177.4,182.31 6 0
github.com/SAP/jenkins-library/cmd/abapAddonAssemblyKitReleasePackages_generated.go:186.2,187.53 2 1
github.com/SAP/jenkins-library/cmd/abapAddonAssemblyKitReleasePackages_generated.go:190.126,203.2 11 1
github.com/SAP/jenkins-library/cmd/abapAddonAssemblyKitReleasePackages_generated.go:206.68,335.2 2 1
github.com/SAP/jenkins-library/cmd/abapAddonAssemblyKitReserveNextPackages.go:16.209,20.89 3 0
github.com/SAP/jenkins-library/cmd/abapAddonAssemblyKitReserveNextPackages.go:20.89,23.3 2 0
github.com/SAP/jenkins-library/cmd/abapAddonAssemblyKitReserveNextPackages.go:27.79,35.246 6 1
github.com/SAP/jenkins-library/cmd/abapAddonAssemblyKitReserveNextPackages.go:35.246,37.3 1 0
github.com/SAP/jenkins-library/cmd/abapAddonAssemblyKitReserveNextPackages.go:39.2,41.83 3 1
github.com/SAP/jenkins-library/cmd/abapAddonAssemblyKitReserveNextPackages.go:41.83,43.3 1 0
github.com/SAP/jenkins-library/cmd/abapAddonAssemblyKitReserveNextPackages.go:45.2,48.46 4 1
github.com/SAP/jenkins-library/cmd/abapAddonAssemblyKitReserveNextPackages.go:48.46,50.3 1 1
github.com/SAP/jenkins-library/cmd/abapAddonAssemblyKitReserveNextPackages.go:51.2,54.16 3 1
github.com/SAP/jenkins-library/cmd/abapAddonAssemblyKitReserveNextPackages.go:54.16,56.3 1 1
github.com/SAP/jenkins-library/cmd/abapAddonAssemblyKitReserveNextPackages.go:58.2,59.73 2 1
github.com/SAP/jenkins-library/cmd/abapAddonAssemblyKitReserveNextPackages.go:59.73,61.3 1 1
github.com/SAP/jenkins-library/cmd/abapAddonAssemblyKitReserveNextPackages.go:63.2,66.35 4 1
github.com/SAP/jenkins-library/cmd/abapAddonAssemblyKitReserveNextPackages.go:66.35,68.3 1 1
github.com/SAP/jenkins-library/cmd/abapAddonAssemblyKitReserveNextPackages.go:69.2,72.105 3 1
github.com/SAP/jenkins-library/cmd/abapAddonAssemblyKitReserveNextPackages.go:72.105,74.3 1 0
github.com/SAP/jenkins-library/cmd/abapAddonAssemblyKitReserveNextPackages.go:76.2,78.12 3 1
github.com/SAP/jenkins-library/cmd/abapAddonAssemblyKitReserveNextPackages.go:81.110,84.24 3 1
github.com/SAP/jenkins-library/cmd/abapAddonAssemblyKitReserveNextPackages.go:84.24,89.3 3 1
github.com/SAP/jenkins-library/cmd/abapAddonAssemblyKitReserveNextPackages.go:90.2,90.28 1 1
github.com/SAP/jenkins-library/cmd/abapAddonAssemblyKitReserveNextPackages.go:93.92,94.35 1 1
github.com/SAP/jenkins-library/cmd/abapAddonAssemblyKitReserveNextPackages.go:94.35,95.63 1 1
github.com/SAP/jenkins-library/cmd/abapAddonAssemblyKitReserveNextPackages.go:95.63,97.4 1 1
github.com/SAP/jenkins-library/cmd/abapAddonAssemblyKitReserveNextPackages.go:97.9,97.57 1 1
github.com/SAP/jenkins-library/cmd/abapAddonAssemblyKitReserveNextPackages.go:97.57,99.4 1 1
github.com/SAP/jenkins-library/cmd/abapAddonAssemblyKitReserveNextPackages.go:101.2,101.21 1 1
github.com/SAP/jenkins-library/cmd/abapAddonAssemblyKitReserveNextPackages.go:104.103,111.51 4 1
github.com/SAP/jenkins-library/cmd/abapAddonAssemblyKitReserveNextPackages.go:111.51,113.3 1 1
github.com/SAP/jenkins-library/cmd/abapAddonAssemblyKitReserveNextPackages.go:113.8,115.3 1 0
github.com/SAP/jenkins-library/cmd/abapAddonAssemblyKitReserveNextPackages.go:118.2,121.41 3 1
github.com/SAP/jenkins-library/cmd/abapAddonAssemblyKitReserveNextPackages.go:121.41,127.3 5 1
github.com/SAP/jenkins-library/cmd/abapAddonAssemblyKitReserveNextPackages.go:128.2,128.21 1 1
github.com/SAP/jenkins-library/cmd/abapAddonAssemblyKitReserveNextPackages.go:131.109,138.59 4 1
github.com/SAP/jenkins-library/cmd/abapAddonAssemblyKitReserveNextPackages.go:138.59,140.3 1 1
github.com/SAP/jenkins-library/cmd/abapAddonAssemblyKitReserveNextPackages.go:140.8,142.3 1 1
github.com/SAP/jenkins-library/cmd/abapAddonAssemblyKitReserveNextPackages.go:144.2,147.49 3 1
github.com/SAP/jenkins-library/cmd/abapAddonAssemblyKitReserveNextPackages.go:147.49,150.3 2 1
github.com/SAP/jenkins-library/cmd/abapAddonAssemblyKitReserveNextPackages.go:152.2,152.21 1 1
github.com/SAP/jenkins-library/cmd/abapAddonAssemblyKitReserveNextPackages.go:155.99,159.6 4 1
github.com/SAP/jenkins-library/cmd/abapAddonAssemblyKitReserveNextPackages.go:159.6,160.10 1 1
github.com/SAP/jenkins-library/cmd/abapAddonAssemblyKitReserveNextPackages.go:161.18,162.34 1 1
github.com/SAP/jenkins-library/cmd/abapAddonAssemblyKitReserveNextPackages.go:163.17,165.26 2 1
github.com/SAP/jenkins-library/cmd/abapAddonAssemblyKitReserveNextPackages.go:165.26,166.65 1 1
github.com/SAP/jenkins-library/cmd/abapAddonAssemblyKitReserveNextPackages.go:166.65,167.14 1 1
github.com/SAP/jenkins-library/cmd/abapAddonAssemblyKitReserveNextPackages.go:169.5,171.19 2 1
github.com/SAP/jenkins-library/cmd/abapAddonAssemblyKitReserveNextPackages.go:171.19,174.6 2 0
github.com/SAP/jenkins-library/cmd/abapAddonAssemblyKitReserveNextPackages.go:174.11,175.38 1 1
github.com/SAP/jenkins-library/cmd/abapAddonAssemblyKitReserveNextPackages.go:176.38,177.97 1 1
github.com/SAP/jenkins-library/cmd/abapAddonAssemblyKitReserveNextPackages.go:178.49,180.26 2 1
github.com/SAP/jenkins-library/cmd/abapAddonAssemblyKitReserveNextPackages.go:181.39,182.113 1 1
github.com/SAP/jenkins-library/cmd/abapAddonAssemblyKitReserveNextPackages.go:183.40,184.128 1 1
github.com/SAP/jenkins-library/cmd/abapAddonAssemblyKitReserveNextPackages.go:185.14,186.119 1 1
github.com/SAP/jenkins-library/cmd/abapAddonAssemblyKitReserveNextPackages.go:190.4,190.19 1 1
github.com/SAP/jenkins-library/cmd/abapAddonAssemblyKitReserveNextPackages.go:190.19,193.5 2 1
github.com/SAP/jenkins-library/cmd/abapAddonAssemblyKitReserveNextPackages.go:198.125,200.30 2 1
github.com/SAP/jenkins-library/cmd/abapAddonAssemblyKitReserveNextPackages.go:200.30,204.17 4 1
github.com/SAP/jenkins-library/cmd/abapAddonAssemblyKitReserveNextPackages.go:204.17,206.4 1 1
github.com/SAP/jenkins-library/cmd/abapAddonAssemblyKitReserveNextPackages.go:207.3,211.53 2 1
github.com/SAP/jenkins-library/cmd/abapAddonAssemblyKitReserveNextPackages.go:213.2,213.31 1 1
github.com/SAP/jenkins-library/cmd/abapAddonAssemblyKitReserveNextPackages_generated.go:39.111,49.32 3 0
github.com/SAP/jenkins-library/cmd/abapAddonAssemblyKitReserveNextPackages_generated.go:49.32,51.17 2 0
github.com/SAP/jenkins-library/cmd/abapAddonAssemblyKitReserveNextPackages_generated.go:51.17,54.4 2 0
github.com/SAP/jenkins-library/cmd/abapAddonAssemblyKitReserveNextPackages_generated.go:56.2,56.18 1 0
github.com/SAP/jenkins-library/cmd/abapAddonAssemblyKitReserveNextPackages_generated.go:56.18,58.3 1 0
github.com/SAP/jenkins-library/cmd/abapAddonAssemblyKitReserveNextPackages_generated.go:62.70,86.55 9 1
github.com/SAP/jenkins-library/cmd/abapAddonAssemblyKitReserveNextPackages_generated.go:86.55,94.18 6 0
github.com/SAP/jenkins-library/cmd/abapAddonAssemblyKitReserveNextPackages_generated.go:94.18,96.5 1 0
github.com/SAP/jenkins-library/cmd/abapAddonAssemblyKitReserveNextPackages_generated.go:97.4,101.18 4 0
github.com/SAP/jenkins-library/cmd/abapAddonAssemblyKitReserveNextPackages_generated.go:101.18,104.5 2 0
github.com/SAP/jenkins-library/cmd/abapAddonAssemblyKitReserveNextPackages_generated.go:105.4,111.58 6 0
github.com/SAP/jenkins-library/cmd/abapAddonAssemblyKitReserveNextPackages_generated.go:111.58,114.5 2 0
github.com/SAP/jenkins-library/cmd/abapAddonAssemblyKitReserveNextPackages_generated.go:116.4,116.126 1 0
github.com/SAP/jenkins-library/cmd/abapAddonAssemblyKitReserveNextPackages_generated.go:116.126,120.5 3 0
github.com/SAP/jenkins-library/cmd/abapAddonAssemblyKitReserveNextPackages_generated.go:122.4,122.86 1 0
github.com/SAP/jenkins-library/cmd/abapAddonAssemblyKitReserveNextPackages_generated.go:122.86,124.5 1 0
github.com/SAP/jenkins-library/cmd/abapAddonAssemblyKitReserveNextPackages_generated.go:126.4,127.18 2 0
github.com/SAP/jenkins-library/cmd/abapAddonAssemblyKitReserveNextPackages_generated.go:127.18,129.5 1 0
github.com/SAP/jenkins-library/cmd/abapAddonAssemblyKitReserveNextPackages_generated.go:130.4,130.63 1 0
github.com/SAP/jenkins-library/cmd/abapAddonAssemblyKitReserveNextPackages_generated.go:130.63,133.5 2 0
github.com/SAP/jenkins-library/cmd/abapAddonAssemblyKitReserveNextPackages_generated.go:135.4,135.14 1 0
github.com/SAP/jenkins-library/cmd/abapAddonAssemblyKitReserveNextPackages_generated.go:137.43,139.26 2 0
github.com/SAP/jenkins-library/cmd/abapAddonAssemblyKitReserveNextPackages_generated.go:139.26,141.5 1 0
github.com/SAP/jenkins-library/cmd/abapAddonAssemblyKitReserveNextPackages_generated.go:143.4,145.22 3 0
github.com/SAP/jenkins-library/cmd/abapAddonAssemblyKitReserveNextPackages_generated.go:145.22,153.59 8 0
github.com/SAP/jenkins-library/cmd/abapAddonAssemblyKitReserveNextPackages_generated.go:153.59,160.6 2 0
github.com/SAP/jenkins-library/cmd/abapAddonAssemblyKitReserveNextPackages_generated.go:161.5,161.73 1 0
github.com/SAP/jenkins-library/cmd/abapAddonAssemblyKitReserveNextPackages_generated.go:161.73,168.6 2 0
github.com/SAP/jenkins-library/cmd/abapAddonAssemblyKitReserveNextPackages_generated.go:169.5,169.57 1 0
github.com/SAP/jenkins-library/cmd/abapAddonAssemblyKitReserveNextPackages_generated.go:169.57,178.20 2 0
github.com/SAP/jenkins-library/cmd/abapAddonAssemblyKitReserveNextPackages_generated.go:178.20,180.7 1 0
github.com/SAP/jenkins-library/cmd/abapAddonAssemblyKitReserveNextPackages_generated.go:183.4,188.31 6 0
github.com/SAP/jenkins-library/cmd/abapAddonAssemblyKitReserveNextPackages_generated.go:192.2,193.57 2 1
github.com/SAP/jenkins-library/cmd/abapAddonAssemblyKitReserveNextPackages_generated.go:196.134,209.2 11 1
github.com/SAP/jenkins-library/cmd/abapAddonAssemblyKitReserveNextPackages_generated.go:212.72,341.2 2 1
github.com/SAP/jenkins-library/cmd/abapEnvironmentAssembleConfirm.go:16.182,31.16 8 0
github.com/SAP/jenkins-library/cmd/abapEnvironmentAssembleConfirm.go:31.16,34.3 2 0
github.com/SAP/jenkins-library/cmd/abapEnvironmentAssembleConfirm.go:37.217,53.16 15 0
github.com/SAP/jenkins-library/cmd/abapEnvironmentAssembleConfirm.go:53.16,55.3 1 0
github.com/SAP/jenkins-library/cmd/abapEnvironmentAssembleConfirm.go:56.2,58.16 3 0
github.com/SAP/jenkins-library/cmd/abapEnvironmentAssembleConfirm.go:58.16,60.3 1 0
github.com/SAP/jenkins-library/cmd/abapEnvironmentAssembleConfirm.go:61.2,63.16 3 0
github.com/SAP/jenkins-library/cmd/abapEnvironmentAssembleConfirm.go:63.16,65.3 1 0
github.com/SAP/jenkins-library/cmd/abapEnvironmentAssembleConfirm.go:66.2,69.16 4 0
github.com/SAP/jenkins-library/cmd/abapEnvironmentAssembleConfirm.go:69.16,71.3 1 0
github.com/SAP/jenkins-library/cmd/abapEnvironmentAssembleConfirm.go:72.2,73.16 2 0
github.com/SAP/jenkins-library/cmd/abapEnvironmentAssembleConfirm.go:73.16,75.3 1 0
github.com/SAP/jenkins-library/cmd/abapEnvironmentAssembleConfirm.go:76.2,76.12 1 0
github.com/SAP/jenkins-library/cmd/abapEnvironmentAssembleConfirm.go:79.142,82.29 3 1
github.com/SAP/jenkins-library/cmd/abapEnvironmentAssembleConfirm.go:82.29,90.46 3 1
github.com/SAP/jenkins-library/cmd/abapEnvironmentAssembleConfirm.go:90.46,92.18 2 1
github.com/SAP/jenkins-library/cmd/abapEnvironmentAssembleConfirm.go:92.18,94.5 1 0
github.com/SAP/jenkins-library/cmd/abapEnvironmentAssembleConfirm.go:95.4,95.56 1 1
github.com/SAP/jenkins-library/cmd/abapEnvironmentAssembleConfirm.go:96.9,96.53 1 1
github.com/SAP/jenkins-library/cmd/abapEnvironmentAssembleConfirm.go:96.53,98.36 2 1
github.com/SAP/jenkins-library/cmd/abapEnvironmentAssembleConfirm.go:98.36,100.5 1 1
github.com/SAP/jenkins-library/cmd/abapEnvironmentAssembleConfirm.go:100.10,102.5 1 0
github.com/SAP/jenkins-library/cmd/abapEnvironmentAssembleConfirm.go:103.9,105.4 1 1
github.com/SAP/jenkins-library/cmd/abapEnvironmentAssembleConfirm.go:108.3,108.32 1 1
github.com/SAP/jenkins-library/cmd/abapEnvironmentAssembleConfirm.go:110.2,110.47 1 1
github.com/SAP/jenkins-library/cmd/abapEnvironmentAssembleConfirm.go:113.113,116.6 3 1
github.com/SAP/jenkins-library/cmd/abapEnvironmentAssembleConfirm.go:116.6,117.10 1 1
github.com/SAP/jenkins-library/cmd/abapEnvironmentAssembleConfirm.go:118.18,119.34 1 0
github.com/SAP/jenkins-library/cmd/abapEnvironmentAssembleConfirm.go:120.17,122.26 2 1
github.com/SAP/jenkins-library/cmd/abapEnvironmentAssembleConfirm.go:122.26,123.49 1 1
github.com/SAP/jenkins-library/cmd/abapEnvironmentAssembleConfirm.go:123.49,125.6 1 0
github.com/SAP/jenkins-library/cmd/abapEnvironmentAssembleConfirm.go:126.5,126.38 1 1
github.com/SAP/jenkins-library/cmd/abapEnvironmentAssembleConfirm.go:126.38,129.6 2 0
github.com/SAP/jenkins-library/cmd/abapEnvironmentAssembleConfirm.go:131.4,131.19 1 1
github.com/SAP/jenkins-library/cmd/abapEnvironmentAssembleConfirm.go:131.19,133.5 1 1
github.com/SAP/jenkins-library/cmd/abapEnvironmentAssembleConfirm.go:138.52,139.51 1 1
github.com/SAP/jenkins-library/cmd/abapEnvironmentAssembleConfirm.go:139.51,141.3 1 0
github.com/SAP/jenkins-library/cmd/abapEnvironmentAssembleConfirm.go:142.2,150.28 2 1
github.com/SAP/jenkins-library/cmd/abapEnvironmentAssembleConfirm.go:150.28,155.3 1 1
github.com/SAP/jenkins-library/cmd/abapEnvironmentAssembleConfirm.go:155.8,163.3 2 0
github.com/SAP/jenkins-library/cmd/abapEnvironmentAssembleConfirm.go:165.2,167.42 3 1
github.com/SAP/jenkins-library/cmd/abapEnvironmentAssembleConfirm_generated.go:41.102,51.32 3 0
github.com/SAP/jenkins-library/cmd/abapEnvironmentAssembleConfirm_generated.go:51.32,53.17 2 0
github.com/SAP/jenkins-library/cmd/abapEnvironmentAssembleConfirm_generated.go:53.17,56.4 2 0
github.com/SAP/jenkins-library/cmd/abapEnvironmentAssembleConfirm_generated.go:58.2,58.18 1 0
github.com/SAP/jenkins-library/cmd/abapEnvironmentAssembleConfirm_generated.go:58.18,60.3 1 0
github.com/SAP/jenkins-library/cmd/abapEnvironmentAssembleConfirm_generated.go:64.61,79.55 9 1
github.com/SAP/jenkins-library/cmd/abapEnvironmentAssembleConfirm_generated.go:79.55,87.18 6 0
github.com/SAP/jenkins-library/cmd/abapEnvironmentAssembleConfirm_generated.go:87.18,89.5 1 0
github.com/SAP/jenkins-library/cmd/abapEnvironmentAssembleConfirm_generated.go:90.4,94.18 4 0
github.com/SAP/jenkins-library/cmd/abapEnvironmentAssembleConfirm_generated.go:94.18,97.5 2 0
github.com/SAP/jenkins-library/cmd/abapEnvironmentAssembleConfirm_generated.go:98.4,101.58 3 0
github.com/SAP/jenkins-library/cmd/abapEnvironmentAssembleConfirm_generated.go:101.58,104.5 2 0
github.com/SAP/jenkins-library/cmd/abapEnvironmentAssembleConfirm_generated.go:106.4,106.126 1 0
github.com/SAP/jenkins-library/cmd/abapEnvironmentAssembleConfirm_generated.go:106.126,110.5 3 0
github.com/SAP/jenkins-library/cmd/abapEnvironmentAssembleConfirm_generated.go:112.4,112.86 1 0
github.com/SAP/jenkins-library/cmd/abapEnvironmentAssembleConfirm_generated.go:112.86,114.5 1 0
github.com/SAP/jenkins-library/cmd/abapEnvironmentAssembleConfirm_generated.go:116.4,117.18 2 0
github.com/SAP/jenkins-library/cmd/abapEnvironmentAssembleConfirm_generated.go:117.18,119.5 1 0
github.com/SAP/jenkins-library/cmd/abapEnvironmentAssembleConfirm_generated.go:120.4,120.63 1 0
github.com/SAP/jenkins-library/cmd/abapEnvironmentAssembleConfirm_generated.go:120.63,123.5 2 0
github.com/SAP/jenkins-library/cmd/abapEnvironmentAssembleConfirm_generated.go:125.4,125.14 1 0
github.com/SAP/jenkins-library/cmd/abapEnvironmentAssembleConfirm_generated.go:127.43,129.26 2 0
github.com/SAP/jenkins-library/cmd/abapEnvironmentAssembleConfirm_generated.go:129.26,131.5 1 0
github.com/SAP/jenkins-library/cmd/abapEnvironmentAssembleConfirm_generated.go:133.4,135.22 3 0
github.com/SAP/jenkins-library/cmd/abapEnvironmentAssembleConfirm_generated.go:135.22,143.59 8 0
github.com/SAP/jenkins-library/cmd/abapEnvironmentAssembleConfirm_generated.go:143.59,150.6 2 0
github.com/SAP/jenkins-library/cmd/abapEnvironmentAssembleConfirm_generated.go:151.5,151.73 1 0
github.com/SAP/jenkins-library/cmd/abapEnvironmentAssembleConfirm_generated.go:151.73,158.6 2 0
github.com/SAP/jenkins-library/cmd/abapEnvironmentAssembleConfirm_generated.go:159.5,159.57 1 0
github.com/SAP/jenkins-library/cmd/abapEnvironmentAssembleConfirm_generated.go:159.57,168.20 2 0
github.com/SAP/jenkins-library/cmd/abapEnvironmentAssembleConfirm_generated.go:168.20,170.7 1 0
github.com/SAP/jenkins-library/cmd/abapEnvironmentAssembleConfirm_generated.go:173.4,178.31 6 0
github.com/SAP/jenkins-library/cmd/abapEnvironmentAssembleConfirm_generated.go:182.2,183.48 2 1
github.com/SAP/jenkins-library/cmd/abapEnvironmentAssembleConfirm_generated.go:186.116,203.2 15 1
github.com/SAP/jenkins-library/cmd/abapEnvironmentAssembleConfirm_generated.go:206.63,342.2 2 1
github.com/SAP/jenkins-library/cmd/abapEnvironmentAssemblePackages.go:24.185,40.99 8 0
github.com/SAP/jenkins-library/cmd/abapEnvironmentAssemblePackages.go:40.99,43.3 2 0
github.com/SAP/jenkins-library/cmd/abapEnvironmentAssemblePackages.go:46.248,52.83 5 1
github.com/SAP/jenkins-library/cmd/abapEnvironmentAssemblePackages.go:52.83,54.3 1 0
github.com/SAP/jenkins-library/cmd/abapEnvironmentAssemblePackages.go:56.2,57.43 2 1
github.com/SAP/jenkins-library/cmd/abapEnvironmentAssemblePackages.go:57.43,61.32 4 0
github.com/SAP/jenkins-library/cmd/abapEnvironmentAssemblePackages.go:61.32,63.34 2 0
github.com/SAP/jenkins-library/cmd/abapEnvironmentAssemblePackages.go:63.34,65.5 1 0
github.com/SAP/jenkins-library/cmd/abapEnvironmentAssemblePackages.go:65.10,67.5 1 0
github.com/SAP/jenkins-library/cmd/abapEnvironmentAssemblePackages.go:68.4,68.79 1 0
github.com/SAP/jenkins-library/cmd/abapEnvironmentAssemblePackages.go:70.3,70.96 1 0
github.com/SAP/jenkins-library/cmd/abapEnvironmentAssemblePackages.go:73.2,74.27 2 1
github.com/SAP/jenkins-library/cmd/abapEnvironmentAssemblePackages.go:74.27,76.3 1 1
github.com/SAP/jenkins-library/cmd/abapEnvironmentAssemblePackages.go:77.2,80.22 3 1
github.com/SAP/jenkins-library/cmd/abapEnvironmentAssemblePackages.go:83.239,85.103 2 1
github.com/SAP/jenkins-library/cmd/abapEnvironmentAssemblePackages.go:85.103,87.3 1 0
github.com/SAP/jenkins-library/cmd/abapEnvironmentAssemblePackages.go:89.2,90.16 2 1
github.com/SAP/jenkins-library/cmd/abapEnvironmentAssemblePackages.go:90.16,92.3 1 0
github.com/SAP/jenkins-library/cmd/abapEnvironmentAssemblePackages.go:94.2,94.58 1 1
github.com/SAP/jenkins-library/cmd/abapEnvironmentAssemblePackages.go:94.58,96.3 1 0
github.com/SAP/jenkins-library/cmd/abapEnvironmentAssemblePackages.go:98.2,98.74 1 1
github.com/SAP/jenkins-library/cmd/abapEnvironmentAssemblePackages.go:98.74,100.3 1 0
github.com/SAP/jenkins-library/cmd/abapEnvironmentAssemblePackages.go:102.2,104.16 3 1
github.com/SAP/jenkins-library/cmd/abapEnvironmentAssemblePackages.go:104.16,106.3 1 0
github.com/SAP/jenkins-library/cmd/abapEnvironmentAssemblePackages.go:108.2,111.20 3 1
github.com/SAP/jenkins-library/cmd/abapEnvironmentAssemblePackages.go:114.184,117.52 2 1
github.com/SAP/jenkins-library/cmd/abapEnvironmentAssemblePackages.go:117.52,126.25 2 1
github.com/SAP/jenkins-library/cmd/abapEnvironmentAssemblePackages.go:126.25,129.18 3 1
github.com/SAP/jenkins-library/cmd/abapEnvironmentAssemblePackages.go:129.18,134.5 4 1
github.com/SAP/jenkins-library/cmd/abapEnvironmentAssemblePackages.go:134.10,136.19 2 1
github.com/SAP/jenkins-library/cmd/abapEnvironmentAssemblePackages.go:136.19,141.6 4 0
github.com/SAP/jenkins-library/cmd/abapEnvironmentAssemblePackages.go:143.9,145.4 1 1
github.com/SAP/jenkins-library/cmd/abapEnvironmentAssemblePackages.go:147.3,147.37 1 1
github.com/SAP/jenkins-library/cmd/abapEnvironmentAssemblePackages.go:149.2,149.20 1 1
github.com/SAP/jenkins-library/cmd/abapEnvironmentAssemblePackages.go:152.118,155.6 3 1
github.com/SAP/jenkins-library/cmd/abapEnvironmentAssemblePackages.go:155.6,156.10 1 1
github.com/SAP/jenkins-library/cmd/abapEnvironmentAssemblePackages.go:157.18,158.84 1 0
github.com/SAP/jenkins-library/cmd/abapEnvironmentAssemblePackages.go:159.17,160.41 1 1
github.com/SAP/jenkins-library/cmd/abapEnvironmentAssemblePackages.go:160.41,162.5 1 0
github.com/SAP/jenkins-library/cmd/abapEnvironmentAssemblePackages.go:163.4,163.30 1 1
github.com/SAP/jenkins-library/cmd/abapEnvironmentAssemblePackages.go:163.30,165.5 1 1
github.com/SAP/jenkins-library/cmd/abapEnvironmentAssemblePackages.go:165.10,167.5 1 1
github.com/SAP/jenkins-library/cmd/abapEnvironmentAssemblePackages.go:172.88,173.132 1 1
github.com/SAP/jenkins-library/cmd/abapEnvironmentAssemblePackages.go:173.132,175.3 1 1
github.com/SAP/jenkins-library/cmd/abapEnvironmentAssemblePackages.go:176.2,204.29 2 1
github.com/SAP/jenkins-library/cmd/abapEnvironmentAssemblePackages.go:204.29,208.3 1 1
github.com/SAP/jenkins-library/cmd/abapEnvironmentAssemblePackages.go:209.2,209.27 1 1
github.com/SAP/jenkins-library/cmd/abapEnvironmentAssemblePackages.go:209.27,213.3 1 0
github.com/SAP/jenkins-library/cmd/abapEnvironmentAssemblePackages.go:214.2,214.39 1 1
github.com/SAP/jenkins-library/cmd/abapEnvironmentAssemblePackages.go:214.39,218.3 1 0
github.com/SAP/jenkins-library/cmd/abapEnvironmentAssemblePackages.go:219.2,219.28 1 1
github.com/SAP/jenkins-library/cmd/abapEnvironmentAssemblePackages.go:219.28,223.3 1 0
github.com/SAP/jenkins-library/cmd/abapEnvironmentAssemblePackages.go:224.2,224.23 1 1
github.com/SAP/jenkins-library/cmd/abapEnvironmentAssemblePackages.go:224.23,226.3 1 1
github.com/SAP/jenkins-library/cmd/abapEnvironmentAssemblePackages.go:227.2,227.32 1 1
github.com/SAP/jenkins-library/cmd/abapEnvironmentAssemblePackages.go:227.32,231.3 1 0
github.com/SAP/jenkins-library/cmd/abapEnvironmentAssemblePackages.go:232.2,232.39 1 1
github.com/SAP/jenkins-library/cmd/abapEnvironmentAssemblePackages.go:232.39,236.3 1 0
github.com/SAP/jenkins-library/cmd/abapEnvironmentAssemblePackages.go:237.2,239.43 3 1
github.com/SAP/jenkins-library/cmd/abapEnvironmentAssemblePackages.go:242.117,246.27 3 1
github.com/SAP/jenkins-library/cmd/abapEnvironmentAssemblePackages.go:246.27,247.27 1 1
github.com/SAP/jenkins-library/cmd/abapEnvironmentAssemblePackages.go:247.27,248.12 1 1
github.com/SAP/jenkins-library/cmd/abapEnvironmentAssemblePackages.go:250.3,251.17 2 1
github.com/SAP/jenkins-library/cmd/abapEnvironmentAssemblePackages.go:251.17,253.4 1 0
github.com/SAP/jenkins-library/cmd/abapEnvironmentAssemblePackages.go:254.3,255.45 2 1
github.com/SAP/jenkins-library/cmd/abapEnvironmentAssemblePackages.go:255.45,257.4 1 1
github.com/SAP/jenkins-library/cmd/abapEnvironmentAssemblePackages.go:257.9,259.4 1 0
github.com/SAP/jenkins-library/cmd/abapEnvironmentAssemblePackages.go:260.3,263.17 4 1
github.com/SAP/jenkins-library/cmd/abapEnvironmentAssemblePackages.go:263.17,265.4 1 0
github.com/SAP/jenkins-library/cmd/abapEnvironmentAssemblePackages.go:266.3,266.30 1 1
github.com/SAP/jenkins-library/cmd/abapEnvironmentAssemblePackages.go:266.30,268.4 1 1
github.com/SAP/jenkins-library/cmd/abapEnvironmentAssemblePackages.go:269.3,269.14 1 1
github.com/SAP/jenkins-library/cmd/abapEnvironmentAssemblePackages.go:269.14,272.4 2 1
github.com/SAP/jenkins-library/cmd/abapEnvironmentAssemblePackages.go:274.2,274.28 1 1
github.com/SAP/jenkins-library/cmd/abapEnvironmentAssemblePackages.go:277.68,279.24 2 1
github.com/SAP/jenkins-library/cmd/abapEnvironmentAssemblePackages.go:279.24,280.51 1 1
github.com/SAP/jenkins-library/cmd/abapEnvironmentAssemblePackages.go:280.51,283.4 2 1
github.com/SAP/jenkins-library/cmd/abapEnvironmentAssemblePackages.go:284.3,284.57 1 1
github.com/SAP/jenkins-library/cmd/abapEnvironmentAssemblePackages.go:284.57,287.4 2 0
github.com/SAP/jenkins-library/cmd/abapEnvironmentAssemblePackages.go:288.3,288.36 1 1
github.com/SAP/jenkins-library/cmd/abapEnvironmentAssemblePackages.go:288.36,289.54 1 1
github.com/SAP/jenkins-library/cmd/abapEnvironmentAssemblePackages.go:289.54,291.5 1 0
github.com/SAP/jenkins-library/cmd/abapEnvironmentAssemblePackages.go:292.4,293.18 2 1
github.com/SAP/jenkins-library/cmd/abapEnvironmentAssemblePackages.go:293.18,295.5 1 0
github.com/SAP/jenkins-library/cmd/abapEnvironmentAssemblePackages.go:295.10,295.26 1 1
github.com/SAP/jenkins-library/cmd/abapEnvironmentAssemblePackages.go:295.26,297.5 1 0
github.com/SAP/jenkins-library/cmd/abapEnvironmentAssemblePackages.go:301.2,301.17 1 1
github.com/SAP/jenkins-library/cmd/abapEnvironmentAssemblePackages.go:301.17,303.3 1 1
github.com/SAP/jenkins-library/cmd/abapEnvironmentAssemblePackages.go:304.2,304.12 1 1
github.com/SAP/jenkins-library/cmd/abapEnvironmentAssemblePackages.go:307.180,322.16 14 1
github.com/SAP/jenkins-library/cmd/abapEnvironmentAssemblePackages.go:322.16,324.3 1 0
github.com/SAP/jenkins-library/cmd/abapEnvironmentAssemblePackages.go:326.2,326.12 1 1
github.com/SAP/jenkins-library/cmd/abapEnvironmentAssemblePackages_generated.go:42.103,52.32 3 0
github.com/SAP/jenkins-library/cmd/abapEnvironmentAssemblePackages_generated.go:52.32,54.17 2 0
github.com/SAP/jenkins-library/cmd/abapEnvironmentAssemblePackages_generated.go:54.17,57.4 2 0
github.com/SAP/jenkins-library/cmd/abapEnvironmentAssemblePackages_generated.go:59.2,59.18 1 0
github.com/SAP/jenkins-library/cmd/abapEnvironmentAssemblePackages_generated.go:59.18,61.3 1 0
github.com/SAP/jenkins-library/cmd/abapEnvironmentAssemblePackages_generated.go:65.62,85.55 9 1
github.com/SAP/jenkins-library/cmd/abapEnvironmentAssemblePackages_generated.go:85.55,93.18 6 0
github.com/SAP/jenkins-library/cmd/abapEnvironmentAssemblePackages_generated.go:93.18,95.5 1 0
github.com/SAP/jenkins-library/cmd/abapEnvironmentAssemblePackages_generated.go:96.4,100.18 4 0
github.com/SAP/jenkins-library/cmd/abapEnvironmentAssemblePackages_generated.go:100.18,103.5 2 0
github.com/SAP/jenkins-library/cmd/abapEnvironmentAssemblePackages_generated.go:104.4,107.58 3 0
github.com/SAP/jenkins-library/cmd/abapEnvironmentAssemblePackages_generated.go:107.58,110.5 2 0
github.com/SAP/jenkins-library/cmd/abapEnvironmentAssemblePackages_generated.go:112.4,112.126 1 0
github.com/SAP/jenkins-library/cmd/abapEnvironmentAssemblePackages_generated.go:112.126,116.5 3 0
github.com/SAP/jenkins-library/cmd/abapEnvironmentAssemblePackages_generated.go:118.4,118.86 1 0
github.com/SAP/jenkins-library/cmd/abapEnvironmentAssemblePackages_generated.go:118.86,120.5 1 0
github.com/SAP/jenkins-library/cmd/abapEnvironmentAssemblePackages_generated.go:122.4,123.18 2 0
github.com/SAP/jenkins-library/cmd/abapEnvironmentAssemblePackages_generated.go:123.18,125.5 1 0
github.com/SAP/jenkins-library/cmd/abapEnvironmentAssemblePackages_generated.go:126.4,126.63 1 0
github.com/SAP/jenkins-library/cmd/abapEnvironmentAssemblePackages_generated.go:126.63,129.5 2 0
github.com/SAP/jenkins-library/cmd/abapEnvironmentAssemblePackages_generated.go:131.4,131.14 1 0
github.com/SAP/jenkins-library/cmd/abapEnvironmentAssemblePackages_generated.go:133.43,135.26 2 0
github.com/SAP/jenkins-library/cmd/abapEnvironmentAssemblePackages_generated.go:135.26,137.5 1 0
github.com/SAP/jenkins-library/cmd/abapEnvironmentAssemblePackages_generated.go:139.4,141.22 3 0
github.com/SAP/jenkins-library/cmd/abapEnvironmentAssemblePackages_generated.go:141.22,149.59 8 0
github.com/SAP/jenkins-library/cmd/abapEnvironmentAssemblePackages_generated.go:149.59,156.6 2 0
github.com/SAP/jenkins-library/cmd/abapEnvironmentAssemblePackages_generated.go:157.5,157.73 1 0
github.com/SAP/jenkins-library/cmd/abapEnvironmentAssemblePackages_generated.go:157.73,164.6 2 0
github.com/SAP/jenkins-library/cmd/abapEnvironmentAssemblePackages_generated.go:165.5,165.57 1 0
github.com/SAP/jenkins-library/cmd/abapEnvironmentAssemblePackages_generated.go:165.57,174.20 2 0
github.com/SAP/jenkins-library/cmd/abapEnvironmentAssemblePackages_generated.go:174.20,176.7 1 0
github.com/SAP/jenkins-library/cmd/abapEnvironmentAssemblePackages_generated.go:179.4,184.31 6 0
github.com/SAP/jenkins-library/cmd/abapEnvironmentAssemblePackages_generated.go:188.2,189.49 2 1
github.com/SAP/jenkins-library/cmd/abapEnvironmentAssemblePackages_generated.go:192.118,211.2 17 1
github.com/SAP/jenkins-library/cmd/abapEnvironmentAssemblePackages_generated.go:214.64,359.2 2 1
github.com/SAP/jenkins-library/cmd/abapEnvironmentBuild.go:47.55,48.22 1 0
github.com/SAP/jenkins-library/cmd/abapEnvironmentBuild.go:48.22,50.3 1 0
github.com/SAP/jenkins-library/cmd/abapEnvironmentBuild.go:53.57,55.2 1 0
github.com/SAP/jenkins-library/cmd/abapEnvironmentBuild.go:57.77,59.2 1 0
github.com/SAP/jenkins-library/cmd/abapEnvironmentBuild.go:61.82,63.2 1 0
github.com/SAP/jenkins-library/cmd/abapEnvironmentBuild.go:65.132,67.39 1 0
github.com/SAP/jenkins-library/cmd/abapEnvironmentBuild.go:67.39,72.3 4 0
github.com/SAP/jenkins-library/cmd/abapEnvironmentBuild.go:72.8,75.3 2 0
github.com/SAP/jenkins-library/cmd/abapEnvironmentBuild.go:78.118,93.2 4 0
github.com/SAP/jenkins-library/cmd/abapEnvironmentBuild.go:95.152,99.69 3 0
github.com/SAP/jenkins-library/cmd/abapEnvironmentBuild.go:99.69,102.3 2 0
github.com/SAP/jenkins-library/cmd/abapEnvironmentBuild.go:105.158,114.60 7 1
github.com/SAP/jenkins-library/cmd/abapEnvironmentBuild.go:114.60,116.3 1 0
github.com/SAP/jenkins-library/cmd/abapEnvironmentBuild.go:118.2,119.16 2 1
github.com/SAP/jenkins-library/cmd/abapEnvironmentBuild.go:119.16,121.3 1 0
github.com/SAP/jenkins-library/cmd/abapEnvironmentBuild.go:123.2,126.16 3 1
github.com/SAP/jenkins-library/cmd/abapEnvironmentBuild.go:126.16,128.3 1 1
github.com/SAP/jenkins-library/cmd/abapEnvironmentBuild.go:130.2,131.16 2 1
[...]
github.com/SAP/jenkins-library/cmd/whitesourceExecuteScan.go:1172.55,1174.3 1 0
github.com/SAP/jenkins-library/cmd/whitesourceExecuteScan.go:1176.2,1176.12 1 0
github.com/SAP/jenkins-library/cmd/whitesourceExecuteScan.go:1179.82,1193.124 5 0
github.com/SAP/jenkins-library/cmd/whitesourceExecuteScan.go:1193.124,1194.58 1 0
github.com/SAP/jenkins-library/cmd/whitesourceExecuteScan.go:1194.58,1196.4 1 0
github.com/SAP/jenkins-library/cmd/whitesourceExecuteScan.go:1197.3,1197.83 1 0
github.com/SAP/jenkins-library/cmd/whitesourceExecuteScan.go:1200.2,1200.12 1 0
github.com/SAP/jenkins-library/cmd/whitesourceExecuteScan.go:1204.50,1205.56 1 0
github.com/SAP/jenkins-library/cmd/whitesourceExecuteScan.go:1205.56,1207.3 1 0
github.com/SAP/jenkins-library/cmd/whitesourceExecuteScan.go:1208.2,1209.59 2 0
github.com/SAP/jenkins-library/cmd/whitesourceExecuteScan.go:1209.59,1212.3 2 0
github.com/SAP/jenkins-library/cmd/whitesourceExecuteScan.go:1213.2,1213.60 1 0
github.com/SAP/jenkins-library/cmd/whitesourceExecuteScan.go:1213.60,1215.3 1 0
github.com/SAP/jenkins-library/cmd/whitesourceExecuteScan.go:1216.2,1216.12 1 0
github.com/SAP/jenkins-library/cmd/whitesourceExecuteScan.go:1220.63,1230.2 9 0
github.com/SAP/jenkins-library/cmd/whitesourceExecuteScan_generated.go:95.94,105.32 3 0
github.com/SAP/jenkins-library/cmd/whitesourceExecuteScan_generated.go:105.32,107.17 2 0
github.com/SAP/jenkins-library/cmd/whitesourceExecuteScan_generated.go:107.17,110.4 2 0
github.com/SAP/jenkins-library/cmd/whitesourceExecuteScan_generated.go:112.2,112.18 1 0
github.com/SAP/jenkins-library/cmd/whitesourceExecuteScan_generated.go:112.18,114.3 1 0
github.com/SAP/jenkins-library/cmd/whitesourceExecuteScan_generated.go:137.75,152.44 3 0
github.com/SAP/jenkins-library/cmd/whitesourceExecuteScan_generated.go:152.44,154.17 2 0
github.com/SAP/jenkins-library/cmd/whitesourceExecuteScan_generated.go:154.17,157.4 2 0
github.com/SAP/jenkins-library/cmd/whitesourceExecuteScan_generated.go:159.2,159.18 1 0
github.com/SAP/jenkins-library/cmd/whitesourceExecuteScan_generated.go:159.18,161.3 1 0
github.com/SAP/jenkins-library/cmd/whitesourceExecuteScan_generated.go:167.181,168.23 1 0
github.com/SAP/jenkins-library/cmd/whitesourceExecuteScan_generated.go:168.23,171.3 2 0
github.com/SAP/jenkins-library/cmd/whitesourceExecuteScan_generated.go:172.2,185.16 4 0
github.com/SAP/jenkins-library/cmd/whitesourceExecuteScan_generated.go:185.16,188.3 2 0
github.com/SAP/jenkins-library/cmd/whitesourceExecuteScan_generated.go:189.2,192.44 4 0
github.com/SAP/jenkins-library/cmd/whitesourceExecuteScan_generated.go:192.44,194.38 2 0
github.com/SAP/jenkins-library/cmd/whitesourceExecuteScan_generated.go:194.38,198.4 3 0
github.com/SAP/jenkins-library/cmd/whitesourceExecuteScan_generated.go:200.2,200.153 1 0
github.com/SAP/jenkins-library/cmd/whitesourceExecuteScan_generated.go:200.153,202.3 1 0
github.com/SAP/jenkins-library/cmd/whitesourceExecuteScan_generated.go:206.53,232.55 11 1
github.com/SAP/jenkins-library/cmd/whitesourceExecuteScan_generated.go:232.55,240.18 6 0
github.com/SAP/jenkins-library/cmd/whitesourceExecuteScan_generated.go:240.18,242.5 1 0
github.com/SAP/jenkins-library/cmd/whitesourceExecuteScan_generated.go:243.4,247.18 4 0
github.com/SAP/jenkins-library/cmd/whitesourceExecuteScan_generated.go:247.18,250.5 2 0
github.com/SAP/jenkins-library/cmd/whitesourceExecuteScan_generated.go:251.4,259.58 8 0
github.com/SAP/jenkins-library/cmd/whitesourceExecuteScan_generated.go:259.58,262.5 2 0
github.com/SAP/jenkins-library/cmd/whitesourceExecuteScan_generated.go:264.4,264.126 1 0
github.com/SAP/jenkins-library/cmd/whitesourceExecuteScan_generated.go:264.126,268.5 3 0
github.com/SAP/jenkins-library/cmd/whitesourceExecuteScan_generated.go:270.4,270.86 1 0
github.com/SAP/jenkins-library/cmd/whitesourceExecuteScan_generated.go:270.86,272.5 1 0
github.com/SAP/jenkins-library/cmd/whitesourceExecuteScan_generated.go:274.4,275.18 2 0
github.com/SAP/jenkins-library/cmd/whitesourceExecuteScan_generated.go:275.18,277.5 1 0
github.com/SAP/jenkins-library/cmd/whitesourceExecuteScan_generated.go:278.4,278.63 1 0
github.com/SAP/jenkins-library/cmd/whitesourceExecuteScan_generated.go:278.63,281.5 2 0
github.com/SAP/jenkins-library/cmd/whitesourceExecuteScan_generated.go:283.4,283.14 1 0
github.com/SAP/jenkins-library/cmd/whitesourceExecuteScan_generated.go:285.43,287.26 2 0
github.com/SAP/jenkins-library/cmd/whitesourceExecuteScan_generated.go:287.26,289.5 1 0
github.com/SAP/jenkins-library/cmd/whitesourceExecuteScan_generated.go:291.4,293.22 3 0
github.com/SAP/jenkins-library/cmd/whitesourceExecuteScan_generated.go:293.22,303.59 10 0
github.com/SAP/jenkins-library/cmd/whitesourceExecuteScan_generated.go:303.59,310.6 2 0
github.com/SAP/jenkins-library/cmd/whitesourceExecuteScan_generated.go:311.5,311.73 1 0
github.com/SAP/jenkins-library/cmd/whitesourceExecuteScan_generated.go:311.73,318.6 2 0
github.com/SAP/jenkins-library/cmd/whitesourceExecuteScan_generated.go:319.5,319.57 1 0
github.com/SAP/jenkins-library/cmd/whitesourceExecuteScan_generated.go:319.57,328.20 2 0
github.com/SAP/jenkins-library/cmd/whitesourceExecuteScan_generated.go:328.20,330.7 1 0
github.com/SAP/jenkins-library/cmd/whitesourceExecuteScan_generated.go:333.4,338.31 6 0
github.com/SAP/jenkins-library/cmd/whitesourceExecuteScan_generated.go:342.2,343.40 2 1
github.com/SAP/jenkins-library/cmd/whitesourceExecuteScan_generated.go:346.100,412.2 64 1
github.com/SAP/jenkins-library/cmd/whitesourceExecuteScan_generated.go:415.55,1157.2 2 1
github.com/SAP/jenkins-library/cmd/writePipelineEnv.go:23.40,32.51 5 0
github.com/SAP/jenkins-library/cmd/writePipelineEnv.go:32.51,38.18 5 0
github.com/SAP/jenkins-library/cmd/writePipelineEnv.go:38.18,41.5 2 0
github.com/SAP/jenkins-library/cmd/writePipelineEnv.go:42.4,43.43 2 0
github.com/SAP/jenkins-library/cmd/writePipelineEnv.go:46.48,47.25 1 0
github.com/SAP/jenkins-library/cmd/writePipelineEnv.go:47.25,49.19 2 0
github.com/SAP/jenkins-library/cmd/writePipelineEnv.go:49.19,51.6 1 0
github.com/SAP/jenkins-library/cmd/writePipelineEnv.go:52.5,52.11 1 0
github.com/SAP/jenkins-library/cmd/writePipelineEnv.go:54.4,55.18 2 0
github.com/SAP/jenkins-library/cmd/writePipelineEnv.go:55.18,57.5 1 0
github.com/SAP/jenkins-library/cmd/writePipelineEnv.go:61.2,63.25 3 0
github.com/SAP/jenkins-library/cmd/writePipelineEnv.go:66.78,68.16 2 0
github.com/SAP/jenkins-library/cmd/writePipelineEnv.go:68.16,70.3 1 0
github.com/SAP/jenkins-library/cmd/writePipelineEnv.go:71.2,71.23 1 0
github.com/SAP/jenkins-library/cmd/writePipelineEnv.go:71.23,73.3 1 0
github.com/SAP/jenkins-library/cmd/writePipelineEnv.go:75.2,75.18 1 0
github.com/SAP/jenkins-library/cmd/writePipelineEnv.go:75.18,76.79 1 0
github.com/SAP/jenkins-library/cmd/writePipelineEnv.go:76.79,78.4 1 0
github.com/SAP/jenkins-library/cmd/writePipelineEnv.go:81.2,82.16 2 0
github.com/SAP/jenkins-library/cmd/writePipelineEnv.go:82.16,84.3 1 0
github.com/SAP/jenkins-library/cmd/writePipelineEnv.go:86.2,86.58 1 0
github.com/SAP/jenkins-library/cmd/writePipelineEnv.go:86.58,88.3 1 0
github.com/SAP/jenkins-library/cmd/writePipelineEnv.go:90.2,90.12 1 0
github.com/SAP/jenkins-library/cmd/writePipelineEnv.go:93.34,94.62 1 0
github.com/SAP/jenkins-library/cmd/writePipelineEnv.go:94.62,96.3 1 0
github.com/SAP/jenkins-library/cmd/writePipelineEnv.go:97.2,97.29 1 0
github.com/SAP/jenkins-library/cmd/writePipelineEnv.go:100.69,101.20 1 0
github.com/SAP/jenkins-library/cmd/writePipelineEnv.go:101.20,103.3 1 0
github.com/SAP/jenkins-library/cmd/writePipelineEnv.go:104.2,105.51 2 0
github.com/SAP/jenkins-library/cmd/writePipelineEnv.go:108.55,112.59 4 0
github.com/SAP/jenkins-library/cmd/writePipelineEnv.go:112.59,114.3 1 0
github.com/SAP/jenkins-library/cmd/writePipelineEnv.go:115.2,115.31 1 0
github.com/SAP/jenkins-library/cmd/writePipelineEnv.go:118.66,120.64 2 0
github.com/SAP/jenkins-library/cmd/writePipelineEnv.go:120.64,122.3 1 0
github.com/SAP/jenkins-library/cmd/writePipelineEnv.go:124.2,125.16 2 0
github.com/SAP/jenkins-library/cmd/writePipelineEnv.go:125.16,127.3 1 0
github.com/SAP/jenkins-library/cmd/writePipelineEnv.go:128.2,128.38 1 0
github.com/SAP/jenkins-library/cmd/writePipelineEnv.go:134.46,136.21 2 0
github.com/SAP/jenkins-library/cmd/writePipelineEnv.go:136.21,138.3 1 0
github.com/SAP/jenkins-library/cmd/writePipelineEnv.go:140.2,147.66 5 0
github.com/SAP/jenkins-library/cmd/writePipelineEnv.go:147.66,149.3 1 0
github.com/SAP/jenkins-library/cmd/writePipelineEnv.go:151.2,151.52 1 0
github.com/SAP/jenkins-library/cmd/xsDeploy.go:34.50,35.13 1 1
github.com/SAP/jenkins-library/cmd/xsDeploy.go:36.14,37.23 1 0
github.com/SAP/jenkins-library/cmd/xsDeploy.go:38.16,39.21 1 1
github.com/SAP/jenkins-library/cmd/xsDeploy.go:40.19,41.23 1 1
github.com/SAP/jenkins-library/cmd/xsDeploy.go:42.10,43.76 1 0
github.com/SAP/jenkins-library/cmd/xsDeploy.go:48.37,54.2 1 1
github.com/SAP/jenkins-library/cmd/xsDeploy.go:71.48,72.13 1 1
github.com/SAP/jenkins-library/cmd/xsDeploy.go:73.14,74.19 1 1
github.com/SAP/jenkins-library/cmd/xsDeploy.go:75.16,76.21 1 0
github.com/SAP/jenkins-library/cmd/xsDeploy.go:77.15,78.20 1 1
github.com/SAP/jenkins-library/cmd/xsDeploy.go:79.15,80.20 1 1
github.com/SAP/jenkins-library/cmd/xsDeploy.go:82.10,83.68 1 0
github.com/SAP/jenkins-library/cmd/xsDeploy.go:88.33,95.2 1 1
github.com/SAP/jenkins-library/cmd/xsDeploy.go:111.129,115.16 4 0
github.com/SAP/jenkins-library/cmd/xsDeploy.go:115.16,119.3 1 0
github.com/SAP/jenkins-library/cmd/xsDeploy.go:125.26,128.16 2 1
github.com/SAP/jenkins-library/cmd/xsDeploy.go:128.16,130.3 1 0
github.com/SAP/jenkins-library/cmd/xsDeploy.go:132.2,132.22 1 1
github.com/SAP/jenkins-library/cmd/xsDeploy.go:132.22,135.3 2 0
github.com/SAP/jenkins-library/cmd/xsDeploy.go:137.2,138.16 2 1
github.com/SAP/jenkins-library/cmd/xsDeploy.go:138.16,140.3 1 0
github.com/SAP/jenkins-library/cmd/xsDeploy.go:142.2,142.38 1 1
github.com/SAP/jenkins-library/cmd/xsDeploy.go:142.38,144.3 1 1
github.com/SAP/jenkins-library/cmd/xsDeploy.go:146.2,152.2 5 1
github.com/SAP/jenkins-library/cmd/xsDeploy.go:152.2,154.15 2 1
github.com/SAP/jenkins-library/cmd/xsDeploy.go:154.15,156.4 1 0
github.com/SAP/jenkins-library/cmd/xsDeploy.go:157.3,157.32 1 1
github.com/SAP/jenkins-library/cmd/xsDeploy.go:157.32,159.4 1 1
github.com/SAP/jenkins-library/cmd/xsDeploy.go:162.2,162.61 1 1
github.com/SAP/jenkins-library/cmd/xsDeploy.go:162.61,164.3 1 1
github.com/SAP/jenkins-library/cmd/xsDeploy.go:166.2,177.12 8 1
github.com/SAP/jenkins-library/cmd/xsDeploy.go:177.12,180.44 3 1
github.com/SAP/jenkins-library/cmd/xsDeploy.go:180.44,182.4 1 0
github.com/SAP/jenkins-library/cmd/xsDeploy.go:183.3,184.12 2 1
github.com/SAP/jenkins-library/cmd/xsDeploy.go:187.2,187.12 1 1
github.com/SAP/jenkins-library/cmd/xsDeploy.go:187.12,190.44 3 1
github.com/SAP/jenkins-library/cmd/xsDeploy.go:190.44,192.4 1 0
github.com/SAP/jenkins-library/cmd/xsDeploy.go:193.3,194.12 2 1
github.com/SAP/jenkins-library/cmd/xsDeploy.go:197.2,200.44 3 1
github.com/SAP/jenkins-library/cmd/xsDeploy.go:200.44,202.3 1 1
github.com/SAP/jenkins-library/cmd/xsDeploy.go:204.2,204.18 1 1
github.com/SAP/jenkins-library/cmd/xsDeploy.go:204.18,206.22 2 1
github.com/SAP/jenkins-library/cmd/xsDeploy.go:206.22,208.4 1 1
github.com/SAP/jenkins-library/cmd/xsDeploy.go:211.2,211.35 1 1
github.com/SAP/jenkins-library/cmd/xsDeploy.go:211.35,213.3 1 1
github.com/SAP/jenkins-library/cmd/xsDeploy.go:213.3,215.16 2 1
github.com/SAP/jenkins-library/cmd/xsDeploy.go:215.16,217.5 1 0
github.com/SAP/jenkins-library/cmd/xsDeploy.go:218.4,218.15 1 1
github.com/SAP/jenkins-library/cmd/xsDeploy.go:218.15,220.5 1 0
github.com/SAP/jenkins-library/cmd/xsDeploy.go:223.3,225.17 2 1
github.com/SAP/jenkins-library/cmd/xsDeploy.go:226.29,227.64 1 1
github.com/SAP/jenkins-library/cmd/xsDeploy.go:228.11,229.42 1 1
github.com/SAP/jenkins-library/cmd/xsDeploy.go:233.2,233.54 1 1
github.com/SAP/jenkins-library/cmd/xsDeploy.go:233.54,234.66 1 1
github.com/SAP/jenkins-library/cmd/xsDeploy.go:234.66,235.18 1 0
github.com/SAP/jenkins-library/cmd/xsDeploy.go:235.18,237.5 1 0
github.com/SAP/jenkins-library/cmd/xsDeploy.go:238.9,242.45 1 1
github.com/SAP/jenkins-library/cmd/xsDeploy.go:242.45,244.5 1 0
github.com/SAP/jenkins-library/cmd/xsDeploy.go:245.4,245.93 1 1
github.com/SAP/jenkins-library/cmd/xsDeploy.go:247.8,248.22 1 1
github.com/SAP/jenkins-library/cmd/xsDeploy.go:248.22,250.4 1 1
github.com/SAP/jenkins-library/cmd/xsDeploy.go:250.9,250.28 1 1
github.com/SAP/jenkins-library/cmd/xsDeploy.go:250.28,252.4 1 1
github.com/SAP/jenkins-library/cmd/xsDeploy.go:255.2,255.16 1 1
github.com/SAP/jenkins-library/cmd/xsDeploy.go:255.16,257.3 1 1
github.com/SAP/jenkins-library/cmd/xsDeploy.go:259.2,259.16 1 1
github.com/SAP/jenkins-library/cmd/xsDeploy.go:259.16,260.84 1 1
github.com/SAP/jenkins-library/cmd/xsDeploy.go:260.84,262.4 1 0
github.com/SAP/jenkins-library/cmd/xsDeploy.go:265.2,270.56 4 1
github.com/SAP/jenkins-library/cmd/xsDeploy.go:270.56,272.59 2 1
github.com/SAP/jenkins-library/cmd/xsDeploy.go:272.59,274.4 1 1
github.com/SAP/jenkins-library/cmd/xsDeploy.go:275.3,275.61 1 1
github.com/SAP/jenkins-library/cmd/xsDeploy.go:278.2,278.16 1 1
github.com/SAP/jenkins-library/cmd/xsDeploy.go:278.16,280.3 1 1
github.com/SAP/jenkins-library/cmd/xsDeploy.go:282.2,282.57 1 1
github.com/SAP/jenkins-library/cmd/xsDeploy.go:282.57,283.17 1 0
github.com/SAP/jenkins-library/cmd/xsDeploy.go:283.17,285.4 1 0
github.com/SAP/jenkins-library/cmd/xsDeploy.go:288.2,288.12 1 1
github.com/SAP/jenkins-library/cmd/xsDeploy.go:291.75,296.57 4 1
github.com/SAP/jenkins-library/cmd/xsDeploy.go:296.57,298.3 1 1
github.com/SAP/jenkins-library/cmd/xsDeploy.go:299.2,299.10 1 1
github.com/SAP/jenkins-library/cmd/xsDeploy.go:302.37,304.48 1 1
github.com/SAP/jenkins-library/cmd/xsDeploy.go:304.48,309.15 3 0
github.com/SAP/jenkins-library/cmd/xsDeploy.go:309.15,311.4 1 0
github.com/SAP/jenkins-library/cmd/xsDeploy.go:313.3,313.25 1 0
github.com/SAP/jenkins-library/cmd/xsDeploy.go:313.25,315.4 1 0
github.com/SAP/jenkins-library/cmd/xsDeploy.go:317.3,317.36 1 0
github.com/SAP/jenkins-library/cmd/xsDeploy.go:317.36,320.79 3 0
github.com/SAP/jenkins-library/cmd/xsDeploy.go:320.79,321.9 1 0
github.com/SAP/jenkins-library/cmd/xsDeploy.go:321.9,322.39 1 0
github.com/SAP/jenkins-library/cmd/xsDeploy.go:322.39,323.22 1 0
github.com/SAP/jenkins-library/cmd/xsDeploy.go:323.22,324.13 1 0
github.com/SAP/jenkins-library/cmd/xsDeploy.go:326.7,326.15 1 0
github.com/SAP/jenkins-library/cmd/xsDeploy.go:327.12,329.7 1 0
github.com/SAP/jenkins-library/cmd/xsDeploy.go:331.10,333.5 1 0
github.com/SAP/jenkins-library/cmd/xsDeploy.go:335.8,337.3 1 1
github.com/SAP/jenkins-library/cmd/xsDeploy.go:338.2,338.12 1 1
github.com/SAP/jenkins-library/cmd/xsDeploy.go:341.60,345.29 4 1
github.com/SAP/jenkins-library/cmd/xsDeploy.go:345.29,347.24 2 1
github.com/SAP/jenkins-library/cmd/xsDeploy.go:347.24,349.9 2 1
github.com/SAP/jenkins-library/cmd/xsDeploy.go:353.2,353.26 1 1
github.com/SAP/jenkins-library/cmd/xsDeploy.go:353.26,355.3 1 1
github.com/SAP/jenkins-library/cmd/xsDeploy.go:355.8,357.3 1 1
github.com/SAP/jenkins-library/cmd/xsDeploy.go:359.2,359.20 1 1
github.com/SAP/jenkins-library/cmd/xsDeploy.go:362.76,367.73 2 1
github.com/SAP/jenkins-library/cmd/xsDeploy.go:367.73,370.3 2 1
github.com/SAP/jenkins-library/cmd/xsDeploy.go:372.2,375.12 2 1
github.com/SAP/jenkins-library/cmd/xsDeploy.go:378.77,382.75 2 1
github.com/SAP/jenkins-library/cmd/xsDeploy.go:382.75,384.3 1 0
github.com/SAP/jenkins-library/cmd/xsDeploy.go:385.2,387.12 2 1
github.com/SAP/jenkins-library/cmd/xsDeploy.go:390.92,393.16 2 1
github.com/SAP/jenkins-library/cmd/xsDeploy.go:393.16,395.3 1 0
github.com/SAP/jenkins-library/cmd/xsDeploy.go:397.2,403.131 3 1
github.com/SAP/jenkins-library/cmd/xsDeploy.go:403.131,405.3 1 0
github.com/SAP/jenkins-library/cmd/xsDeploy.go:406.2,408.12 2 1
github.com/SAP/jenkins-library/cmd/xsDeploy.go:411.96,423.82 4 1
github.com/SAP/jenkins-library/cmd/xsDeploy.go:423.82,425.3 1 0
github.com/SAP/jenkins-library/cmd/xsDeploy.go:427.2,427.12 1 1
github.com/SAP/jenkins-library/cmd/xsDeploy.go:430.112,433.14 2 1
github.com/SAP/jenkins-library/cmd/xsDeploy.go:433.14,435.3 1 0
github.com/SAP/jenkins-library/cmd/xsDeploy.go:437.2,438.58 2 1
github.com/SAP/jenkins-library/cmd/xsDeploy.go:438.58,440.3 1 0
github.com/SAP/jenkins-library/cmd/xsDeploy.go:441.2,441.61 1 1
github.com/SAP/jenkins-library/cmd/xsDeploy.go:441.61,443.3 1 1
github.com/SAP/jenkins-library/cmd/xsDeploy.go:445.2,445.12 1 1
github.com/SAP/jenkins-library/cmd/xsDeploy.go:448.88,451.53 3 1
github.com/SAP/jenkins-library/cmd/xsDeploy.go:451.53,453.3 1 0
github.com/SAP/jenkins-library/cmd/xsDeploy.go:454.2,455.12 2 1
github.com/SAP/jenkins-library/cmd/xsDeploy.go:458.88,469.53 3 1
github.com/SAP/jenkins-library/cmd/xsDeploy.go:469.53,471.3 1 0
github.com/SAP/jenkins-library/cmd/xsDeploy.go:472.2,473.12 2 1
github.com/SAP/jenkins-library/cmd/xsDeploy.go:477.45,478.11 1 1
github.com/SAP/jenkins-library/cmd/xsDeploy.go:479.28,480.42 1 1
github.com/SAP/jenkins-library/cmd/xsDeploy.go:482.2,482.69 1 0
github.com/SAP/jenkins-library/cmd/xsDeploy.go:487.56,489.11 1 1
github.com/SAP/jenkins-library/cmd/xsDeploy.go:490.14,491.23 1 1
github.com/SAP/jenkins-library/cmd/xsDeploy.go:492.16,493.26 1 1
github.com/SAP/jenkins-library/cmd/xsDeploy.go:495.2,495.69 1 0
github.com/SAP/jenkins-library/cmd/xsDeploy_generated.go:41.80,51.32 3 0
github.com/SAP/jenkins-library/cmd/xsDeploy_generated.go:51.32,53.17 2 0
github.com/SAP/jenkins-library/cmd/xsDeploy_generated.go:53.17,56.4 2 0
github.com/SAP/jenkins-library/cmd/xsDeploy_generated.go:58.2,58.18 1 0
github.com/SAP/jenkins-library/cmd/xsDeploy_generated.go:58.18,60.3 1 0
github.com/SAP/jenkins-library/cmd/xsDeploy_generated.go:64.39,79.55 9 1
github.com/SAP/jenkins-library/cmd/xsDeploy_generated.go:79.55,87.18 6 0
github.com/SAP/jenkins-library/cmd/xsDeploy_generated.go:87.18,89.5 1 0
github.com/SAP/jenkins-library/cmd/xsDeploy_generated.go:90.4,94.18 4 0
github.com/SAP/jenkins-library/cmd/xsDeploy_generated.go:94.18,97.5 2 0
github.com/SAP/jenkins-library/cmd/xsDeploy_generated.go:98.4,101.58 3 0
github.com/SAP/jenkins-library/cmd/xsDeploy_generated.go:101.58,104.5 2 0
github.com/SAP/jenkins-library/cmd/xsDeploy_generated.go:106.4,106.126 1 0
github.com/SAP/jenkins-library/cmd/xsDeploy_generated.go:106.126,110.5 3 0
github.com/SAP/jenkins-library/cmd/xsDeploy_generated.go:112.4,112.86 1 0
github.com/SAP/jenkins-library/cmd/xsDeploy_generated.go:112.86,114.5 1 0
github.com/SAP/jenkins-library/cmd/xsDeploy_generated.go:116.4,117.18 2 0
github.com/SAP/jenkins-library/cmd/xsDeploy_generated.go:117.18,119.5 1 0
github.com/SAP/jenkins-library/cmd/xsDeploy_generated.go:120.4,120.63 1 0
github.com/SAP/jenkins-library/cmd/xsDeploy_generated.go:120.63,123.5 2 0
github.com/SAP/jenkins-library/cmd/xsDeploy_generated.go:125.4,125.14 1 0
github.com/SAP/jenkins-library/cmd/xsDeploy_generated.go:127.43,129.26 2 0
github.com/SAP/jenkins-library/cmd/xsDeploy_generated.go:129.26,131.5 1 0
github.com/SAP/jenkins-library/cmd/xsDeploy_generated.go:133.4,135.22 3 0
github.com/SAP/jenkins-library/cmd/xsDeploy_generated.go:135.22,143.59 8 0
github.com/SAP/jenkins-library/cmd/xsDeploy_generated.go:143.59,150.6 2 0
github.com/SAP/jenkins-library/cmd/xsDeploy_generated.go:151.5,151.73 1 0
github.com/SAP/jenkins-library/cmd/xsDeploy_generated.go:151.73,158.6 2 0
github.com/SAP/jenkins-library/cmd/xsDeploy_generated.go:159.5,159.57 1 0
github.com/SAP/jenkins-library/cmd/xsDeploy_generated.go:159.57,168.20 2 0
github.com/SAP/jenkins-library/cmd/xsDeploy_generated.go:168.20,170.7 1 0
github.com/SAP/jenkins-library/cmd/xsDeploy_generated.go:173.4,178.31 6 0
github.com/SAP/jenkins-library/cmd/xsDeploy_generated.go:182.2,183.26 2 1
github.com/SAP/jenkins-library/cmd/xsDeploy_generated.go:186.72,209.2 21 1
github.com/SAP/jenkins-library/cmd/xsDeploy_generated.go:212.41,383.2 2 1
